2020-04-08 15:07:34 INFO    GTAnalysis.__init__(): 
--------------------------------------------------------------------------------
fermipy version 0.18.1 
ScienceTools version unknown
2020-04-08 15:07:34 DEBUG   GTAnalysis.print_config(): Configuration:
binning:
  binsperdec: 8.0
  binsz: 0.01
  coordsys: CEL
  enumbins: null
  hpx_ebin: true
  hpx_order: 10
  hpx_ordering_scheme: RING
  npix: null
  proj: AIT
  projtype: WCS
  roiwidth: 1.0
components: []
data:
  cacheft1: true
  evfile: ft1.fits
  ltcube: null
  scfile: ft2.fits
extension:
  fit_ebin: false
  fit_position: false
  fix_shape: false
  free_background: false
  free_radius: null
  make_plots: false
  make_tsmap: true
  psf_scale_fn: null
  save_model_map: false
  spatial_model: RadialGaussian
  sqrt_ts_threshold: null
  tsmap_fitter: tsmap
  update: false
  width: []
  width_max: 1.0
  width_min: 0.01
  width_nstep: 21
  write_fits: true
  write_npy: true
fileio:
  logfile: fermipy.log
  outdir: /home/mpotto/Pesquisa/astroph/assignments/fermi-runs/gc10_080420
  outdir_regex:
  - \.fits$|\.fit$|\.xml$|\.npy$|\.png$|\.pdf$|\.yaml$
  savefits: false
  scratchdir: /scratch
  usescratch: false
  workdir: null
  workdir_regex:
  - \.fits$|\.fit$|\.xml$|\.npy$
gtlike:
  bexpmap: null
  bexpmap_base: null
  bexpmap_roi: null
  bexpmap_roi_base: null
  convolve: true
  edisp: true
  edisp_bins: -1
  edisp_disable:
  - isodiff
  - galdiff
  expscale: null
  irfs: P8R2_SOURCE_V6
  llscan_npts: 20
  minbinsz: 0.05
  resample: true
  rfactor: 2
  src_expscale: {}
  srcmap: null
  srcmap_base: null
  use_external_srcmap: false
  use_scaled_srcmap: false
  wmap: null
lightcurve:
  binsz: 86400.0
  free_background: false
  free_params: []
  free_radius: null
  free_sources: []
  make_plots: false
  max_free_sources: 5
  multithread: false
  nbins: null
  nthread: null
  outdir: null
  save_bin_data: true
  shape_ts_threshold: 16.0
  systematic: 0.02
  time_bins: []
  use_local_ltcube: true
  use_scaled_srcmap: false
  write_fits: true
  write_npy: true
localize:
  dtheta_max: 0.5
  fix_shape: false
  free_background: false
  free_radius: null
  make_plots: false
  nstep: 5
  tsmap_fitter: tsmap
  update: true
  write_fits: true
  write_npy: true
logging:
  chatter: 3
  prefix: ''
  verbosity: 3
ltcube:
  binsz: 1.0
  dcostheta: 0.025
  phibins: 0
  use_local_ltcube: false
mc:
  seed: null
model:
  assoc_xmatch_columns:
  - 3FGL_Name
  catalogs:
  - 4FGL
  diffuse: []
  diffuse_dir: []
  diffuse_xml: []
  extdir: null
  extract_diffuse: false
  galdiff:
  - $FERMI_DIFFUSE_DIR/gll_iem_v07.fits
  isodiff:
  - iso_P8R2_SOURCE_V6_v06.txt
  limbdiff: []
  merge_sources: true
  sources: []
  src_radius: null
  src_radius_roi: null
  src_roiwidth: 1.0
optimizer:
  init_lambda: 0.0001
  max_iter: 100
  min_fit_quality: 2
  optimizer: MINUIT
  retries: 3
  tol: 0.001
  verbosity: 0
plotting:
  catalogs: []
  cmap: magma
  cmap_resid: RdBu_r
  figsize:
  - 8.0
  - 6.0
  format: png
  graticule_radii: []
  interactive: false
  label_ts_threshold: 0.0
  loge_bounds: []
residmap:
  exclude: []
  loge_bounds: []
  make_plots: false
  model: {}
  use_weights: false
  write_fits: true
  write_npy: true
roiopt:
  max_free_sources: 5
  npred_frac: 0.95
  npred_threshold: 1.0
  shape_ts_threshold: 25.0
  skip: []
sed:
  bin_index: 2.0
  cov_scale: 3.0
  free_background: false
  free_pars: []
  free_radius: null
  make_plots: false
  ul_confidence: 0.95
  use_local_index: false
  write_fits: true
  write_npy: true
selection:
  convtype: null
  dec: -28.9362
  emax: 300000.0
  emin: 300.0
  evclass: 128
  evtype: 3
  filter: null
  glat: null
  glon: null
  logemax: null
  logemin: null
  phasemax: null
  phasemin: null
  ra: 266.405
  radius: null
  roicut: 'no'
  target: null
  tmax: 381369602
  tmin: 378691203
  zmax: 90.0
sourcefind:
  free_params: []
  max_iter: 5
  min_separation: 1.0
  model: {}
  multithread: false
  nthread: null
  sources_per_iter: 4
  sqrt_ts_threshold: 5.0
  tsmap_fitter: tsmap
tscube:
  cov_scale: -1.0
  cov_scale_bb: -1.0
  do_sed: true
  exclude: []
  init_lambda: 0.0
  max_iter: 30
  model: {}
  nnorm: 10
  norm_sigma: 5.0
  remake_test_source: false
  st_scan_level: 0
  tol: 0.001
  tol_type: 0
tsmap:
  exclude: []
  loge_bounds: []
  make_plots: false
  max_kernel_radius: 3.0
  model: {}
  multithread: false
  nthread: null
  write_fits: true
  write_npy: true

2020-04-08 15:07:35 DEBUG   GTAnalysis._create_component(): Creating Analysis Component: 00
2020-04-08 15:07:35 DEBUG   GTBinnedAnalysis.__init__(): Automatically setting selection radius to 1.20710678119 deg
2020-04-08 15:07:35 DEBUG   GTBinnedAnalysis.print_config(): Configuration:
binning:
  binsperdec: 8.0
  binsz: 0.01
  coordsys: CEL
  enumbins: null
  hpx_ebin: true
  hpx_order: 10
  hpx_ordering_scheme: RING
  npix: null
  proj: AIT
  projtype: WCS
  roiwidth: 1.0
data:
  cacheft1: true
  evfile: ft1.fits
  ltcube: null
  scfile: ft2.fits
file_suffix: _00
fileio:
  logfile: fermipy.log
  outdir: /home/mpotto/Pesquisa/astroph/assignments/fermi-runs/gc10_080420
  outdir_regex:
  - \.fits$|\.fit$|\.xml$|\.npy$|\.png$|\.pdf$|\.yaml$
  savefits: false
  scratchdir: /scratch
  usescratch: false
  workdir: /home/mpotto/Pesquisa/astroph/assignments/fermi-runs/gc10_080420
  workdir_regex:
  - \.fits$|\.fit$|\.xml$|\.npy$
gtlike:
  bexpmap: null
  bexpmap_base: null
  bexpmap_roi: null
  bexpmap_roi_base: null
  convolve: true
  edisp: true
  edisp_bins: -1
  edisp_disable:
  - isodiff
  - galdiff
  expscale: null
  irfs: P8R2_SOURCE_V6
  llscan_npts: 20
  minbinsz: 0.05
  resample: true
  rfactor: 2
  src_expscale: {}
  srcmap: null
  srcmap_base: null
  use_external_srcmap: false
  use_scaled_srcmap: false
  wmap: null
logging:
  chatter: 3
  prefix: ''
  verbosity: 3
ltcube:
  binsz: 1.0
  dcostheta: 0.025
  phibins: 0
  use_local_ltcube: false
model:
  assoc_xmatch_columns:
  - 3FGL_Name
  catalogs:
  - 4FGL
  diffuse: []
  diffuse_dir: []
  diffuse_xml: []
  extdir: null
  extract_diffuse: false
  galdiff:
  - $FERMI_DIFFUSE_DIR/gll_iem_v07.fits
  isodiff:
  - iso_P8R2_SOURCE_V6_v06.txt
  limbdiff: []
  merge_sources: true
  sources: []
  src_radius: null
  src_radius_roi: null
  src_roiwidth: 1.0
name: '00'
selection:
  convtype: null
  dec: -28.9362
  emax: 300000.0
  emin: 300.0
  evclass: 128
  evtype: 3
  filter: null
  glat: null
  glon: null
  logemax: !!python/object/apply:numpy.core.multiarray.scalar
  - &id001 !!python/object/apply:numpy.dtype
    args:
    - f8
    - 0
    - 1
    state: !!python/tuple
    - 3
    - <
    - null
    - null
    - null
    - -1
    - -1
    - 0
  - !!binary |
    YP1keZLoFUA=
  logemin: !!python/object/apply:numpy.core.multiarray.scalar
  - *id001
  - !!binary |
    wPrJ8iTRA0A=
  phasemax: null
  phasemin: null
  ra: 266.405
  radius: 1.2071067811865475
  roicut: 'no'
  target: null
  tmax: 381369602
  tmin: 378691203
  zmax: 90.0

2020-04-08 15:07:35 INFO    GTAnalysis.setup(): Running setup.
2020-04-08 15:07:35 INFO    GTBinnedAnalysis.setup(): Running setup for component 00
2020-04-08 15:07:35 INFO    GTBinnedAnalysis.run_gtapp(): Running gtselect.
2020-04-08 15:07:35 INFO    GTBinnedAnalysis.run_gtapp(): time -p gtselect infile=ft1.fits outfile=/home/mpotto/Pesquisa/astroph/assignments/fermi-runs/gc10_080420/ft1_00.fits ra=266.405 dec=-28.9362 rad=1.20710678119 tmin=378691203.0 tmax=381369602.0 emin=300.0 emax=300000.0 zmin=0.0 zmax=90.0 evclass=128 evtype=3 convtype=-1 phasemin=0.0 phasemax=1.0 evtable="EVENTS" chatter=3 clobber=yes debug=no gui=no mode="ql"
2020-04-08 15:07:36 INFO    GTBinnedAnalysis.run_gtapp(): 
2020-04-08 15:07:36 INFO    GTBinnedAnalysis.run_gtapp(): WARNING: version mismatch between CFITSIO header (v3.43) and linked library (v3.41).
2020-04-08 15:07:36 INFO    GTBinnedAnalysis.run_gtapp(): 
2020-04-08 15:07:36 INFO    GTBinnedAnalysis.run_gtapp(): This is gtselect version HEAD
2020-04-08 15:07:36 INFO    GTBinnedAnalysis.run_gtapp(): Applying filter string: ((EVENT_CLASS&o200) != o0) && angsep(RA,DEC,266.405,-28.9362) < 1.207106781 && ((EVENT_TYPE&o3) != o0) && 300 < ENERGY && ENERGY <= 300000 && 378691203 < TIME && TIME <= 381369602 && 0 < ZENITH_ANGLE && ZENITH_ANGLE <= 90 && gtifilter()
2020-04-08 15:07:36 INFO    GTBinnedAnalysis.run_gtapp(): Done.
2020-04-08 15:07:36 INFO    GTBinnedAnalysis.run_gtapp(): Finished gtselect. Execution time: 0.59 s
2020-04-08 15:07:36 INFO    GTBinnedAnalysis._create_ltcube(): Skipping LT Cube.
2020-04-08 15:07:36 DEBUG   GTBinnedAnalysis.setup(): Loading LT Cube /home/mpotto/Pesquisa/astroph/assignments/fermi-runs/gc10_080420/ltcube_00.fits
2020-04-08 15:07:36 DEBUG   GTBinnedAnalysis.setup(): Creating PSF model
2020-04-08 15:07:36 INFO    GTBinnedAnalysis.run_gtapp(): Running gtbin.
2020-04-08 15:07:36 INFO    GTBinnedAnalysis.run_gtapp(): time -p gtbin evfile=/home/mpotto/Pesquisa/astroph/assignments/fermi-runs/gc10_080420/ft1_00.fits scfile=ft2.fits outfile=/home/mpotto/Pesquisa/astroph/assignments/fermi-runs/gc10_080420/ccube_00.fits algorithm="ccube" ebinalg="LOG" emin=300.0 emax=300000.0 enumbins=24 ebinfile=NONE tbinalg="LIN" tbinfile=NONE nxpix=100 nypix=100 binsz=0.01 coordsys="CEL" xref=266.405 yref=-28.9362 axisrot=0.0 rafield="RA" decfield="DEC" proj="AIT" hpx_ordering_scheme="RING" hpx_order=3 hpx_ebin=yes hpx_region="" evtable="EVENTS" sctable="SC_DATA" efield="ENERGY" tfield="TIME" chatter=3 clobber=yes debug=no gui=no mode="ql"
2020-04-08 15:07:37 INFO    GTBinnedAnalysis.run_gtapp(): 
2020-04-08 15:07:37 INFO    GTBinnedAnalysis.run_gtapp(): WARNING: version mismatch between CFITSIO header (v3.43) and linked library (v3.41).
2020-04-08 15:07:37 INFO    GTBinnedAnalysis.run_gtapp(): 
2020-04-08 15:07:37 INFO    GTBinnedAnalysis.run_gtapp(): This is gtbin version HEAD
2020-04-08 15:07:37 INFO    GTBinnedAnalysis.run_gtapp(): Finished gtbin. Execution time: 0.32 s
2020-04-08 15:07:37 INFO    GTBinnedAnalysis.run_gtapp(): Running gtexpcube2.
2020-04-08 15:07:37 INFO    GTBinnedAnalysis.run_gtapp(): time -p gtexpcube2 infile=/home/mpotto/Pesquisa/astroph/assignments/fermi-runs/gc10_080420/ltcube_00.fits cmap=none outfile=/home/mpotto/Pesquisa/astroph/assignments/fermi-runs/gc10_080420/bexpmap_00.fits irfs="P8R2_SOURCE_V6" evtype=3 edisp_bins=-1 nxpix=360 nypix=180 binsz=1.0 coordsys="CEL" xref=0.0 yref=0.0 axisrot=0.0 proj="CAR" ebinalg="LOG" emin=300.0 emax=300000.0 enumbins=24 ebinfile="NONE" hpx_ordering_scheme="RING" hpx_order=6 bincalc="EDGE" ignorephi=no thmax=180.0 thmin=0.0 table="EXPOSURE" chatter=3 clobber=yes debug=no mode="ql"
2020-04-08 15:07:42 INFO    GTBinnedAnalysis.run_gtapp(): 
2020-04-08 15:07:42 INFO    GTBinnedAnalysis.run_gtapp(): WARNING: version mismatch between CFITSIO header (v3.43) and linked library (v3.41).
2020-04-08 15:07:42 INFO    GTBinnedAnalysis.run_gtapp(): 
2020-04-08 15:07:42 INFO    GTBinnedAnalysis.run_gtapp(): This is gtexpcube2 version HEAD
2020-04-08 15:07:42 INFO    GTBinnedAnalysis.run_gtapp(): Using evtype=3 (i.e., FRONT/BACK irfs)
2020-04-08 15:07:42 INFO    GTBinnedAnalysis.run_gtapp(): ResponseFunctions::load: IRF used: P8R2_SOURCE_V6
2020-04-08 15:07:42 INFO    GTBinnedAnalysis.run_gtapp(): event_types:  0  1
2020-04-08 15:07:42 INFO    GTBinnedAnalysis.run_gtapp(): Computing binned exposure map....................!
2020-04-08 15:07:42 INFO    GTBinnedAnalysis.run_gtapp(): Finished gtexpcube2. Execution time: 5.52 s
2020-04-08 15:07:42 INFO    GTBinnedAnalysis.run_gtapp(): Running gtexpcube2.
2020-04-08 15:07:42 INFO    GTBinnedAnalysis.run_gtapp(): time -p gtexpcube2 infile=/home/mpotto/Pesquisa/astroph/assignments/fermi-runs/gc10_080420/ltcube_00.fits cmap=none outfile=/home/mpotto/Pesquisa/astroph/assignments/fermi-runs/gc10_080420/bexpmap_roi_00.fits irfs="P8R2_SOURCE_V6" evtype=3 edisp_bins=0 nxpix=100 nypix=100 binsz=0.01 coordsys="CEL" xref=266.405 yref=-28.9362 axisrot=0.0 proj="CAR" ebinalg="LOG" emin=300.0 emax=300000.0 enumbins=24 ebinfile="NONE" hpx_ordering_scheme="RING" hpx_order=6 bincalc="EDGE" ignorephi=no thmax=180.0 thmin=0.0 table="EXPOSURE" chatter=3 clobber=yes debug=no mode="ql"
2020-04-08 15:07:43 INFO    GTBinnedAnalysis.run_gtapp(): 
2020-04-08 15:07:43 INFO    GTBinnedAnalysis.run_gtapp(): WARNING: version mismatch between CFITSIO header (v3.43) and linked library (v3.41).
2020-04-08 15:07:43 INFO    GTBinnedAnalysis.run_gtapp(): 
2020-04-08 15:07:43 INFO    GTBinnedAnalysis.run_gtapp(): This is gtexpcube2 version HEAD
2020-04-08 15:07:43 INFO    GTBinnedAnalysis.run_gtapp(): Using evtype=3 (i.e., FRONT/BACK irfs)
2020-04-08 15:07:43 INFO    GTBinnedAnalysis.run_gtapp(): ResponseFunctions::load: IRF used: P8R2_SOURCE_V6
2020-04-08 15:07:43 INFO    GTBinnedAnalysis.run_gtapp(): event_types:  0  1
2020-04-08 15:07:43 INFO    GTBinnedAnalysis.run_gtapp(): Computing binned exposure map....................!
2020-04-08 15:07:43 INFO    GTBinnedAnalysis.run_gtapp(): Finished gtexpcube2. Execution time: 1.19 s
2020-04-08 15:07:43 INFO    GTBinnedAnalysis.run_gtapp(): Running gtsrcmaps.
2020-04-08 15:07:43 INFO    GTBinnedAnalysis.run_gtapp(): time -p gtsrcmaps scfile=ft2.fits sctable="SC_DATA" expcube=/home/mpotto/Pesquisa/astroph/assignments/fermi-runs/gc10_080420/ltcube_00.fits cmap=/home/mpotto/Pesquisa/astroph/assignments/fermi-runs/gc10_080420/ccube_00.fits srcmdl=/home/mpotto/Pesquisa/astroph/assignments/fermi-runs/gc10_080420/srcmdl_00.xml bexpmap=/home/mpotto/Pesquisa/astroph/assignments/fermi-runs/gc10_080420/bexpmap_00.fits wmap=none outfile=/home/mpotto/Pesquisa/astroph/assignments/fermi-runs/gc10_080420/srcmap_00.fits irfs="P8R2_SOURCE_V6" evtype=3 convol=yes resample=yes rfactor=2 minbinsz=0.05 ptsrc=yes psfcorr=yes emapbnds=no edisp_bins=-1 copyall=no chatter=3 clobber=yes debug=no gui=no mode="ql"
2020-04-08 15:19:01 INFO    GTBinnedAnalysis.run_gtapp(): 
2020-04-08 15:19:01 INFO    GTBinnedAnalysis.run_gtapp(): WARNING: version mismatch between CFITSIO header (v3.43) and linked library (v3.41).
2020-04-08 15:19:01 INFO    GTBinnedAnalysis.run_gtapp(): 
2020-04-08 15:19:01 INFO    GTBinnedAnalysis.run_gtapp(): This is gtsrcmaps version HEAD
2020-04-08 15:19:01 INFO    GTBinnedAnalysis.run_gtapp(): Using evtype=3 (i.e., FRONT/BACK irfs)
2020-04-08 15:19:01 INFO    GTBinnedAnalysis.run_gtapp(): ResponseFunctions::load: IRF used: P8R2_SOURCE_V6
2020-04-08 15:19:01 INFO    GTBinnedAnalysis.run_gtapp(): event_types:  0  1
2020-04-08 15:19:01 INFO    GTBinnedAnalysis.run_gtapp(): Creating source named 4FGL J1745.6-2859
2020-04-08 15:19:01 INFO    GTBinnedAnalysis.run_gtapp(): Creating source named 4FGL J1746.4-2852
2020-04-08 15:19:01 INFO    GTBinnedAnalysis.run_gtapp(): Creating source named isodiff
2020-04-08 15:19:01 INFO    GTBinnedAnalysis.run_gtapp(): Creating source named galdiff
2020-04-08 15:19:01 INFO    GTBinnedAnalysis.run_gtapp(): Generating SourceMap for 4FGL J1745.6-2859 25....................!
2020-04-08 15:19:01 INFO    GTBinnedAnalysis.run_gtapp(): Generating SourceMap for 4FGL J1746.4-2852 25....................!
2020-04-08 15:19:01 INFO    GTBinnedAnalysis.run_gtapp(): Generating SourceMap for galdiff 25....................!
2020-04-08 15:19:01 INFO    GTBinnedAnalysis.run_gtapp(): Generating SourceMap for isodiff 25....................!
2020-04-08 15:19:01 INFO    GTBinnedAnalysis.run_gtapp(): Finished gtsrcmaps. Execution time: 677.78 s
2020-04-08 15:19:01 INFO    GTBinnedAnalysis.setup(): Finished setup for component 00
2020-04-08 15:19:01 INFO    GTBinnedAnalysis._create_binned_analysis(): Creating BinnedAnalysis for component 00.
2020-04-08 15:19:01 DEBUG   GTBinnedAnalysis._create_binned_analysis(): Creating BinnedObs
2020-04-08 15:19:01 DEBUG   GTBinnedAnalysis._create_binned_analysis(): {'irfs': 'P8R2_SOURCE_V6', 'expCube': '/home/mpotto/Pesquisa/astroph/assignments/fermi-runs/gc10_080420/ltcube_00.fits', 'srcMaps': '/home/mpotto/Pesquisa/astroph/assignments/fermi-runs/gc10_080420/srcmap_00.fits', 'binnedExpMap': '/home/mpotto/Pesquisa/astroph/assignments/fermi-runs/gc10_080420/bexpmap_00.fits'}
2020-04-08 15:19:02 DEBUG   GTBinnedAnalysis._create_binned_analysis(): Creating BinnedAnalysis
2020-04-08 15:19:02 DEBUG   GTBinnedAnalysis._create_binned_analysis(): {'minbinsz': 0.05, 'convolve': True, 'optimizer': 'MINUIT', 'resamp_fact': 2, 'srcModel': '/home/mpotto/Pesquisa/astroph/assignments/fermi-runs/gc10_080420/srcmdl_00.xml', 'resample': True, 'edisp_bins': -1, 'wmap': None}
2020-04-08 15:19:09 DEBUG   GTBinnedAnalysis._create_binned_analysis(): Disabling energy dispersion for isodiff
2020-04-08 15:19:09 DEBUG   GTBinnedAnalysis._create_binned_analysis(): Disabling energy dispersion for galdiff
2020-04-08 15:19:09 DEBUG   GTBinnedAnalysis._create_binned_analysis(): Computing fixed weights
2020-04-08 15:19:09 DEBUG   GTBinnedAnalysis._create_binned_analysis(): Updating source maps
2020-04-08 15:19:09 INFO    GTAnalysis.setup(): Initializing source properties
2020-04-08 15:19:09 DEBUG   GTAnalysis.setup(): Initializing source 4FGL J1745.6-2859
2020-04-08 15:19:09 DEBUG   GTAnalysis.get_src_model(): Generating source dict for 4FGL J1745.6-2859
2020-04-08 15:19:09 DEBUG   GTAnalysis.setup(): Initializing source 4FGL J1746.4-2852
2020-04-08 15:19:09 DEBUG   GTAnalysis.get_src_model(): Generating source dict for 4FGL J1746.4-2852
2020-04-08 15:19:09 DEBUG   GTAnalysis.setup(): Initializing source galdiff
2020-04-08 15:19:09 DEBUG   GTAnalysis.get_src_model(): Generating source dict for galdiff
2020-04-08 15:19:14 DEBUG   GTAnalysis.setup(): Initializing source isodiff
2020-04-08 15:19:14 DEBUG   GTAnalysis.get_src_model(): Generating source dict for isodiff
2020-04-08 15:19:14 INFO    GTAnalysis.setup(): Finished setup.
2020-04-08 15:20:03 INFO    GTAnalysis.optimize(): Starting
2020-04-08 15:20:03 DEBUG   GTAnalysis.optimize(): LogLike: -5881.800107
2020-04-08 15:20:03 DEBUG   GTAnalysis.free_source(): Freeing parameters for galdiff               : ['Prefactor']
2020-04-08 15:20:03 DEBUG   GTAnalysis.free_source(): Freeing parameters for 4FGL J1745.6-2859     : ['norm']
2020-04-08 15:20:03 DEBUG   GTAnalysis.free_source(): Freeing parameters for 4FGL J1746.4-2852     : ['norm']
2020-04-08 15:20:03 DEBUG   GTAnalysis.fit(): Starting fit.
2020-04-08 15:20:03 DEBUG   GTAnalysis.fit(): Fit complete.
2020-04-08 15:20:03 DEBUG   GTAnalysis.get_src_model(): Generating source dict for 4FGL J1745.6-2859
2020-04-08 15:20:03 DEBUG   GTAnalysis.profile_norm(): Profiling 4FGL J1745.6-2859
2020-04-08 15:20:03 DEBUG   GTAnalysis.profile_norm(): Finished
2020-04-08 15:20:03 DEBUG   GTAnalysis.get_src_model(): Generating source dict for 4FGL J1746.4-2852
2020-04-08 15:20:03 DEBUG   GTAnalysis.profile_norm(): Profiling 4FGL J1746.4-2852
2020-04-08 15:20:03 DEBUG   GTAnalysis.profile_norm(): Finished
2020-04-08 15:20:03 DEBUG   GTAnalysis.get_src_model(): Generating source dict for galdiff
2020-04-08 15:20:03 DEBUG   GTAnalysis.profile_norm(): Profiling galdiff
2020-04-08 15:20:03 DEBUG   GTAnalysis.profile_norm(): Finished
2020-04-08 15:20:03 DEBUG   GTAnalysis.fit(): Fit returned successfully. Quality:   3 Status:   0
2020-04-08 15:20:03 DEBUG   GTAnalysis.fit(): LogLike:    -5881.034 DeltaLogLike:        0.766 
2020-04-08 15:20:03 DEBUG   GTAnalysis.free_source(): Fixing parameters for 4FGL J1745.6-2859     : ['norm']
2020-04-08 15:20:03 DEBUG   GTAnalysis.free_source(): Fixing parameters for 4FGL J1746.4-2852     : ['norm']
2020-04-08 15:20:03 DEBUG   GTAnalysis.free_source(): Fixing parameters for galdiff               : ['Prefactor']
2020-04-08 15:20:03 DEBUG   GTAnalysis.optimize(): Fitting isodiff npred:      2.460 TS:        nan
2020-04-08 15:20:03 DEBUG   GTAnalysis.free_source(): Freeing parameters for isodiff               : ['Normalization']
2020-04-08 15:20:03 DEBUG   GTAnalysis.fit(): Starting fit.
2020-04-08 15:20:03 DEBUG   GTAnalysis.fit(): Fit complete.
2020-04-08 15:20:03 DEBUG   GTAnalysis.get_src_model(): Generating source dict for isodiff
2020-04-08 15:20:03 DEBUG   GTAnalysis.profile_norm(): Profiling isodiff
2020-04-08 15:20:03 DEBUG   GTAnalysis.profile_norm(): Finished
2020-04-08 15:20:03 DEBUG   GTAnalysis.fit(): Fit returned successfully. Quality:   3 Status:   0
2020-04-08 15:20:03 DEBUG   GTAnalysis.fit(): LogLike:    -5880.373 DeltaLogLike:        0.660 
2020-04-08 15:20:03 DEBUG   GTAnalysis.optimize(): Post-fit Results npred:     33.618 TS:      1.542
2020-04-08 15:20:03 DEBUG   GTAnalysis.free_source(): Fixing parameters for isodiff               : ['Normalization']
2020-04-08 15:20:03 DEBUG   GTAnalysis.optimize(): Fitting shape galdiff TS:    266.996
2020-04-08 15:20:03 DEBUG   GTAnalysis.free_source(): Freeing parameters for galdiff               : ['Prefactor', 'Index']
2020-04-08 15:20:03 DEBUG   GTAnalysis.fit(): Starting fit.
2020-04-08 15:20:03 DEBUG   GTAnalysis.fit(): Fit complete.
2020-04-08 15:20:03 DEBUG   GTAnalysis.get_src_model(): Generating source dict for galdiff
2020-04-08 15:20:03 DEBUG   GTAnalysis.profile_norm(): Profiling galdiff
2020-04-08 15:20:03 DEBUG   GTAnalysis.free_source(): Fixing parameters for galdiff               : ['Index']
2020-04-08 15:20:03 DEBUG   GTAnalysis.profile_norm(): Finished
2020-04-08 15:20:03 DEBUG   GTAnalysis.fit(): Fit returned successfully. Quality:   3 Status:   0
2020-04-08 15:20:03 DEBUG   GTAnalysis.fit(): LogLike:    -5879.831 DeltaLogLike:        0.543 
2020-04-08 15:20:03 DEBUG   GTAnalysis.free_source(): Fixing parameters for galdiff               : ['Prefactor', 'Index']
2020-04-08 15:20:03 DEBUG   GTAnalysis.optimize(): Fitting shape 4FGL J1745.6-2859 TS:     69.176
2020-04-08 15:20:03 DEBUG   GTAnalysis.free_source(): Freeing parameters for 4FGL J1745.6-2859     : ['norm', 'alpha', 'beta']
2020-04-08 15:20:03 DEBUG   GTAnalysis.fit(): Starting fit.
2020-04-08 15:20:03 DEBUG   GTAnalysis.fit(): Fit complete.
2020-04-08 15:20:03 DEBUG   GTAnalysis.get_src_model(): Generating source dict for 4FGL J1745.6-2859
2020-04-08 15:20:03 DEBUG   GTAnalysis.profile_norm(): Profiling 4FGL J1745.6-2859
2020-04-08 15:20:03 DEBUG   GTAnalysis.free_source(): Fixing parameters for 4FGL J1745.6-2859     : ['alpha', 'beta']
2020-04-08 15:20:03 DEBUG   GTAnalysis.profile_norm(): Finished
2020-04-08 15:20:03 DEBUG   GTAnalysis.fit(): Fit returned successfully. Quality:   3 Status:   0
2020-04-08 15:20:03 DEBUG   GTAnalysis.fit(): LogLike:    -5874.060 DeltaLogLike:        5.770 
2020-04-08 15:20:03 DEBUG   GTAnalysis.free_source(): Fixing parameters for 4FGL J1745.6-2859     : ['norm', 'alpha', 'beta']
2020-04-08 15:20:03 INFO    GTAnalysis.optimize(): Finished
2020-04-08 15:20:03 INFO    GTAnalysis.optimize(): LogLike: -5874.060314 Delta-LogLike: 7.739792
2020-04-08 15:20:03 INFO    GTAnalysis.optimize(): Execution time: 0.21 s
2020-04-08 15:20:05 INFO    GTAnalysis.print_roi(): 
name                SpatialModel   SpectrumType     offset        ts       npred
--------------------------------------------------------------------------------
4FGL J1745.6-2859   PointSource    LogParabola       0.061    174.26       281.7
4FGL J1746.4-2852   PointSource    LogParabola       0.190      2.50        37.0
isodiff             ConstantValue  FileFunction      -----      1.54        33.6
galdiff             MapCubeFunctio PowerLaw          -----   1108.75       705.2

2020-04-08 15:20:08 INFO    GTBinnedAnalysis.write_xml(): Writing /home/mpotto/Pesquisa/astroph/assignments/fermi-runs/gc10_080420/prefit-model_00.xml...
2020-04-08 15:20:08 INFO    GTAnalysis.write_fits(): Writing /home/mpotto/Pesquisa/astroph/assignments/fermi-runs/gc10_080420/prefit-model.fits...
2020-04-08 15:20:09 INFO    GTAnalysis.write_roi(): Writing /home/mpotto/Pesquisa/astroph/assignments/fermi-runs/gc10_080420/prefit-model.npy...
2020-04-08 15:20:12 INFO    GTAnalysis.free_source(): Freeing parameters for galdiff               : ['Prefactor', 'Index']
2020-04-08 15:20:12 INFO    GTAnalysis.free_source(): Freeing parameters for isodiff               : ['Normalization']
2020-04-08 15:20:12 INFO    GTAnalysis.fit(): Starting fit.
2020-04-08 15:20:12 DEBUG   GTAnalysis.fit(): Fit complete.
2020-04-08 15:20:12 DEBUG   GTAnalysis.get_src_model(): Generating source dict for galdiff
2020-04-08 15:20:12 DEBUG   GTAnalysis.profile_norm(): Profiling galdiff
2020-04-08 15:20:12 DEBUG   GTAnalysis.free_source(): Fixing parameters for galdiff               : ['Index']
2020-04-08 15:20:12 DEBUG   GTAnalysis.profile_norm(): Finished
2020-04-08 15:20:12 DEBUG   GTAnalysis.get_src_model(): Generating source dict for isodiff
2020-04-08 15:20:12 DEBUG   GTAnalysis.profile_norm(): Profiling isodiff
2020-04-08 15:20:12 DEBUG   GTAnalysis.free_source(): Fixing parameters for galdiff               : ['Index']
2020-04-08 15:20:12 DEBUG   GTAnalysis.profile_norm(): Finished
2020-04-08 15:20:12 INFO    GTAnalysis.fit(): Fit returned successfully. Quality:   3 Status:   0
2020-04-08 15:20:12 INFO    GTAnalysis.fit(): LogLike:    -5873.312 DeltaLogLike:        0.749 
2020-04-08 15:20:14 INFO    GTBinnedAnalysis.write_xml(): Writing /home/mpotto/Pesquisa/astroph/assignments/fermi-runs/gc10_080420/fit_model_00.xml...
2020-04-08 15:20:14 INFO    GTAnalysis.write_fits(): Writing /home/mpotto/Pesquisa/astroph/assignments/fermi-runs/gc10_080420/fit_model.fits...
2020-04-08 15:20:14 INFO    GTAnalysis.write_roi(): Writing /home/mpotto/Pesquisa/astroph/assignments/fermi-runs/gc10_080420/fit_model.npy...
2020-04-08 15:20:15 INFO    GTAnalysis.residmap(): Generating residual maps
2020-04-08 15:20:15 INFO    GTAnalysis.add_source(): Adding source residmap_testsource
2020-04-08 15:20:16 INFO    GTAnalysis.delete_source(): Deleting source residmap_testsource
2020-04-08 15:20:16 DEBUG   GTBinnedAnalysis.delete_source(): Deleting source residmap_testsource
2020-04-08 15:20:18 INFO    GTAnalysis.residmap(): Finished residual maps
2020-04-08 15:20:18 INFO    GTAnalysis.residmap(): Execution time: 2.92 s
2020-04-08 15:20:18 INFO    GTAnalysis.tsmap(): Generating TS map
2020-04-08 15:20:18 DEBUG   GTAnalysis.add_source(): Adding source tsmap_testsource
2020-04-08 15:20:19 DEBUG   GTAnalysis.delete_source(): Deleting source tsmap_testsource
2020-04-08 15:20:19 DEBUG   GTBinnedAnalysis.delete_source(): Deleting source tsmap_testsource
2020-04-08 15:20:19 INFO    GTAnalysis._make_tsmap_fast(): Fitting test source.
2020-04-08 15:20:28 INFO    GTAnalysis.tsmap(): Finished TS map
2020-04-08 15:20:28 INFO    GTAnalysis.tsmap(): Execution time: 9.84 s
