2020-04-09 10:28:13 INFO    GTAnalysis.__init__(): 
--------------------------------------------------------------------------------
fermipy version 0.18.1 
ScienceTools version unknown
2020-04-09 10:28:13 DEBUG   GTAnalysis.print_config(): Configuration:
binning:
  binsperdec: 8.0
  binsz: 0.1
  coordsys: CEL
  enumbins: null
  hpx_ebin: true
  hpx_order: 10
  hpx_ordering_scheme: RING
  npix: null
  proj: AIT
  projtype: WCS
  roiwidth: 2.0
components: []
data:
  cacheft1: true
  evfile: '[''ph00ft1.fits'', ''ph01ft1.fits'']'
  ltcube: null
  scfile: ft2.fits
extension:
  fit_ebin: false
  fit_position: false
  fix_shape: false
  free_background: false
  free_radius: null
  make_plots: false
  make_tsmap: true
  psf_scale_fn: null
  save_model_map: false
  spatial_model: RadialGaussian
  sqrt_ts_threshold: null
  tsmap_fitter: tsmap
  update: false
  width: []
  width_max: 1.0
  width_min: 0.01
  width_nstep: 21
  write_fits: true
  write_npy: true
fileio:
  logfile: fermipy.log
  outdir: results
  outdir_regex:
  - \.fits$|\.fit$|\.xml$|\.npy$|\.png$|\.pdf$|\.yaml$
  savefits: true
  scratchdir: /scratch
  usescratch: false
  workdir: null
  workdir_regex:
  - \.fits$|\.fit$|\.xml$|\.npy$
gtlike:
  bexpmap: null
  bexpmap_base: null
  bexpmap_roi: null
  bexpmap_roi_base: null
  convolve: true
  edisp: true
  edisp_bins: -1
  edisp_disable:
  - isodiff
  - galdiff
  expscale: null
  irfs: P8R2_SOURCE_V6
  llscan_npts: 20
  minbinsz: 0.05
  resample: true
  rfactor: 2
  src_expscale: {}
  srcmap: null
  srcmap_base: null
  use_external_srcmap: false
  use_scaled_srcmap: false
  wmap: null
lightcurve:
  binsz: 86400.0
  free_background: false
  free_params: []
  free_radius: null
  free_sources: []
  make_plots: false
  max_free_sources: 5
  multithread: false
  nbins: null
  nthread: null
  outdir: null
  save_bin_data: true
  shape_ts_threshold: 16.0
  systematic: 0.02
  time_bins: []
  use_local_ltcube: true
  use_scaled_srcmap: false
  write_fits: true
  write_npy: true
localize:
  dtheta_max: 0.5
  fix_shape: false
  free_background: false
  free_radius: null
  make_plots: false
  nstep: 5
  tsmap_fitter: tsmap
  update: true
  write_fits: true
  write_npy: true
logging:
  chatter: 3
  prefix: ''
  verbosity: 3
ltcube:
  binsz: 1.0
  dcostheta: 0.025
  phibins: 0
  use_local_ltcube: false
mc:
  seed: null
model:
  assoc_xmatch_columns:
  - 3FGL_Name
  catalogs:
  - 4FGL
  diffuse: []
  diffuse_dir: []
  diffuse_xml: []
  extdir: null
  extract_diffuse: false
  galdiff:
  - $FERMI_DIFFUSE_DIR/gll_iem_v07.fits
  isodiff:
  - iso_P8R2_SOURCE_V6_v06.txt
  limbdiff: []
  merge_sources: true
  sources: []
  src_radius: null
  src_radius_roi: null
  src_roiwidth: 2.0
optimizer:
  init_lambda: 0.0001
  max_iter: 100
  min_fit_quality: 2
  optimizer: MINUIT
  retries: 3
  tol: 0.001
  verbosity: 0
plotting:
  catalogs: []
  cmap: magma
  cmap_resid: RdBu_r
  figsize:
  - 8.0
  - 6.0
  format: png
  graticule_radii: []
  interactive: false
  label_ts_threshold: 0.0
  loge_bounds: []
residmap:
  exclude: []
  loge_bounds: []
  make_plots: false
  model: {}
  use_weights: false
  write_fits: true
  write_npy: true
roiopt:
  max_free_sources: 5
  npred_frac: 0.95
  npred_threshold: 1.0
  shape_ts_threshold: 25.0
  skip: []
sed:
  bin_index: 2.0
  cov_scale: 3.0
  free_background: false
  free_pars: []
  free_radius: null
  make_plots: false
  ul_confidence: 0.95
  use_local_index: false
  write_fits: true
  write_npy: true
selection:
  convtype: null
  dec: -28.9362
  emax: 300000.0
  emin: 100.0
  evclass: 128
  evtype: 3
  filter: null
  glat: null
  glon: null
  logemax: null
  logemin: null
  phasemax: null
  phasemin: null
  ra: 266.405
  radius: null
  roicut: 'no'
  target: null
  tmax: 297043202
  tmin: 283996802
  zmax: 90.0
sourcefind:
  free_params: []
  max_iter: 5
  min_separation: 1.0
  model: {}
  multithread: false
  nthread: null
  sources_per_iter: 4
  sqrt_ts_threshold: 5.0
  tsmap_fitter: tsmap
tscube:
  cov_scale: -1.0
  cov_scale_bb: -1.0
  do_sed: true
  exclude: []
  init_lambda: 0.0
  max_iter: 30
  model: {}
  nnorm: 10
  norm_sigma: 5.0
  remake_test_source: false
  st_scan_level: 0
  tol: 0.001
  tol_type: 0
tsmap:
  exclude: []
  loge_bounds: []
  make_plots: false
  max_kernel_radius: 3.0
  model: {}
  multithread: false
  nthread: null
  write_fits: true
  write_npy: true

2020-04-09 10:28:14 DEBUG   GTAnalysis._create_component(): Creating Analysis Component: 00
2020-04-09 10:28:14 DEBUG   GTBinnedAnalysis.__init__(): Automatically setting selection radius to 1.91421356237 deg
2020-04-09 10:28:14 DEBUG   GTBinnedAnalysis.print_config(): Configuration:
binning:
  binsperdec: 8.0
  binsz: 0.1
  coordsys: CEL
  enumbins: null
  hpx_ebin: true
  hpx_order: 10
  hpx_ordering_scheme: RING
  npix: null
  proj: AIT
  projtype: WCS
  roiwidth: 2.0
data:
  cacheft1: true
  evfile: '[''ph00ft1.fits'', ''ph01ft1.fits'']'
  ltcube: null
  scfile: ft2.fits
file_suffix: _00
fileio:
  logfile: fermipy.log
  outdir: results
  outdir_regex:
  - \.fits$|\.fit$|\.xml$|\.npy$|\.png$|\.pdf$|\.yaml$
  savefits: true
  scratchdir: /scratch
  usescratch: false
  workdir: /home/mpotto/Pesquisa/astroph/assignments/fermi-runs/gc1_090420/results
  workdir_regex:
  - \.fits$|\.fit$|\.xml$|\.npy$
gtlike:
  bexpmap: null
  bexpmap_base: null
  bexpmap_roi: null
  bexpmap_roi_base: null
  convolve: true
  edisp: true
  edisp_bins: -1
  edisp_disable:
  - isodiff
  - galdiff
  expscale: null
  irfs: P8R2_SOURCE_V6
  llscan_npts: 20
  minbinsz: 0.05
  resample: true
  rfactor: 2
  src_expscale: {}
  srcmap: null
  srcmap_base: null
  use_external_srcmap: false
  use_scaled_srcmap: false
  wmap: null
logging:
  chatter: 3
  prefix: ''
  verbosity: 3
ltcube:
  binsz: 1.0
  dcostheta: 0.025
  phibins: 0
  use_local_ltcube: false
model:
  assoc_xmatch_columns:
  - 3FGL_Name
  catalogs:
  - 4FGL
  diffuse: []
  diffuse_dir: []
  diffuse_xml: []
  extdir: null
  extract_diffuse: false
  galdiff:
  - $FERMI_DIFFUSE_DIR/gll_iem_v07.fits
  isodiff:
  - iso_P8R2_SOURCE_V6_v06.txt
  limbdiff: []
  merge_sources: true
  sources: []
  src_radius: null
  src_radius_roi: null
  src_roiwidth: 2.0
name: '00'
selection:
  convtype: null
  dec: -28.9362
  emax: 300000.0
  emin: 100.0
  evclass: 128
  evtype: 3
  filter: null
  glat: null
  glon: null
  logemax: !!python/object/apply:numpy.core.multiarray.scalar
  - &id001 !!python/object/apply:numpy.dtype
    args:
    - f8
    - 0
    - 1
    state: !!python/tuple
    - 3
    - <
    - null
    - null
    - null
    - -1
    - -1
    - 0
  - !!binary |
    YP1keZLoFUA=
  logemin: !!python/object/apply:numpy.core.multiarray.scalar
  - *id001
  - "\0\0\0\0\0\0\0@"
  phasemax: null
  phasemin: null
  ra: 266.405
  radius: 1.9142135623730951
  roicut: 'no'
  target: null
  tmax: 297043202
  tmin: 283996802
  zmax: 90.0

2020-04-09 10:28:15 INFO    GTAnalysis.setup(): Running setup.
2020-04-09 10:28:15 INFO    GTBinnedAnalysis.setup(): Running setup for component 00
2020-04-09 10:28:15 INFO    GTBinnedAnalysis.run_gtapp(): Running gtselect.
2020-04-09 10:28:15 INFO    GTBinnedAnalysis.run_gtapp(): time -p gtselect infile=['ph00ft1.fits', 'ph01ft1.fits'] outfile=/home/mpotto/Pesquisa/astroph/assignments/fermi-runs/gc1_090420/results/ft1_00.fits ra=266.405 dec=-28.9362 rad=1.91421356237 tmin=283996802.0 tmax=297043202.0 emin=100.0 emax=300000.0 zmin=0.0 zmax=90.0 evclass=128 evtype=3 convtype=-1 phasemin=0.0 phasemax=1.0 evtable="EVENTS" chatter=3 clobber=yes debug=no gui=no mode="ql"
2020-04-09 10:28:16 INFO    GTBinnedAnalysis.run_gtapp(): 
2020-04-09 10:28:16 INFO    GTBinnedAnalysis.run_gtapp(): WARNING: version mismatch between CFITSIO header (v3.43) and linked library (v3.41).
2020-04-09 10:28:16 INFO    GTBinnedAnalysis.run_gtapp(): 
2020-04-09 10:28:16 INFO    GTBinnedAnalysis.run_gtapp(): Parameter "infile" duplicated on command line.
2020-04-09 10:28:16 INFO    GTBinnedAnalysis.run_gtapp(): Parameter "infile" duplicated on command line.
2020-04-09 10:28:16 INFO    GTBinnedAnalysis.run_gtapp(): Caught N5hoops12ApeExceptionE at the top level: Cannot open parameter file for gtselect; Ape exception code 19 (at /local/data/glitz1/gssctest/miniconda2/envs/build/conda-bld/fermitools_1580999712705/work/hoops/build/redhat6-x86_64-64bit-gcc48/src/hoops_ape.cxx: 435)
2020-04-09 10:28:16 INFO    GTBinnedAnalysis.run_gtapp(): Finished gtselect. Execution time: 0.24 s
2020-04-09 10:28:16 INFO    GTBinnedAnalysis.run_gtapp(): Running gtltcube.
2020-04-09 10:28:16 INFO    GTBinnedAnalysis.run_gtapp(): time -p gtltcube evfile="/home/mpotto/Pesquisa/astroph/assignments/fermi-runs/gc1_090420/results/ft1_00.fits" evtable="EVENTS" scfile=ft2.fits sctable="SC_DATA" outfile=/home/mpotto/Pesquisa/astroph/assignments/fermi-runs/gc1_090420/results/ltcube_00.fits dcostheta=0.025 binsz=1.0 phibins=0 tmin=0.0 tmax=0.0 file_version="1" zmin=0.0 zmax=90.0 chatter=2 clobber=yes debug=no gui=no mode="ql"
2020-04-09 10:28:16 INFO    GTBinnedAnalysis.run_gtapp(): 
2020-04-09 10:28:16 INFO    GTBinnedAnalysis.run_gtapp(): WARNING: version mismatch between CFITSIO header (v3.43) and linked library (v3.41).
2020-04-09 10:28:16 INFO    GTBinnedAnalysis.run_gtapp(): 
2020-04-09 10:28:16 INFO    GTBinnedAnalysis.run_gtapp(): Caught St13runtime_error at the top level: File not found: /home/mpotto/Pesquisa/astroph/assignments/fermi-runs/gc1_090420/results/ft1_00.fits
2020-04-09 10:28:16 INFO    GTBinnedAnalysis.run_gtapp(): Finished gtltcube. Execution time: 0.28 s
2020-04-09 10:28:16 DEBUG   GTBinnedAnalysis.setup(): Loading LT Cube /home/mpotto/Pesquisa/astroph/assignments/fermi-runs/gc1_090420/results/ltcube_00.fits
2020-04-09 10:32:52 INFO    GTAnalysis.__init__(): 
--------------------------------------------------------------------------------
fermipy version 0.18.1 
ScienceTools version unknown
2020-04-09 10:32:52 DEBUG   GTAnalysis.print_config(): Configuration:
binning:
  binsperdec: 8.0
  binsz: 0.1
  coordsys: CEL
  enumbins: null
  hpx_ebin: true
  hpx_order: 10
  hpx_ordering_scheme: RING
  npix: null
  proj: AIT
  projtype: WCS
  roiwidth: 2.0
components: []
data:
  cacheft1: true
  evfile: ft1.lst
  ltcube: null
  scfile: ft2.fits
extension:
  fit_ebin: false
  fit_position: false
  fix_shape: false
  free_background: false
  free_radius: null
  make_plots: false
  make_tsmap: true
  psf_scale_fn: null
  save_model_map: false
  spatial_model: RadialGaussian
  sqrt_ts_threshold: null
  tsmap_fitter: tsmap
  update: false
  width: []
  width_max: 1.0
  width_min: 0.01
  width_nstep: 21
  write_fits: true
  write_npy: true
fileio:
  logfile: fermipy.log
  outdir: results
  outdir_regex:
  - \.fits$|\.fit$|\.xml$|\.npy$|\.png$|\.pdf$|\.yaml$
  savefits: true
  scratchdir: /scratch
  usescratch: false
  workdir: null
  workdir_regex:
  - \.fits$|\.fit$|\.xml$|\.npy$
gtlike:
  bexpmap: null
  bexpmap_base: null
  bexpmap_roi: null
  bexpmap_roi_base: null
  convolve: true
  edisp: true
  edisp_bins: -1
  edisp_disable:
  - isodiff
  - galdiff
  expscale: null
  irfs: P8R2_SOURCE_V6
  llscan_npts: 20
  minbinsz: 0.05
  resample: true
  rfactor: 2
  src_expscale: {}
  srcmap: null
  srcmap_base: null
  use_external_srcmap: false
  use_scaled_srcmap: false
  wmap: null
lightcurve:
  binsz: 86400.0
  free_background: false
  free_params: []
  free_radius: null
  free_sources: []
  make_plots: false
  max_free_sources: 5
  multithread: false
  nbins: null
  nthread: null
  outdir: null
  save_bin_data: true
  shape_ts_threshold: 16.0
  systematic: 0.02
  time_bins: []
  use_local_ltcube: true
  use_scaled_srcmap: false
  write_fits: true
  write_npy: true
localize:
  dtheta_max: 0.5
  fix_shape: false
  free_background: false
  free_radius: null
  make_plots: false
  nstep: 5
  tsmap_fitter: tsmap
  update: true
  write_fits: true
  write_npy: true
logging:
  chatter: 3
  prefix: ''
  verbosity: 3
ltcube:
  binsz: 1.0
  dcostheta: 0.025
  phibins: 0
  use_local_ltcube: false
mc:
  seed: null
model:
  assoc_xmatch_columns:
  - 3FGL_Name
  catalogs:
  - 4FGL
  diffuse: []
  diffuse_dir: []
  diffuse_xml: []
  extdir: null
  extract_diffuse: false
  galdiff:
  - $FERMI_DIFFUSE_DIR/gll_iem_v07.fits
  isodiff:
  - iso_P8R2_SOURCE_V6_v06.txt
  limbdiff: []
  merge_sources: true
  sources: []
  src_radius: null
  src_radius_roi: null
  src_roiwidth: 2.0
optimizer:
  init_lambda: 0.0001
  max_iter: 100
  min_fit_quality: 2
  optimizer: MINUIT
  retries: 3
  tol: 0.001
  verbosity: 0
plotting:
  catalogs: []
  cmap: magma
  cmap_resid: RdBu_r
  figsize:
  - 8.0
  - 6.0
  format: png
  graticule_radii: []
  interactive: false
  label_ts_threshold: 0.0
  loge_bounds: []
residmap:
  exclude: []
  loge_bounds: []
  make_plots: false
  model: {}
  use_weights: false
  write_fits: true
  write_npy: true
roiopt:
  max_free_sources: 5
  npred_frac: 0.95
  npred_threshold: 1.0
  shape_ts_threshold: 25.0
  skip: []
sed:
  bin_index: 2.0
  cov_scale: 3.0
  free_background: false
  free_pars: []
  free_radius: null
  make_plots: false
  ul_confidence: 0.95
  use_local_index: false
  write_fits: true
  write_npy: true
selection:
  convtype: null
  dec: -28.9362
  emax: 300000.0
  emin: 100.0
  evclass: 128
  evtype: 3
  filter: null
  glat: null
  glon: null
  logemax: null
  logemin: null
  phasemax: null
  phasemin: null
  ra: 266.405
  radius: null
  roicut: 'no'
  target: null
  tmax: 297043202
  tmin: 283996802
  zmax: 90.0
sourcefind:
  free_params: []
  max_iter: 5
  min_separation: 1.0
  model: {}
  multithread: false
  nthread: null
  sources_per_iter: 4
  sqrt_ts_threshold: 5.0
  tsmap_fitter: tsmap
tscube:
  cov_scale: -1.0
  cov_scale_bb: -1.0
  do_sed: true
  exclude: []
  init_lambda: 0.0
  max_iter: 30
  model: {}
  nnorm: 10
  norm_sigma: 5.0
  remake_test_source: false
  st_scan_level: 0
  tol: 0.001
  tol_type: 0
tsmap:
  exclude: []
  loge_bounds: []
  make_plots: false
  max_kernel_radius: 3.0
  model: {}
  multithread: false
  nthread: null
  write_fits: true
  write_npy: true

2020-04-09 10:32:53 DEBUG   GTAnalysis._create_component(): Creating Analysis Component: 00
2020-04-09 10:32:53 DEBUG   GTBinnedAnalysis.__init__(): Automatically setting selection radius to 1.91421356237 deg
2020-04-09 10:32:53 DEBUG   GTBinnedAnalysis.print_config(): Configuration:
binning:
  binsperdec: 8.0
  binsz: 0.1
  coordsys: CEL
  enumbins: null
  hpx_ebin: true
  hpx_order: 10
  hpx_ordering_scheme: RING
  npix: null
  proj: AIT
  projtype: WCS
  roiwidth: 2.0
data:
  cacheft1: true
  evfile: ft1.lst
  ltcube: null
  scfile: ft2.fits
file_suffix: _00
fileio:
  logfile: fermipy.log
  outdir: results
  outdir_regex:
  - \.fits$|\.fit$|\.xml$|\.npy$|\.png$|\.pdf$|\.yaml$
  savefits: true
  scratchdir: /scratch
  usescratch: false
  workdir: /home/mpotto/Pesquisa/astroph/assignments/fermi-runs/gc1_090420/results
  workdir_regex:
  - \.fits$|\.fit$|\.xml$|\.npy$
gtlike:
  bexpmap: null
  bexpmap_base: null
  bexpmap_roi: null
  bexpmap_roi_base: null
  convolve: true
  edisp: true
  edisp_bins: -1
  edisp_disable:
  - isodiff
  - galdiff
  expscale: null
  irfs: P8R2_SOURCE_V6
  llscan_npts: 20
  minbinsz: 0.05
  resample: true
  rfactor: 2
  src_expscale: {}
  srcmap: null
  srcmap_base: null
  use_external_srcmap: false
  use_scaled_srcmap: false
  wmap: null
logging:
  chatter: 3
  prefix: ''
  verbosity: 3
ltcube:
  binsz: 1.0
  dcostheta: 0.025
  phibins: 0
  use_local_ltcube: false
model:
  assoc_xmatch_columns:
  - 3FGL_Name
  catalogs:
  - 4FGL
  diffuse: []
  diffuse_dir: []
  diffuse_xml: []
  extdir: null
  extract_diffuse: false
  galdiff:
  - $FERMI_DIFFUSE_DIR/gll_iem_v07.fits
  isodiff:
  - iso_P8R2_SOURCE_V6_v06.txt
  limbdiff: []
  merge_sources: true
  sources: []
  src_radius: null
  src_radius_roi: null
  src_roiwidth: 2.0
name: '00'
selection:
  convtype: null
  dec: -28.9362
  emax: 300000.0
  emin: 100.0
  evclass: 128
  evtype: 3
  filter: null
  glat: null
  glon: null
  logemax: !!python/object/apply:numpy.core.multiarray.scalar
  - &id001 !!python/object/apply:numpy.dtype
    args:
    - f8
    - 0
    - 1
    state: !!python/tuple
    - 3
    - <
    - null
    - null
    - null
    - -1
    - -1
    - 0
  - !!binary |
    YP1keZLoFUA=
  logemin: !!python/object/apply:numpy.core.multiarray.scalar
  - *id001
  - "\0\0\0\0\0\0\0@"
  phasemax: null
  phasemin: null
  ra: 266.405
  radius: 1.9142135623730951
  roicut: 'no'
  target: null
  tmax: 297043202
  tmin: 283996802
  zmax: 90.0

2020-04-09 10:32:53 INFO    GTAnalysis.setup(): Running setup.
2020-04-09 10:32:53 INFO    GTBinnedAnalysis.setup(): Running setup for component 00
2020-04-09 10:32:53 INFO    GTBinnedAnalysis.run_gtapp(): Running gtselect.
2020-04-09 10:32:53 INFO    GTBinnedAnalysis.run_gtapp(): time -p gtselect infile=/home/mpotto/Pesquisa/astroph/assignments/fermi-runs/gc1_090420/results/evfile_00.txt outfile=/home/mpotto/Pesquisa/astroph/assignments/fermi-runs/gc1_090420/results/ft1_00.fits ra=266.405 dec=-28.9362 rad=1.91421356237 tmin=283996802.0 tmax=297043202.0 emin=100.0 emax=300000.0 zmin=0.0 zmax=90.0 evclass=128 evtype=3 convtype=-1 phasemin=0.0 phasemax=1.0 evtable="EVENTS" chatter=3 clobber=yes debug=no gui=no mode="ql"
2020-04-09 10:32:53 INFO    GTBinnedAnalysis.run_gtapp(): 
2020-04-09 10:32:53 INFO    GTBinnedAnalysis.run_gtapp(): WARNING: version mismatch between CFITSIO header (v3.43) and linked library (v3.41).
2020-04-09 10:32:53 INFO    GTBinnedAnalysis.run_gtapp(): 
2020-04-09 10:32:53 INFO    GTBinnedAnalysis.run_gtapp(): This is gtselect version HEAD
2020-04-09 10:32:53 INFO    GTBinnedAnalysis.run_gtapp(): Applying filter string: ((EVENT_CLASS&o200) != o0) && angsep(RA,DEC,266.4049962,-28.93617201) < 1 && ((EVENT_TYPE&o3) != o0) && 100 < ENERGY && ENERGY <= 300000 && 283996802 < TIME && TIME <= 297043202 && 0 < ZENITH_ANGLE && ZENITH_ANGLE <= 90 && gtifilter()
2020-04-09 10:32:53 INFO    GTBinnedAnalysis.run_gtapp(): Done.
2020-04-09 10:32:53 INFO    GTBinnedAnalysis.run_gtapp(): Finished gtselect. Execution time: 0.49 s
2020-04-09 10:32:53 INFO    GTBinnedAnalysis.run_gtapp(): Running gtltcube.
2020-04-09 10:32:53 INFO    GTBinnedAnalysis.run_gtapp(): time -p gtltcube evfile="/home/mpotto/Pesquisa/astroph/assignments/fermi-runs/gc1_090420/results/ft1_00.fits" evtable="EVENTS" scfile=ft2.fits sctable="SC_DATA" outfile=/home/mpotto/Pesquisa/astroph/assignments/fermi-runs/gc1_090420/results/ltcube_00.fits dcostheta=0.025 binsz=1.0 phibins=0 tmin=0.0 tmax=0.0 file_version="1" zmin=0.0 zmax=90.0 chatter=2 clobber=yes debug=no gui=no mode="ql"
2020-04-09 10:37:15 INFO    GTBinnedAnalysis.run_gtapp(): 
2020-04-09 10:37:15 INFO    GTBinnedAnalysis.run_gtapp(): WARNING: version mismatch between CFITSIO header (v3.43) and linked library (v3.41).
2020-04-09 10:37:15 INFO    GTBinnedAnalysis.run_gtapp(): 
2020-04-09 10:37:15 INFO    GTBinnedAnalysis.run_gtapp(): Working on file ft2.fits
2020-04-09 10:37:15 INFO    GTBinnedAnalysis.run_gtapp(): .....................!
2020-04-09 10:37:15 INFO    GTBinnedAnalysis.run_gtapp(): Finished gtltcube. Execution time: 262.04 s
2020-04-09 10:37:15 DEBUG   GTBinnedAnalysis.setup(): Loading LT Cube /home/mpotto/Pesquisa/astroph/assignments/fermi-runs/gc1_090420/results/ltcube_00.fits
2020-04-09 10:37:15 DEBUG   GTBinnedAnalysis.setup(): Creating PSF model
2020-04-09 10:37:16 INFO    GTBinnedAnalysis.run_gtapp(): Running gtbin.
2020-04-09 10:37:16 INFO    GTBinnedAnalysis.run_gtapp(): time -p gtbin evfile=/home/mpotto/Pesquisa/astroph/assignments/fermi-runs/gc1_090420/results/ft1_00.fits scfile=ft2.fits outfile=/home/mpotto/Pesquisa/astroph/assignments/fermi-runs/gc1_090420/results/ccube_00.fits algorithm="ccube" ebinalg="LOG" emin=100.0 emax=300000.0 enumbins=28 ebinfile=NONE tbinalg="LIN" tbinfile=NONE nxpix=20 nypix=20 binsz=0.1 coordsys="CEL" xref=266.405 yref=-28.9362 axisrot=0.0 rafield="RA" decfield="DEC" proj="AIT" hpx_ordering_scheme="RING" hpx_order=3 hpx_ebin=yes hpx_region="" evtable="EVENTS" sctable="SC_DATA" efield="ENERGY" tfield="TIME" chatter=3 clobber=yes debug=no gui=no mode="ql"
2020-04-09 10:37:17 INFO    GTBinnedAnalysis.run_gtapp(): 
2020-04-09 10:37:17 INFO    GTBinnedAnalysis.run_gtapp(): WARNING: version mismatch between CFITSIO header (v3.43) and linked library (v3.41).
2020-04-09 10:37:17 INFO    GTBinnedAnalysis.run_gtapp(): 
2020-04-09 10:37:17 INFO    GTBinnedAnalysis.run_gtapp(): This is gtbin version HEAD
2020-04-09 10:37:17 INFO    GTBinnedAnalysis.run_gtapp(): Finished gtbin. Execution time: 0.57 s
2020-04-09 10:37:17 INFO    GTBinnedAnalysis.run_gtapp(): Running gtexpcube2.
2020-04-09 10:37:17 INFO    GTBinnedAnalysis.run_gtapp(): time -p gtexpcube2 infile=/home/mpotto/Pesquisa/astroph/assignments/fermi-runs/gc1_090420/results/ltcube_00.fits cmap=none outfile=/home/mpotto/Pesquisa/astroph/assignments/fermi-runs/gc1_090420/results/bexpmap_00.fits irfs="P8R2_SOURCE_V6" evtype=3 edisp_bins=-1 nxpix=360 nypix=180 binsz=1.0 coordsys="CEL" xref=0.0 yref=0.0 axisrot=0.0 proj="CAR" ebinalg="LOG" emin=100.0 emax=300000.0 enumbins=28 ebinfile="NONE" hpx_ordering_scheme="RING" hpx_order=6 bincalc="EDGE" ignorephi=no thmax=180.0 thmin=0.0 table="EXPOSURE" chatter=3 clobber=yes debug=no mode="ql"
2020-04-09 10:37:24 INFO    GTBinnedAnalysis.run_gtapp(): 
2020-04-09 10:37:24 INFO    GTBinnedAnalysis.run_gtapp(): WARNING: version mismatch between CFITSIO header (v3.43) and linked library (v3.41).
2020-04-09 10:37:24 INFO    GTBinnedAnalysis.run_gtapp(): 
2020-04-09 10:37:24 INFO    GTBinnedAnalysis.run_gtapp(): This is gtexpcube2 version HEAD
2020-04-09 10:37:24 INFO    GTBinnedAnalysis.run_gtapp(): Using evtype=3 (i.e., FRONT/BACK irfs)
2020-04-09 10:37:24 INFO    GTBinnedAnalysis.run_gtapp(): ResponseFunctions::load: IRF used: P8R2_SOURCE_V6
2020-04-09 10:37:24 INFO    GTBinnedAnalysis.run_gtapp(): event_types:  0  1
2020-04-09 10:37:24 INFO    GTBinnedAnalysis.run_gtapp(): Computing binned exposure map....................!
2020-04-09 10:37:24 INFO    GTBinnedAnalysis.run_gtapp(): Finished gtexpcube2. Execution time: 6.77 s
2020-04-09 10:37:24 INFO    GTBinnedAnalysis.run_gtapp(): Running gtexpcube2.
2020-04-09 10:37:24 INFO    GTBinnedAnalysis.run_gtapp(): time -p gtexpcube2 infile=/home/mpotto/Pesquisa/astroph/assignments/fermi-runs/gc1_090420/results/ltcube_00.fits cmap=none outfile=/home/mpotto/Pesquisa/astroph/assignments/fermi-runs/gc1_090420/results/bexpmap_roi_00.fits irfs="P8R2_SOURCE_V6" evtype=3 edisp_bins=0 nxpix=20 nypix=20 binsz=0.1 coordsys="CEL" xref=266.405 yref=-28.9362 axisrot=0.0 proj="CAR" ebinalg="LOG" emin=100.0 emax=300000.0 enumbins=28 ebinfile="NONE" hpx_ordering_scheme="RING" hpx_order=6 bincalc="EDGE" ignorephi=no thmax=180.0 thmin=0.0 table="EXPOSURE" chatter=3 clobber=yes debug=no mode="ql"
2020-04-09 10:37:24 INFO    GTBinnedAnalysis.run_gtapp(): 
2020-04-09 10:37:24 INFO    GTBinnedAnalysis.run_gtapp(): WARNING: version mismatch between CFITSIO header (v3.43) and linked library (v3.41).
2020-04-09 10:37:24 INFO    GTBinnedAnalysis.run_gtapp(): 
2020-04-09 10:37:24 INFO    GTBinnedAnalysis.run_gtapp(): This is gtexpcube2 version HEAD
2020-04-09 10:37:24 INFO    GTBinnedAnalysis.run_gtapp(): Using evtype=3 (i.e., FRONT/BACK irfs)
2020-04-09 10:37:24 INFO    GTBinnedAnalysis.run_gtapp(): ResponseFunctions::load: IRF used: P8R2_SOURCE_V6
2020-04-09 10:37:24 INFO    GTBinnedAnalysis.run_gtapp(): event_types:  0  1
2020-04-09 10:37:24 INFO    GTBinnedAnalysis.run_gtapp(): Computing binned exposure map....................!
2020-04-09 10:37:24 INFO    GTBinnedAnalysis.run_gtapp(): Finished gtexpcube2. Execution time: 0.58 s
2020-04-09 10:37:24 INFO    GTBinnedAnalysis.run_gtapp(): Running gtsrcmaps.
2020-04-09 10:37:24 INFO    GTBinnedAnalysis.run_gtapp(): time -p gtsrcmaps scfile=ft2.fits sctable="SC_DATA" expcube=/home/mpotto/Pesquisa/astroph/assignments/fermi-runs/gc1_090420/results/ltcube_00.fits cmap=/home/mpotto/Pesquisa/astroph/assignments/fermi-runs/gc1_090420/results/ccube_00.fits srcmdl=/home/mpotto/Pesquisa/astroph/assignments/fermi-runs/gc1_090420/results/srcmdl_00.xml bexpmap=/home/mpotto/Pesquisa/astroph/assignments/fermi-runs/gc1_090420/results/bexpmap_00.fits wmap=none outfile=/home/mpotto/Pesquisa/astroph/assignments/fermi-runs/gc1_090420/results/srcmap_00.fits irfs="P8R2_SOURCE_V6" evtype=3 convol=yes resample=yes rfactor=2 minbinsz=0.05 ptsrc=yes psfcorr=yes emapbnds=no edisp_bins=-1 copyall=no chatter=3 clobber=yes debug=no gui=no mode="ql"
2020-04-09 10:38:02 INFO    GTBinnedAnalysis.run_gtapp(): 
2020-04-09 10:38:02 INFO    GTBinnedAnalysis.run_gtapp(): WARNING: version mismatch between CFITSIO header (v3.43) and linked library (v3.41).
2020-04-09 10:38:02 INFO    GTBinnedAnalysis.run_gtapp(): 
2020-04-09 10:38:02 INFO    GTBinnedAnalysis.run_gtapp(): This is gtsrcmaps version HEAD
2020-04-09 10:38:02 INFO    GTBinnedAnalysis.run_gtapp(): Using evtype=3 (i.e., FRONT/BACK irfs)
2020-04-09 10:38:02 INFO    GTBinnedAnalysis.run_gtapp(): ResponseFunctions::load: IRF used: P8R2_SOURCE_V6
2020-04-09 10:38:02 INFO    GTBinnedAnalysis.run_gtapp(): event_types:  0  1
2020-04-09 10:38:02 INFO    GTBinnedAnalysis.run_gtapp(): Creating source named 4FGL J1745.6-2859
2020-04-09 10:38:02 INFO    GTBinnedAnalysis.run_gtapp(): Creating source named 4FGL J1746.4-2852
2020-04-09 10:38:02 INFO    GTBinnedAnalysis.run_gtapp(): Creating source named 4FGL J1748.3-2906
2020-04-09 10:38:02 INFO    GTBinnedAnalysis.run_gtapp(): Creating source named 4FGL J1742.5-2833
2020-04-09 10:38:02 INFO    GTBinnedAnalysis.run_gtapp(): Creating source named isodiff
2020-04-09 10:38:02 INFO    GTBinnedAnalysis.run_gtapp(): Creating source named galdiff
2020-04-09 10:38:02 INFO    GTBinnedAnalysis.run_gtapp(): Generating SourceMap for 4FGL J1742.5-2833 29....................!
2020-04-09 10:38:02 INFO    GTBinnedAnalysis.run_gtapp(): Generating SourceMap for 4FGL J1745.6-2859 29....................!
2020-04-09 10:38:02 INFO    GTBinnedAnalysis.run_gtapp(): Generating SourceMap for 4FGL J1746.4-2852 29....................!
2020-04-09 10:38:02 INFO    GTBinnedAnalysis.run_gtapp(): Generating SourceMap for 4FGL J1748.3-2906 29....................!
2020-04-09 10:38:02 INFO    GTBinnedAnalysis.run_gtapp(): Generating SourceMap for galdiff 29....................!
2020-04-09 10:38:02 INFO    GTBinnedAnalysis.run_gtapp(): Generating SourceMap for isodiff 29....................!
2020-04-09 10:38:02 INFO    GTBinnedAnalysis.run_gtapp(): Finished gtsrcmaps. Execution time: 37.92 s
2020-04-09 10:38:02 INFO    GTBinnedAnalysis.setup(): Finished setup for component 00
2020-04-09 10:38:02 INFO    GTBinnedAnalysis._create_binned_analysis(): Creating BinnedAnalysis for component 00.
2020-04-09 10:38:02 DEBUG   GTBinnedAnalysis._create_binned_analysis(): Creating BinnedObs
2020-04-09 10:38:02 DEBUG   GTBinnedAnalysis._create_binned_analysis(): {'irfs': 'P8R2_SOURCE_V6', 'expCube': '/home/mpotto/Pesquisa/astroph/assignments/fermi-runs/gc1_090420/results/ltcube_00.fits', 'srcMaps': '/home/mpotto/Pesquisa/astroph/assignments/fermi-runs/gc1_090420/results/srcmap_00.fits', 'binnedExpMap': '/home/mpotto/Pesquisa/astroph/assignments/fermi-runs/gc1_090420/results/bexpmap_00.fits'}
2020-04-09 10:38:04 DEBUG   GTBinnedAnalysis._create_binned_analysis(): Creating BinnedAnalysis
2020-04-09 10:38:04 DEBUG   GTBinnedAnalysis._create_binned_analysis(): {'minbinsz': 0.05, 'convolve': True, 'optimizer': 'MINUIT', 'resamp_fact': 2, 'srcModel': '/home/mpotto/Pesquisa/astroph/assignments/fermi-runs/gc1_090420/results/srcmdl_00.xml', 'resample': True, 'edisp_bins': -1, 'wmap': None}
2020-04-09 10:38:15 DEBUG   GTBinnedAnalysis._create_binned_analysis(): Disabling energy dispersion for isodiff
2020-04-09 10:38:15 DEBUG   GTBinnedAnalysis._create_binned_analysis(): Disabling energy dispersion for galdiff
2020-04-09 10:38:15 DEBUG   GTBinnedAnalysis._create_binned_analysis(): Computing fixed weights
2020-04-09 10:38:15 DEBUG   GTBinnedAnalysis._create_binned_analysis(): Updating source maps
2020-04-09 10:38:15 INFO    GTAnalysis.setup(): Initializing source properties
2020-04-09 10:38:15 DEBUG   GTAnalysis.setup(): Initializing source 4FGL J1742.5-2833
2020-04-09 10:38:15 DEBUG   GTAnalysis.get_src_model(): Generating source dict for 4FGL J1742.5-2833
2020-04-09 10:38:15 DEBUG   GTAnalysis.setup(): Initializing source 4FGL J1745.6-2859
2020-04-09 10:38:15 DEBUG   GTAnalysis.get_src_model(): Generating source dict for 4FGL J1745.6-2859
2020-04-09 10:38:15 DEBUG   GTAnalysis.setup(): Initializing source 4FGL J1746.4-2852
2020-04-09 10:38:15 DEBUG   GTAnalysis.get_src_model(): Generating source dict for 4FGL J1746.4-2852
2020-04-09 10:38:15 DEBUG   GTAnalysis.setup(): Initializing source 4FGL J1748.3-2906
2020-04-09 10:38:15 DEBUG   GTAnalysis.get_src_model(): Generating source dict for 4FGL J1748.3-2906
2020-04-09 10:38:15 DEBUG   GTAnalysis.setup(): Initializing source galdiff
2020-04-09 10:38:15 DEBUG   GTAnalysis.get_src_model(): Generating source dict for galdiff
2020-04-09 10:38:21 DEBUG   GTAnalysis.setup(): Initializing source isodiff
2020-04-09 10:38:21 DEBUG   GTAnalysis.get_src_model(): Generating source dict for isodiff
2020-04-09 10:38:21 INFO    GTAnalysis.setup(): Finished setup.
2020-04-09 10:48:42 INFO    GTAnalysis.optimize(): Starting
2020-04-09 10:48:42 DEBUG   GTAnalysis.optimize(): LogLike: 424.672137
2020-04-09 10:48:42 DEBUG   GTAnalysis.free_source(): Freeing parameters for galdiff               : ['Prefactor']
2020-04-09 10:48:42 DEBUG   GTAnalysis.free_source(): Freeing parameters for 4FGL J1745.6-2859     : ['norm']
2020-04-09 10:48:42 DEBUG   GTAnalysis.fit(): Starting fit.
2020-04-09 10:48:42 DEBUG   GTAnalysis.fit(): Fit complete.
2020-04-09 10:48:42 DEBUG   GTAnalysis.get_src_model(): Generating source dict for 4FGL J1745.6-2859
2020-04-09 10:48:42 DEBUG   GTAnalysis.profile_norm(): Profiling 4FGL J1745.6-2859
2020-04-09 10:48:42 DEBUG   GTAnalysis.profile_norm(): Finished
2020-04-09 10:48:42 DEBUG   GTAnalysis.get_src_model(): Generating source dict for galdiff
2020-04-09 10:48:42 DEBUG   GTAnalysis.profile_norm(): Profiling galdiff
2020-04-09 10:48:42 DEBUG   GTAnalysis.profile_norm(): Finished
2020-04-09 10:48:42 DEBUG   GTAnalysis.fit(): Fit returned successfully. Quality:   3 Status:   0
2020-04-09 10:48:42 DEBUG   GTAnalysis.fit(): LogLike:      759.788 DeltaLogLike:      335.116 
2020-04-09 10:48:42 DEBUG   GTAnalysis.free_source(): Fixing parameters for 4FGL J1745.6-2859     : ['norm']
2020-04-09 10:48:42 DEBUG   GTAnalysis.free_source(): Fixing parameters for galdiff               : ['Prefactor']
2020-04-09 10:48:42 DEBUG   GTAnalysis.optimize(): Fitting 4FGL J1746.4-2852 npred:    372.427 TS:        nan
2020-04-09 10:48:42 DEBUG   GTAnalysis.free_source(): Freeing parameters for 4FGL J1746.4-2852     : ['norm']
2020-04-09 10:48:42 DEBUG   GTAnalysis.fit(): Starting fit.
2020-04-09 10:48:42 DEBUG   GTAnalysis.fit(): Fit complete.
2020-04-09 10:48:42 DEBUG   GTAnalysis.get_src_model(): Generating source dict for 4FGL J1746.4-2852
2020-04-09 10:48:42 DEBUG   GTAnalysis.profile_norm(): Profiling 4FGL J1746.4-2852
2020-04-09 10:48:42 DEBUG   GTAnalysis.profile_norm(): Finished
2020-04-09 10:48:42 DEBUG   GTAnalysis.fit(): Fit returned successfully. Quality:   3 Status:   0
2020-04-09 10:48:42 DEBUG   GTAnalysis.fit(): LogLike:      759.790 DeltaLogLike:        0.002 
2020-04-09 10:48:42 DEBUG   GTAnalysis.optimize(): Post-fit Results npred:    376.976 TS:     35.658
2020-04-09 10:48:42 DEBUG   GTAnalysis.free_source(): Fixing parameters for 4FGL J1746.4-2852     : ['norm']
2020-04-09 10:48:42 DEBUG   GTAnalysis.optimize(): Fitting isodiff npred:    115.482 TS:        nan
2020-04-09 10:48:42 DEBUG   GTAnalysis.free_source(): Freeing parameters for isodiff               : ['Normalization']
2020-04-09 10:48:42 DEBUG   GTAnalysis.fit(): Starting fit.
2020-04-09 10:48:42 DEBUG   GTAnalysis.fit(): Fit complete.
2020-04-09 10:48:42 DEBUG   GTAnalysis.get_src_model(): Generating source dict for isodiff
2020-04-09 10:48:42 DEBUG   GTAnalysis.profile_norm(): Profiling isodiff
2020-04-09 10:48:42 DEBUG   GTAnalysis.profile_norm(): Finished
2020-04-09 10:48:42 DEBUG   GTAnalysis.fit(): Fit returned successfully. Quality:   3 Status:   0
2020-04-09 10:48:42 DEBUG   GTAnalysis.fit(): LogLike:      760.525 DeltaLogLike:        0.735 
2020-04-09 10:48:42 DEBUG   GTAnalysis.optimize(): Post-fit Results npred:    212.885 TS:      7.130
2020-04-09 10:48:42 DEBUG   GTAnalysis.free_source(): Fixing parameters for isodiff               : ['Normalization']
2020-04-09 10:48:42 DEBUG   GTAnalysis.optimize(): Fitting 4FGL J1742.5-2833 npred:    101.698 TS:        nan
2020-04-09 10:48:42 DEBUG   GTAnalysis.free_source(): Freeing parameters for 4FGL J1742.5-2833     : ['Prefactor']
2020-04-09 10:48:42 DEBUG   GTAnalysis.fit(): Starting fit.
2020-04-09 10:48:42 DEBUG   GTAnalysis.fit(): Fit complete.
2020-04-09 10:48:42 DEBUG   GTAnalysis.get_src_model(): Generating source dict for 4FGL J1742.5-2833
2020-04-09 10:48:42 DEBUG   GTAnalysis.profile_norm(): Profiling 4FGL J1742.5-2833
2020-04-09 10:48:42 DEBUG   GTAnalysis.profile_norm(): Finished
2020-04-09 10:48:42 DEBUG   GTAnalysis.fit(): Fit returned successfully. Quality:   3 Status:   0
2020-04-09 10:48:42 DEBUG   GTAnalysis.fit(): LogLike:      762.693 DeltaLogLike:        2.168 
2020-04-09 10:48:42 DEBUG   GTAnalysis.optimize(): Post-fit Results npred:    237.498 TS:     14.151
2020-04-09 10:48:42 DEBUG   GTAnalysis.free_source(): Fixing parameters for 4FGL J1742.5-2833     : ['Prefactor']
2020-04-09 10:48:42 DEBUG   GTAnalysis.optimize(): Fitting 4FGL J1748.3-2906 npred:     94.556 TS:        nan
2020-04-09 10:48:42 DEBUG   GTAnalysis.free_source(): Freeing parameters for 4FGL J1748.3-2906     : ['norm']
2020-04-09 10:48:42 DEBUG   GTAnalysis.fit(): Starting fit.
2020-04-09 10:48:42 DEBUG   GTAnalysis.fit(): Fit complete.
2020-04-09 10:48:42 DEBUG   GTAnalysis.get_src_model(): Generating source dict for 4FGL J1748.3-2906
2020-04-09 10:48:42 DEBUG   GTAnalysis.profile_norm(): Profiling 4FGL J1748.3-2906
2020-04-09 10:48:42 DEBUG   GTAnalysis.profile_norm(): Finished
2020-04-09 10:48:42 DEBUG   GTAnalysis.fit(): Fit returned successfully. Quality:   3 Status:   0
2020-04-09 10:48:42 DEBUG   GTAnalysis.fit(): LogLike:      766.768 DeltaLogLike:        4.075 
2020-04-09 10:48:42 DEBUG   GTAnalysis.optimize(): Post-fit Results npred:    207.221 TS:     32.057
2020-04-09 10:48:42 DEBUG   GTAnalysis.free_source(): Fixing parameters for 4FGL J1748.3-2906     : ['norm']
2020-04-09 10:48:42 DEBUG   GTAnalysis.optimize(): Fitting shape galdiff TS:   3258.891
2020-04-09 10:48:42 DEBUG   GTAnalysis.free_source(): Freeing parameters for galdiff               : ['Prefactor', 'Index']
2020-04-09 10:48:42 DEBUG   GTAnalysis.fit(): Starting fit.
2020-04-09 10:48:42 DEBUG   GTAnalysis.fit(): Fit complete.
2020-04-09 10:48:42 DEBUG   GTAnalysis.get_src_model(): Generating source dict for galdiff
2020-04-09 10:48:42 DEBUG   GTAnalysis.profile_norm(): Profiling galdiff
2020-04-09 10:48:42 DEBUG   GTAnalysis.free_source(): Fixing parameters for galdiff               : ['Index']
2020-04-09 10:48:42 DEBUG   GTAnalysis.profile_norm(): Finished
2020-04-09 10:48:42 DEBUG   GTAnalysis.fit(): Fit returned successfully. Quality:   3 Status:   0
2020-04-09 10:48:42 DEBUG   GTAnalysis.fit(): LogLike:      773.509 DeltaLogLike:        6.741 
2020-04-09 10:48:42 DEBUG   GTAnalysis.free_source(): Fixing parameters for galdiff               : ['Prefactor', 'Index']
2020-04-09 10:48:42 DEBUG   GTAnalysis.optimize(): Fitting shape 4FGL J1745.6-2859 TS:    939.689
2020-04-09 10:48:42 DEBUG   GTAnalysis.free_source(): Freeing parameters for 4FGL J1745.6-2859     : ['norm', 'alpha', 'beta']
2020-04-09 10:48:42 DEBUG   GTAnalysis.fit(): Starting fit.
2020-04-09 10:48:42 DEBUG   GTAnalysis.fit(): Fit complete.
2020-04-09 10:48:42 DEBUG   GTAnalysis.get_src_model(): Generating source dict for 4FGL J1745.6-2859
2020-04-09 10:48:42 DEBUG   GTAnalysis.profile_norm(): Profiling 4FGL J1745.6-2859
2020-04-09 10:48:42 DEBUG   GTAnalysis.free_source(): Fixing parameters for 4FGL J1745.6-2859     : ['alpha', 'beta']
2020-04-09 10:48:42 DEBUG   GTAnalysis.profile_norm(): Finished
2020-04-09 10:48:42 DEBUG   GTAnalysis.fit(): Fit returned successfully. Quality:   3 Status:   0
2020-04-09 10:48:42 DEBUG   GTAnalysis.fit(): LogLike:      800.644 DeltaLogLike:       27.135 
2020-04-09 10:48:42 DEBUG   GTAnalysis.free_source(): Fixing parameters for 4FGL J1745.6-2859     : ['norm', 'alpha', 'beta']
2020-04-09 10:48:42 DEBUG   GTAnalysis.optimize(): Fitting shape 4FGL J1746.4-2852 TS:     35.658
2020-04-09 10:48:42 DEBUG   GTAnalysis.free_source(): Freeing parameters for 4FGL J1746.4-2852     : ['norm', 'alpha', 'beta']
2020-04-09 10:48:42 DEBUG   GTAnalysis.fit(): Starting fit.
2020-04-09 10:48:42 DEBUG   GTAnalysis.fit(): Fit complete.
2020-04-09 10:48:42 DEBUG   GTAnalysis.get_src_model(): Generating source dict for 4FGL J1746.4-2852
2020-04-09 10:48:42 DEBUG   GTAnalysis.profile_norm(): Profiling 4FGL J1746.4-2852
2020-04-09 10:48:42 DEBUG   GTAnalysis.free_source(): Fixing parameters for 4FGL J1746.4-2852     : ['alpha', 'beta']
2020-04-09 10:48:42 DEBUG   GTAnalysis.profile_norm(): Finished
2020-04-09 10:48:42 DEBUG   GTAnalysis.fit(): Fit returned successfully. Quality:   3 Status:   0
2020-04-09 10:48:42 DEBUG   GTAnalysis.fit(): LogLike:      803.145 DeltaLogLike:        2.501 
2020-04-09 10:48:42 DEBUG   GTAnalysis.free_source(): Fixing parameters for 4FGL J1746.4-2852     : ['norm', 'alpha', 'beta']
2020-04-09 10:48:42 DEBUG   GTAnalysis.optimize(): Fitting shape 4FGL J1748.3-2906 TS:     32.057
2020-04-09 10:48:42 DEBUG   GTAnalysis.free_source(): Freeing parameters for 4FGL J1748.3-2906     : ['norm', 'alpha', 'beta']
2020-04-09 10:48:42 DEBUG   GTAnalysis.fit(): Starting fit.
2020-04-09 10:48:42 DEBUG   GTAnalysis.fit(): Fit complete.
2020-04-09 10:48:42 DEBUG   GTAnalysis.get_src_model(): Generating source dict for 4FGL J1748.3-2906
2020-04-09 10:48:42 DEBUG   GTAnalysis.profile_norm(): Profiling 4FGL J1748.3-2906
2020-04-09 10:48:42 DEBUG   GTAnalysis.free_source(): Fixing parameters for 4FGL J1748.3-2906     : ['alpha', 'beta']
2020-04-09 10:48:42 DEBUG   GTAnalysis.profile_norm(): Finished
2020-04-09 10:48:42 DEBUG   GTAnalysis.fit(): Fit returned successfully. Quality:   3 Status:   0
2020-04-09 10:48:42 DEBUG   GTAnalysis.fit(): LogLike:      805.603 DeltaLogLike:        2.458 
2020-04-09 10:48:42 DEBUG   GTAnalysis.free_source(): Fixing parameters for 4FGL J1748.3-2906     : ['norm', 'alpha', 'beta']
2020-04-09 10:48:42 INFO    GTAnalysis.optimize(): Finished
2020-04-09 10:48:42 INFO    GTAnalysis.optimize(): LogLike: 805.602677 Delta-LogLike: 380.930539
2020-04-09 10:48:42 INFO    GTAnalysis.optimize(): Execution time: 0.58 s
2020-04-09 10:48:44 INFO    GTAnalysis.print_roi(): 
name                SpatialModel   SpectrumType     offset        ts       npred
--------------------------------------------------------------------------------
4FGL J1745.6-2859   PointSource    LogParabola       0.061   2377.27      4197.6
4FGL J1746.4-2852   PointSource    LogParabola       0.190     72.23       545.0
4FGL J1748.3-2906   PointSource    LogParabola       0.627     48.34       317.8
4FGL J1742.5-2833   PointSource    PowerLaw          0.775     14.15       237.5
isodiff             ConstantValue  FileFunction      -----      7.13       212.9
galdiff             MapCubeFunctio PowerLaw          -----  13074.82      8843.4

2020-04-09 10:48:46 INFO    GTBinnedAnalysis.write_xml(): Writing /home/mpotto/Pesquisa/astroph/assignments/fermi-runs/gc1_090420/results/prefit-model_00.xml...
2020-04-09 10:48:46 INFO    GTAnalysis.write_fits(): Writing /home/mpotto/Pesquisa/astroph/assignments/fermi-runs/gc1_090420/results/prefit-model.fits...
2020-04-09 10:48:47 INFO    GTAnalysis.write_roi(): Writing /home/mpotto/Pesquisa/astroph/assignments/fermi-runs/gc1_090420/results/prefit-model.npy...
2020-04-09 10:48:48 INFO    GTAnalysis.free_source(): Freeing parameters for galdiff               : ['Prefactor', 'Index']
2020-04-09 10:48:48 INFO    GTAnalysis.free_source(): Freeing parameters for isodiff               : ['Normalization']
2020-04-09 10:48:49 INFO    GTAnalysis.fit(): Starting fit.
2020-04-09 10:48:49 DEBUG   GTAnalysis.fit(): Fit complete.
2020-04-09 10:48:49 DEBUG   GTAnalysis.get_src_model(): Generating source dict for galdiff
2020-04-09 10:48:49 DEBUG   GTAnalysis.profile_norm(): Profiling galdiff
2020-04-09 10:48:49 DEBUG   GTAnalysis.free_source(): Fixing parameters for galdiff               : ['Index']
2020-04-09 10:48:49 DEBUG   GTAnalysis.profile_norm(): Finished
2020-04-09 10:48:49 DEBUG   GTAnalysis.get_src_model(): Generating source dict for isodiff
2020-04-09 10:48:49 DEBUG   GTAnalysis.profile_norm(): Profiling isodiff
2020-04-09 10:48:49 DEBUG   GTAnalysis.free_source(): Fixing parameters for galdiff               : ['Index']
2020-04-09 10:48:49 DEBUG   GTAnalysis.profile_norm(): Finished
2020-04-09 10:48:49 INFO    GTAnalysis.fit(): Fit returned successfully. Quality:   3 Status:   0
2020-04-09 10:48:49 INFO    GTAnalysis.fit(): LogLike:      828.003 DeltaLogLike:       22.401 
2020-04-09 10:48:50 INFO    GTBinnedAnalysis.write_xml(): Writing /home/mpotto/Pesquisa/astroph/assignments/fermi-runs/gc1_090420/results/fit_model_00.xml...
2020-04-09 10:48:50 INFO    GTAnalysis.write_fits(): Writing /home/mpotto/Pesquisa/astroph/assignments/fermi-runs/gc1_090420/results/fit_model.fits...
2020-04-09 10:48:51 INFO    GTAnalysis.write_roi(): Writing /home/mpotto/Pesquisa/astroph/assignments/fermi-runs/gc1_090420/results/fit_model.npy...
2020-04-09 10:48:51 INFO    GTAnalysis.residmap(): Generating residual maps
2020-04-09 10:48:51 INFO    GTAnalysis.add_source(): Adding source residmap_testsource
2020-04-09 10:48:53 INFO    GTAnalysis.delete_source(): Deleting source residmap_testsource
2020-04-09 10:48:53 DEBUG   GTBinnedAnalysis.delete_source(): Deleting source residmap_testsource
2020-04-09 10:48:55 INFO    GTAnalysis.residmap(): Finished residual maps
2020-04-09 10:48:55 INFO    GTAnalysis.residmap(): Execution time: 3.13 s
2020-04-09 10:48:55 INFO    GTAnalysis.tsmap(): Generating TS map
2020-04-09 10:48:55 DEBUG   GTAnalysis.add_source(): Adding source tsmap_testsource
2020-04-09 10:48:55 DEBUG   GTAnalysis.delete_source(): Deleting source tsmap_testsource
2020-04-09 10:48:55 DEBUG   GTBinnedAnalysis.delete_source(): Deleting source tsmap_testsource
2020-04-09 10:48:55 INFO    GTAnalysis._make_tsmap_fast(): Fitting test source.
2020-04-09 10:48:56 INFO    GTAnalysis.tsmap(): Finished TS map
2020-04-09 10:48:56 INFO    GTAnalysis.tsmap(): Execution time: 1.64 s
2020-04-09 11:37:50 INFO    GTAnalysis.__init__(): 
--------------------------------------------------------------------------------
fermipy version 0.18.1 
ScienceTools version unknown
2020-04-09 11:37:50 DEBUG   GTAnalysis.print_config(): Configuration:
binning:
  binsperdec: 8.0
  binsz: 0.1
  coordsys: CEL
  enumbins: null
  hpx_ebin: true
  hpx_order: 10
  hpx_ordering_scheme: RING
  npix: null
  proj: AIT
  projtype: WCS
  roiwidth: 2.0
components: []
data:
  cacheft1: true
  evfile: ft1.lst
  ltcube: null
  scfile: ft2.fits
extension:
  fit_ebin: false
  fit_position: false
  fix_shape: false
  free_background: false
  free_radius: null
  make_plots: false
  make_tsmap: true
  psf_scale_fn: null
  save_model_map: false
  spatial_model: RadialGaussian
  sqrt_ts_threshold: null
  tsmap_fitter: tsmap
  update: false
  width: []
  width_max: 1.0
  width_min: 0.01
  width_nstep: 21
  write_fits: true
  write_npy: true
fileio:
  logfile: fermipy.log
  outdir: results
  outdir_regex:
  - \.fits$|\.fit$|\.xml$|\.npy$|\.png$|\.pdf$|\.yaml$
  savefits: true
  scratchdir: /scratch
  usescratch: false
  workdir: null
  workdir_regex:
  - \.fits$|\.fit$|\.xml$|\.npy$
gtlike:
  bexpmap: null
  bexpmap_base: null
  bexpmap_roi: null
  bexpmap_roi_base: null
  convolve: true
  edisp: true
  edisp_bins: -1
  edisp_disable:
  - isodiff
  - galdiff
  expscale: null
  irfs: P8R2_SOURCE_V6
  llscan_npts: 20
  minbinsz: 0.05
  resample: true
  rfactor: 2
  src_expscale: {}
  srcmap: null
  srcmap_base: null
  use_external_srcmap: false
  use_scaled_srcmap: false
  wmap: null
lightcurve:
  binsz: 86400.0
  free_background: false
  free_params: []
  free_radius: null
  free_sources: []
  make_plots: false
  max_free_sources: 5
  multithread: false
  nbins: null
  nthread: null
  outdir: null
  save_bin_data: true
  shape_ts_threshold: 16.0
  systematic: 0.02
  time_bins: []
  use_local_ltcube: true
  use_scaled_srcmap: false
  write_fits: true
  write_npy: true
localize:
  dtheta_max: 0.5
  fix_shape: false
  free_background: false
  free_radius: null
  make_plots: false
  nstep: 5
  tsmap_fitter: tsmap
  update: true
  write_fits: true
  write_npy: true
logging:
  chatter: 3
  prefix: ''
  verbosity: 3
ltcube:
  binsz: 1.0
  dcostheta: 0.025
  phibins: 0
  use_local_ltcube: false
mc:
  seed: null
model:
  assoc_xmatch_columns:
  - 3FGL_Name
  catalogs:
  - 4FGL
  diffuse: []
  diffuse_dir: []
  diffuse_xml: []
  extdir: null
  extract_diffuse: false
  galdiff:
  - $FERMI_DIFFUSE_DIR/gll_iem_v07.fits
  isodiff:
  - iso_P8R2_SOURCE_V6_v06.txt
  limbdiff: []
  merge_sources: true
  sources: []
  src_radius: null
  src_radius_roi: null
  src_roiwidth: 2.0
optimizer:
  init_lambda: 0.0001
  max_iter: 100
  min_fit_quality: 2
  optimizer: MINUIT
  retries: 3
  tol: 0.001
  verbosity: 0
plotting:
  catalogs: []
  cmap: magma
  cmap_resid: RdBu_r
  figsize:
  - 8.0
  - 6.0
  format: png
  graticule_radii: []
  interactive: false
  label_ts_threshold: 0.0
  loge_bounds: []
residmap:
  exclude: []
  loge_bounds: []
  make_plots: false
  model: {}
  use_weights: false
  write_fits: true
  write_npy: true
roiopt:
  max_free_sources: 5
  npred_frac: 0.95
  npred_threshold: 1.0
  shape_ts_threshold: 25.0
  skip: []
sed:
  bin_index: 2.0
  cov_scale: 3.0
  free_background: false
  free_pars: []
  free_radius: null
  make_plots: false
  ul_confidence: 0.95
  use_local_index: false
  write_fits: true
  write_npy: true
selection:
  convtype: null
  dec: -28.9362
  emax: 300000.0
  emin: 100.0
  evclass: 128
  evtype: 3
  filter: null
  glat: null
  glon: null
  logemax: null
  logemin: null
  phasemax: null
  phasemin: null
  ra: 266.405
  radius: null
  roicut: 'no'
  target: null
  tmax: 297043202
  tmin: 283996802
  zmax: 90.0
sourcefind:
  free_params: []
  max_iter: 5
  min_separation: 1.0
  model: {}
  multithread: false
  nthread: null
  sources_per_iter: 4
  sqrt_ts_threshold: 5.0
  tsmap_fitter: tsmap
tscube:
  cov_scale: -1.0
  cov_scale_bb: -1.0
  do_sed: true
  exclude: []
  init_lambda: 0.0
  max_iter: 30
  model: {}
  nnorm: 10
  norm_sigma: 5.0
  remake_test_source: false
  st_scan_level: 0
  tol: 0.001
  tol_type: 0
tsmap:
  exclude: []
  loge_bounds: []
  make_plots: false
  max_kernel_radius: 3.0
  model: {}
  multithread: false
  nthread: null
  write_fits: true
  write_npy: true

2020-04-09 11:37:50 DEBUG   GTAnalysis._create_component(): Creating Analysis Component: 00
2020-04-09 11:37:50 DEBUG   GTBinnedAnalysis.__init__(): Automatically setting selection radius to 1.91421356237 deg
2020-04-09 11:37:50 DEBUG   GTBinnedAnalysis.print_config(): Configuration:
binning:
  binsperdec: 8.0
  binsz: 0.1
  coordsys: CEL
  enumbins: null
  hpx_ebin: true
  hpx_order: 10
  hpx_ordering_scheme: RING
  npix: null
  proj: AIT
  projtype: WCS
  roiwidth: 2.0
data:
  cacheft1: true
  evfile: ft1.lst
  ltcube: null
  scfile: ft2.fits
file_suffix: _00
fileio:
  logfile: fermipy.log
  outdir: results
  outdir_regex:
  - \.fits$|\.fit$|\.xml$|\.npy$|\.png$|\.pdf$|\.yaml$
  savefits: true
  scratchdir: /scratch
  usescratch: false
  workdir: /home/mpotto/Pesquisa/astroph/assignments/fermi-runs/gc1_090420/results
  workdir_regex:
  - \.fits$|\.fit$|\.xml$|\.npy$
gtlike:
  bexpmap: null
  bexpmap_base: null
  bexpmap_roi: null
  bexpmap_roi_base: null
  convolve: true
  edisp: true
  edisp_bins: -1
  edisp_disable:
  - isodiff
  - galdiff
  expscale: null
  irfs: P8R2_SOURCE_V6
  llscan_npts: 20
  minbinsz: 0.05
  resample: true
  rfactor: 2
  src_expscale: {}
  srcmap: null
  srcmap_base: null
  use_external_srcmap: false
  use_scaled_srcmap: false
  wmap: null
logging:
  chatter: 3
  prefix: ''
  verbosity: 3
ltcube:
  binsz: 1.0
  dcostheta: 0.025
  phibins: 0
  use_local_ltcube: false
model:
  assoc_xmatch_columns:
  - 3FGL_Name
  catalogs:
  - 4FGL
  diffuse: []
  diffuse_dir: []
  diffuse_xml: []
  extdir: null
  extract_diffuse: false
  galdiff:
  - $FERMI_DIFFUSE_DIR/gll_iem_v07.fits
  isodiff:
  - iso_P8R2_SOURCE_V6_v06.txt
  limbdiff: []
  merge_sources: true
  sources: []
  src_radius: null
  src_radius_roi: null
  src_roiwidth: 2.0
name: '00'
selection:
  convtype: null
  dec: -28.9362
  emax: 300000.0
  emin: 100.0
  evclass: 128
  evtype: 3
  filter: null
  glat: null
  glon: null
  logemax: !!python/object/apply:numpy.core.multiarray.scalar
  - &id001 !!python/object/apply:numpy.dtype
    args:
    - f8
    - 0
    - 1
    state: !!python/tuple
    - 3
    - <
    - null
    - null
    - null
    - -1
    - -1
    - 0
  - !!binary |
    YP1keZLoFUA=
  logemin: !!python/object/apply:numpy.core.multiarray.scalar
  - *id001
  - "\0\0\0\0\0\0\0@"
  phasemax: null
  phasemin: null
  ra: 266.405
  radius: 1.9142135623730951
  roicut: 'no'
  target: null
  tmax: 297043202
  tmin: 283996802
  zmax: 90.0

2020-04-09 11:37:51 INFO    GTAnalysis.setup(): Running setup.
2020-04-09 11:37:51 INFO    GTBinnedAnalysis.setup(): Running setup for component 00
2020-04-09 11:37:51 INFO    GTBinnedAnalysis._select_data(): Skipping data selection.
2020-04-09 11:37:51 INFO    GTBinnedAnalysis._create_ltcube(): Skipping LT Cube.
2020-04-09 11:37:51 DEBUG   GTBinnedAnalysis.setup(): Loading LT Cube /home/mpotto/Pesquisa/astroph/assignments/fermi-runs/gc1_090420/results/ltcube_00.fits
2020-04-09 11:37:51 DEBUG   GTBinnedAnalysis.setup(): Creating PSF model
2020-04-09 11:37:52 DEBUG   GTBinnedAnalysis._bin_data(): Skipping gtbin.
2020-04-09 11:37:52 INFO    GTBinnedAnalysis._create_expcube(): Skipping gtexpcube.
2020-04-09 11:37:52 INFO    GTBinnedAnalysis._create_srcmaps(): Skipping gtsrcmaps.
2020-04-09 11:37:52 INFO    GTBinnedAnalysis.setup(): Finished setup for component 00
2020-04-09 11:37:52 INFO    GTBinnedAnalysis._create_binned_analysis(): Creating BinnedAnalysis for component 00.
2020-04-09 11:37:52 DEBUG   GTBinnedAnalysis._create_binned_analysis(): Creating BinnedObs
2020-04-09 11:37:52 DEBUG   GTBinnedAnalysis._create_binned_analysis(): {'irfs': 'P8R2_SOURCE_V6', 'expCube': '/home/mpotto/Pesquisa/astroph/assignments/fermi-runs/gc1_090420/results/ltcube_00.fits', 'srcMaps': '/home/mpotto/Pesquisa/astroph/assignments/fermi-runs/gc1_090420/results/srcmap_00.fits', 'binnedExpMap': '/home/mpotto/Pesquisa/astroph/assignments/fermi-runs/gc1_090420/results/bexpmap_00.fits'}
2020-04-09 11:37:53 DEBUG   GTBinnedAnalysis._create_binned_analysis(): Creating BinnedAnalysis
2020-04-09 11:37:53 DEBUG   GTBinnedAnalysis._create_binned_analysis(): {'minbinsz': 0.05, 'convolve': True, 'optimizer': 'MINUIT', 'resamp_fact': 2, 'srcModel': '/home/mpotto/Pesquisa/astroph/assignments/fermi-runs/gc1_090420/results/srcmdl_00.xml', 'resample': True, 'edisp_bins': -1, 'wmap': None}
2020-04-09 11:38:03 DEBUG   GTBinnedAnalysis._create_binned_analysis(): Disabling energy dispersion for isodiff
2020-04-09 11:38:03 DEBUG   GTBinnedAnalysis._create_binned_analysis(): Disabling energy dispersion for galdiff
2020-04-09 11:38:03 DEBUG   GTBinnedAnalysis._create_binned_analysis(): Computing fixed weights
2020-04-09 11:38:03 DEBUG   GTBinnedAnalysis._create_binned_analysis(): Updating source maps
2020-04-09 11:38:03 INFO    GTAnalysis.setup(): Initializing source properties
2020-04-09 11:38:03 DEBUG   GTAnalysis.setup(): Initializing source 4FGL J1742.5-2833
2020-04-09 11:38:03 DEBUG   GTAnalysis.get_src_model(): Generating source dict for 4FGL J1742.5-2833
2020-04-09 11:38:03 DEBUG   GTAnalysis.setup(): Initializing source 4FGL J1745.6-2859
2020-04-09 11:38:03 DEBUG   GTAnalysis.get_src_model(): Generating source dict for 4FGL J1745.6-2859
2020-04-09 11:38:03 DEBUG   GTAnalysis.setup(): Initializing source 4FGL J1746.4-2852
2020-04-09 11:38:03 DEBUG   GTAnalysis.get_src_model(): Generating source dict for 4FGL J1746.4-2852
2020-04-09 11:38:03 DEBUG   GTAnalysis.setup(): Initializing source 4FGL J1748.3-2906
2020-04-09 11:38:03 DEBUG   GTAnalysis.get_src_model(): Generating source dict for 4FGL J1748.3-2906
2020-04-09 11:38:03 DEBUG   GTAnalysis.setup(): Initializing source galdiff
2020-04-09 11:38:03 DEBUG   GTAnalysis.get_src_model(): Generating source dict for galdiff
2020-04-09 11:38:03 DEBUG   GTAnalysis.setup(): Initializing source isodiff
2020-04-09 11:38:03 DEBUG   GTAnalysis.get_src_model(): Generating source dict for isodiff
2020-04-09 11:38:03 INFO    GTAnalysis.setup(): Finished setup.
2020-04-09 11:38:08 INFO    GTAnalysis.optimize(): Starting
2020-04-09 11:38:08 DEBUG   GTAnalysis.optimize(): LogLike: 424.672137
2020-04-09 11:38:08 DEBUG   GTAnalysis.free_source(): Freeing parameters for galdiff               : ['Prefactor']
2020-04-09 11:38:08 DEBUG   GTAnalysis.free_source(): Freeing parameters for 4FGL J1745.6-2859     : ['norm']
2020-04-09 11:38:08 DEBUG   GTAnalysis.fit(): Starting fit.
2020-04-09 11:38:08 DEBUG   GTAnalysis.fit(): Fit complete.
2020-04-09 11:38:08 DEBUG   GTAnalysis.get_src_model(): Generating source dict for 4FGL J1745.6-2859
2020-04-09 11:38:08 DEBUG   GTAnalysis.profile_norm(): Profiling 4FGL J1745.6-2859
2020-04-09 11:38:08 DEBUG   GTAnalysis.profile_norm(): Finished
2020-04-09 11:38:08 DEBUG   GTAnalysis.get_src_model(): Generating source dict for galdiff
2020-04-09 11:38:08 DEBUG   GTAnalysis.profile_norm(): Profiling galdiff
2020-04-09 11:38:08 DEBUG   GTAnalysis.profile_norm(): Finished
2020-04-09 11:38:08 DEBUG   GTAnalysis.fit(): Fit returned successfully. Quality:   3 Status:   0
2020-04-09 11:38:08 DEBUG   GTAnalysis.fit(): LogLike:      759.788 DeltaLogLike:      335.116 
2020-04-09 11:38:08 DEBUG   GTAnalysis.free_source(): Fixing parameters for 4FGL J1745.6-2859     : ['norm']
2020-04-09 11:38:08 DEBUG   GTAnalysis.free_source(): Fixing parameters for galdiff               : ['Prefactor']
2020-04-09 11:38:08 DEBUG   GTAnalysis.optimize(): Fitting 4FGL J1746.4-2852 npred:    372.427 TS:        nan
2020-04-09 11:38:08 DEBUG   GTAnalysis.free_source(): Freeing parameters for 4FGL J1746.4-2852     : ['norm']
2020-04-09 11:38:08 DEBUG   GTAnalysis.fit(): Starting fit.
2020-04-09 11:38:08 DEBUG   GTAnalysis.fit(): Fit complete.
2020-04-09 11:38:08 DEBUG   GTAnalysis.get_src_model(): Generating source dict for 4FGL J1746.4-2852
2020-04-09 11:38:08 DEBUG   GTAnalysis.profile_norm(): Profiling 4FGL J1746.4-2852
2020-04-09 11:38:08 DEBUG   GTAnalysis.profile_norm(): Finished
2020-04-09 11:38:08 DEBUG   GTAnalysis.fit(): Fit returned successfully. Quality:   3 Status:   0
2020-04-09 11:38:08 DEBUG   GTAnalysis.fit(): LogLike:      759.790 DeltaLogLike:        0.002 
2020-04-09 11:38:08 DEBUG   GTAnalysis.optimize(): Post-fit Results npred:    376.976 TS:     35.658
2020-04-09 11:38:08 DEBUG   GTAnalysis.free_source(): Fixing parameters for 4FGL J1746.4-2852     : ['norm']
2020-04-09 11:38:08 DEBUG   GTAnalysis.optimize(): Fitting isodiff npred:    115.482 TS:        nan
2020-04-09 11:38:08 DEBUG   GTAnalysis.free_source(): Freeing parameters for isodiff               : ['Normalization']
2020-04-09 11:38:08 DEBUG   GTAnalysis.fit(): Starting fit.
2020-04-09 11:38:08 DEBUG   GTAnalysis.fit(): Fit complete.
2020-04-09 11:38:08 DEBUG   GTAnalysis.get_src_model(): Generating source dict for isodiff
2020-04-09 11:38:08 DEBUG   GTAnalysis.profile_norm(): Profiling isodiff
2020-04-09 11:38:08 DEBUG   GTAnalysis.profile_norm(): Finished
2020-04-09 11:38:08 DEBUG   GTAnalysis.fit(): Fit returned successfully. Quality:   3 Status:   0
2020-04-09 11:38:08 DEBUG   GTAnalysis.fit(): LogLike:      760.525 DeltaLogLike:        0.735 
2020-04-09 11:38:08 DEBUG   GTAnalysis.optimize(): Post-fit Results npred:    212.885 TS:      7.130
2020-04-09 11:38:08 DEBUG   GTAnalysis.free_source(): Fixing parameters for isodiff               : ['Normalization']
2020-04-09 11:38:08 DEBUG   GTAnalysis.optimize(): Fitting 4FGL J1742.5-2833 npred:    101.698 TS:        nan
2020-04-09 11:38:08 DEBUG   GTAnalysis.free_source(): Freeing parameters for 4FGL J1742.5-2833     : ['Prefactor']
2020-04-09 11:38:08 DEBUG   GTAnalysis.fit(): Starting fit.
2020-04-09 11:38:08 DEBUG   GTAnalysis.fit(): Fit complete.
2020-04-09 11:38:08 DEBUG   GTAnalysis.get_src_model(): Generating source dict for 4FGL J1742.5-2833
2020-04-09 11:38:08 DEBUG   GTAnalysis.profile_norm(): Profiling 4FGL J1742.5-2833
2020-04-09 11:38:08 DEBUG   GTAnalysis.profile_norm(): Finished
2020-04-09 11:38:08 DEBUG   GTAnalysis.fit(): Fit returned successfully. Quality:   3 Status:   0
2020-04-09 11:38:08 DEBUG   GTAnalysis.fit(): LogLike:      762.693 DeltaLogLike:        2.168 
2020-04-09 11:38:08 DEBUG   GTAnalysis.optimize(): Post-fit Results npred:    237.498 TS:     14.151
2020-04-09 11:38:08 DEBUG   GTAnalysis.free_source(): Fixing parameters for 4FGL J1742.5-2833     : ['Prefactor']
2020-04-09 11:38:08 DEBUG   GTAnalysis.optimize(): Fitting 4FGL J1748.3-2906 npred:     94.556 TS:        nan
2020-04-09 11:38:08 DEBUG   GTAnalysis.free_source(): Freeing parameters for 4FGL J1748.3-2906     : ['norm']
2020-04-09 11:38:08 DEBUG   GTAnalysis.fit(): Starting fit.
2020-04-09 11:38:08 DEBUG   GTAnalysis.fit(): Fit complete.
2020-04-09 11:38:08 DEBUG   GTAnalysis.get_src_model(): Generating source dict for 4FGL J1748.3-2906
2020-04-09 11:38:08 DEBUG   GTAnalysis.profile_norm(): Profiling 4FGL J1748.3-2906
2020-04-09 11:38:08 DEBUG   GTAnalysis.profile_norm(): Finished
2020-04-09 11:38:08 DEBUG   GTAnalysis.fit(): Fit returned successfully. Quality:   3 Status:   0
2020-04-09 11:38:08 DEBUG   GTAnalysis.fit(): LogLike:      766.768 DeltaLogLike:        4.075 
2020-04-09 11:38:08 DEBUG   GTAnalysis.optimize(): Post-fit Results npred:    207.221 TS:     32.057
2020-04-09 11:38:08 DEBUG   GTAnalysis.free_source(): Fixing parameters for 4FGL J1748.3-2906     : ['norm']
2020-04-09 11:38:08 DEBUG   GTAnalysis.optimize(): Fitting shape galdiff TS:   3258.891
2020-04-09 11:38:08 DEBUG   GTAnalysis.free_source(): Freeing parameters for galdiff               : ['Prefactor', 'Index']
2020-04-09 11:38:08 DEBUG   GTAnalysis.fit(): Starting fit.
2020-04-09 11:38:08 DEBUG   GTAnalysis.fit(): Fit complete.
2020-04-09 11:38:08 DEBUG   GTAnalysis.get_src_model(): Generating source dict for galdiff
2020-04-09 11:38:08 DEBUG   GTAnalysis.profile_norm(): Profiling galdiff
2020-04-09 11:38:08 DEBUG   GTAnalysis.free_source(): Fixing parameters for galdiff               : ['Index']
2020-04-09 11:38:08 DEBUG   GTAnalysis.profile_norm(): Finished
2020-04-09 11:38:08 DEBUG   GTAnalysis.fit(): Fit returned successfully. Quality:   3 Status:   0
2020-04-09 11:38:08 DEBUG   GTAnalysis.fit(): LogLike:      773.509 DeltaLogLike:        6.741 
2020-04-09 11:38:08 DEBUG   GTAnalysis.free_source(): Fixing parameters for galdiff               : ['Prefactor', 'Index']
2020-04-09 11:38:08 DEBUG   GTAnalysis.optimize(): Fitting shape 4FGL J1745.6-2859 TS:    939.689
2020-04-09 11:38:08 DEBUG   GTAnalysis.free_source(): Freeing parameters for 4FGL J1745.6-2859     : ['norm', 'alpha', 'beta']
2020-04-09 11:38:08 DEBUG   GTAnalysis.fit(): Starting fit.
2020-04-09 11:38:08 DEBUG   GTAnalysis.fit(): Fit complete.
2020-04-09 11:38:08 DEBUG   GTAnalysis.get_src_model(): Generating source dict for 4FGL J1745.6-2859
2020-04-09 11:38:08 DEBUG   GTAnalysis.profile_norm(): Profiling 4FGL J1745.6-2859
2020-04-09 11:38:08 DEBUG   GTAnalysis.free_source(): Fixing parameters for 4FGL J1745.6-2859     : ['alpha', 'beta']
2020-04-09 11:38:08 DEBUG   GTAnalysis.profile_norm(): Finished
2020-04-09 11:38:08 DEBUG   GTAnalysis.fit(): Fit returned successfully. Quality:   3 Status:   0
2020-04-09 11:38:08 DEBUG   GTAnalysis.fit(): LogLike:      800.644 DeltaLogLike:       27.135 
2020-04-09 11:38:08 DEBUG   GTAnalysis.free_source(): Fixing parameters for 4FGL J1745.6-2859     : ['norm', 'alpha', 'beta']
2020-04-09 11:38:08 DEBUG   GTAnalysis.optimize(): Fitting shape 4FGL J1746.4-2852 TS:     35.658
2020-04-09 11:38:08 DEBUG   GTAnalysis.free_source(): Freeing parameters for 4FGL J1746.4-2852     : ['norm', 'alpha', 'beta']
2020-04-09 11:38:08 DEBUG   GTAnalysis.fit(): Starting fit.
2020-04-09 11:38:08 DEBUG   GTAnalysis.fit(): Fit complete.
2020-04-09 11:38:08 DEBUG   GTAnalysis.get_src_model(): Generating source dict for 4FGL J1746.4-2852
2020-04-09 11:38:08 DEBUG   GTAnalysis.profile_norm(): Profiling 4FGL J1746.4-2852
2020-04-09 11:38:08 DEBUG   GTAnalysis.free_source(): Fixing parameters for 4FGL J1746.4-2852     : ['alpha', 'beta']
2020-04-09 11:38:08 DEBUG   GTAnalysis.profile_norm(): Finished
2020-04-09 11:38:08 DEBUG   GTAnalysis.fit(): Fit returned successfully. Quality:   3 Status:   0
2020-04-09 11:38:08 DEBUG   GTAnalysis.fit(): LogLike:      803.145 DeltaLogLike:        2.501 
2020-04-09 11:38:08 DEBUG   GTAnalysis.free_source(): Fixing parameters for 4FGL J1746.4-2852     : ['norm', 'alpha', 'beta']
2020-04-09 11:38:08 DEBUG   GTAnalysis.optimize(): Fitting shape 4FGL J1748.3-2906 TS:     32.057
2020-04-09 11:38:08 DEBUG   GTAnalysis.free_source(): Freeing parameters for 4FGL J1748.3-2906     : ['norm', 'alpha', 'beta']
2020-04-09 11:38:08 DEBUG   GTAnalysis.fit(): Starting fit.
2020-04-09 11:38:08 DEBUG   GTAnalysis.fit(): Fit complete.
2020-04-09 11:38:08 DEBUG   GTAnalysis.get_src_model(): Generating source dict for 4FGL J1748.3-2906
2020-04-09 11:38:08 DEBUG   GTAnalysis.profile_norm(): Profiling 4FGL J1748.3-2906
2020-04-09 11:38:08 DEBUG   GTAnalysis.free_source(): Fixing parameters for 4FGL J1748.3-2906     : ['alpha', 'beta']
2020-04-09 11:38:08 DEBUG   GTAnalysis.profile_norm(): Finished
2020-04-09 11:38:08 DEBUG   GTAnalysis.fit(): Fit returned successfully. Quality:   3 Status:   0
2020-04-09 11:38:08 DEBUG   GTAnalysis.fit(): LogLike:      805.603 DeltaLogLike:        2.458 
2020-04-09 11:38:08 DEBUG   GTAnalysis.free_source(): Fixing parameters for 4FGL J1748.3-2906     : ['norm', 'alpha', 'beta']
2020-04-09 11:38:08 INFO    GTAnalysis.optimize(): Finished
2020-04-09 11:38:08 INFO    GTAnalysis.optimize(): LogLike: 805.602677 Delta-LogLike: 380.930539
2020-04-09 11:38:08 INFO    GTAnalysis.optimize(): Execution time: 0.52 s
2020-04-09 11:38:09 INFO    GTAnalysis.print_roi(): 
name                SpatialModel   SpectrumType     offset        ts       npred
--------------------------------------------------------------------------------
4FGL J1745.6-2859   PointSource    LogParabola       0.061   2377.27      4197.6
4FGL J1746.4-2852   PointSource    LogParabola       0.190     72.23       545.0
4FGL J1748.3-2906   PointSource    LogParabola       0.627     48.34       317.8
4FGL J1742.5-2833   PointSource    PowerLaw          0.775     14.15       237.5
isodiff             ConstantValue  FileFunction      -----      7.13       212.9
galdiff             MapCubeFunctio PowerLaw          -----  13074.82      8843.4

2020-04-09 11:38:12 INFO    GTBinnedAnalysis.write_xml(): Writing /home/mpotto/Pesquisa/astroph/assignments/fermi-runs/gc1_090420/results/prefit-model_00.xml...
2020-04-09 11:38:12 INFO    GTAnalysis.write_fits(): Writing /home/mpotto/Pesquisa/astroph/assignments/fermi-runs/gc1_090420/results/prefit-model.fits...
2020-04-09 11:38:12 INFO    GTAnalysis.write_roi(): Writing /home/mpotto/Pesquisa/astroph/assignments/fermi-runs/gc1_090420/results/prefit-model.npy...
2020-04-09 11:39:24 INFO    GTAnalysis.free_source(): Freeing parameters for 4FGL J1745.6-2859     : ['norm']
2020-04-09 11:39:24 INFO    GTAnalysis.free_source(): Freeing parameters for 4FGL J1746.4-2852     : ['norm']
2020-04-09 11:39:24 INFO    GTAnalysis.free_source(): Freeing parameters for 4FGL J1748.3-2906     : ['norm']
2020-04-09 11:39:24 INFO    GTAnalysis.free_source(): Freeing parameters for 4FGL J1742.5-2833     : ['Prefactor']
2020-04-09 11:39:24 INFO    GTAnalysis.free_source(): Freeing parameters for isodiff               : ['Normalization']
2020-04-09 11:39:24 INFO    GTAnalysis.free_source(): Freeing parameters for galdiff               : ['Prefactor']
2020-04-09 11:40:05 INFO    GTAnalysis.free_source(): Fixing parameters for galdiff               : ['Prefactor']
2020-04-09 11:40:16 INFO    GTAnalysis.free_source(): Fixing parameters for isodiff               : ['Normalization']
2020-04-09 11:40:17 INFO    GTAnalysis.fit(): Starting fit.
2020-04-09 11:40:17 DEBUG   GTAnalysis.fit(): Fit complete.
2020-04-09 11:40:17 DEBUG   GTAnalysis.get_src_model(): Generating source dict for 4FGL J1742.5-2833
2020-04-09 11:40:17 DEBUG   GTAnalysis.profile_norm(): Profiling 4FGL J1742.5-2833
2020-04-09 11:40:17 DEBUG   GTAnalysis.profile_norm(): Finished
2020-04-09 11:40:17 DEBUG   GTAnalysis.get_src_model(): Generating source dict for 4FGL J1745.6-2859
2020-04-09 11:40:17 DEBUG   GTAnalysis.profile_norm(): Profiling 4FGL J1745.6-2859
2020-04-09 11:40:17 DEBUG   GTAnalysis.profile_norm(): Finished
2020-04-09 11:40:17 DEBUG   GTAnalysis.get_src_model(): Generating source dict for 4FGL J1746.4-2852
2020-04-09 11:40:17 DEBUG   GTAnalysis.profile_norm(): Profiling 4FGL J1746.4-2852
2020-04-09 11:40:17 DEBUG   GTAnalysis.profile_norm(): Finished
2020-04-09 11:40:17 DEBUG   GTAnalysis.get_src_model(): Generating source dict for 4FGL J1748.3-2906
2020-04-09 11:40:17 DEBUG   GTAnalysis.profile_norm(): Profiling 4FGL J1748.3-2906
2020-04-09 11:40:17 DEBUG   GTAnalysis.profile_norm(): Finished
2020-04-09 11:40:17 INFO    GTAnalysis.fit(): Fit returned successfully. Quality:   3 Status:   0
2020-04-09 11:40:17 INFO    GTAnalysis.fit(): LogLike:      809.816 DeltaLogLike:        4.213 
2020-04-09 11:40:18 INFO    GTBinnedAnalysis.write_xml(): Writing /home/mpotto/Pesquisa/astroph/assignments/fermi-runs/gc1_090420/results/fit_model_00.xml...
2020-04-09 11:40:18 INFO    GTAnalysis.write_fits(): Writing /home/mpotto/Pesquisa/astroph/assignments/fermi-runs/gc1_090420/results/fit_model.fits...
2020-04-09 11:40:18 INFO    GTAnalysis.write_roi(): Writing /home/mpotto/Pesquisa/astroph/assignments/fermi-runs/gc1_090420/results/fit_model.npy...
2020-04-09 11:40:19 INFO    GTAnalysis.residmap(): Generating residual maps
2020-04-09 11:40:19 INFO    GTAnalysis.add_source(): Adding source residmap_testsource
2020-04-09 11:40:21 INFO    GTAnalysis.delete_source(): Deleting source residmap_testsource
2020-04-09 11:40:21 DEBUG   GTBinnedAnalysis.delete_source(): Deleting source residmap_testsource
2020-04-09 11:40:22 INFO    GTAnalysis.residmap(): Finished residual maps
2020-04-09 11:40:22 INFO    GTAnalysis.residmap(): Execution time: 2.75 s
2020-04-09 11:40:22 INFO    GTAnalysis.tsmap(): Generating TS map
2020-04-09 11:40:22 DEBUG   GTAnalysis.add_source(): Adding source tsmap_testsource
2020-04-09 11:40:22 DEBUG   GTAnalysis.delete_source(): Deleting source tsmap_testsource
2020-04-09 11:40:22 DEBUG   GTBinnedAnalysis.delete_source(): Deleting source tsmap_testsource
2020-04-09 11:40:22 INFO    GTAnalysis._make_tsmap_fast(): Fitting test source.
2020-04-09 11:40:23 INFO    GTAnalysis.tsmap(): Finished TS map
2020-04-09 11:40:23 INFO    GTAnalysis.tsmap(): Execution time: 1.38 s
2020-04-09 11:48:12 INFO    GTAnalysis.residmap(): Generating residual maps
2020-04-09 11:48:12 INFO    GTAnalysis.add_source(): Adding source residmap_testsource
2020-04-09 11:48:13 INFO    GTAnalysis.delete_source(): Deleting source residmap_testsource
2020-04-09 11:48:13 DEBUG   GTBinnedAnalysis.delete_source(): Deleting source residmap_testsource
2020-04-09 11:48:15 INFO    GTAnalysis.residmap(): Finished residual maps
2020-04-09 11:48:15 INFO    GTAnalysis.residmap(): Execution time: 2.73 s
2020-04-09 11:48:15 INFO    GTAnalysis.tsmap(): Generating TS map
2020-04-09 11:48:15 DEBUG   GTAnalysis.add_source(): Adding source tsmap_testsource
2020-04-09 11:48:15 DEBUG   GTAnalysis.delete_source(): Deleting source tsmap_testsource
2020-04-09 11:48:15 DEBUG   GTBinnedAnalysis.delete_source(): Deleting source tsmap_testsource
2020-04-09 11:48:15 INFO    GTAnalysis._make_tsmap_fast(): Fitting test source.
2020-04-09 11:48:16 INFO    GTAnalysis.tsmap(): Finished TS map
2020-04-09 11:48:16 INFO    GTAnalysis.tsmap(): Execution time: 1.37 s
