2020-04-06 16:31:48 INFO    GTAnalysis.__init__(): 
--------------------------------------------------------------------------------
fermipy version 0.18.1 
ScienceTools version unknown
2020-04-06 16:31:48 DEBUG   GTAnalysis.print_config(): Configuration:
binning:
  binsperdec: 8.0
  binsz: 0.1
  coordsys: CEL
  enumbins: null
  hpx_ebin: true
  hpx_order: 10
  hpx_ordering_scheme: RING
  npix: null
  proj: AIT
  projtype: WCS
  roiwidth: 10.0
components: []
data:
  cacheft1: true
  evfile: ft1.fits
  ltcube: ltcube_test.fits
  scfile: ft2.fits
extension:
  fit_ebin: false
  fit_position: false
  fix_shape: false
  free_background: false
  free_radius: null
  make_plots: false
  make_tsmap: true
  psf_scale_fn: null
  save_model_map: false
  spatial_model: RadialGaussian
  sqrt_ts_threshold: null
  tsmap_fitter: tsmap
  update: false
  width: []
  width_max: 1.0
  width_min: 0.01
  width_nstep: 21
  write_fits: true
  write_npy: true
fileio:
  logfile: /home/mpotto/Pesquisa/astroph/assignments/fermipy.log
  outdir: /home/mpotto/Pesquisa/astroph/assignments
  outdir_regex:
  - \.fits$|\.fit$|\.xml$|\.npy$|\.png$|\.pdf$|\.yaml$
  savefits: true
  scratchdir: /scratch
  usescratch: false
  workdir: null
  workdir_regex:
  - \.fits$|\.fit$|\.xml$|\.npy$
gtlike:
  bexpmap: null
  bexpmap_base: null
  bexpmap_roi: null
  bexpmap_roi_base: null
  convolve: true
  edisp: true
  edisp_bins: -1
  edisp_disable:
  - isodiff
  - galdiff
  expscale: null
  irfs: P8R2_SOURCE_V6
  llscan_npts: 20
  minbinsz: 0.05
  resample: true
  rfactor: 2
  src_expscale: {}
  srcmap: null
  srcmap_base: null
  use_external_srcmap: false
  use_scaled_srcmap: false
  wmap: null
lightcurve:
  binsz: 86400.0
  free_background: false
  free_params: []
  free_radius: null
  free_sources: []
  make_plots: false
  max_free_sources: 5
  multithread: false
  nbins: null
  nthread: null
  outdir: null
  save_bin_data: true
  shape_ts_threshold: 16.0
  systematic: 0.02
  time_bins: []
  use_local_ltcube: true
  use_scaled_srcmap: false
  write_fits: true
  write_npy: true
localize:
  dtheta_max: 0.5
  fix_shape: false
  free_background: false
  free_radius: null
  make_plots: false
  nstep: 5
  tsmap_fitter: tsmap
  update: true
  write_fits: true
  write_npy: true
logging:
  chatter: 3
  prefix: ''
  verbosity: 3
ltcube:
  binsz: 1.0
  dcostheta: 0.025
  phibins: 0
  use_local_ltcube: false
mc:
  seed: null
model:
  assoc_xmatch_columns:
  - 3FGL_Name
  catalogs:
  - 4FGL
  diffuse: []
  diffuse_dir: []
  diffuse_xml: []
  extdir: null
  extract_diffuse: false
  galdiff:
  - $FERMI_DIFFUSE_DIR/gll_iem_v07.fits
  isodiff:
  - iso_P8R2_SOURCE_V6_v06.txt
  limbdiff: []
  merge_sources: true
  sources: []
  src_radius: null
  src_radius_roi: null
  src_roiwidth: 15.0
optimizer:
  init_lambda: 0.0001
  max_iter: 100
  min_fit_quality: 2
  optimizer: MINUIT
  retries: 3
  tol: 0.001
  verbosity: 0
plotting:
  catalogs: []
  cmap: magma
  cmap_resid: RdBu_r
  figsize:
  - 8.0
  - 6.0
  format: png
  graticule_radii: []
  interactive: false
  label_ts_threshold: 0.0
  loge_bounds: []
residmap:
  exclude: []
  loge_bounds: []
  make_plots: false
  model: {}
  use_weights: false
  write_fits: true
  write_npy: true
roiopt:
  max_free_sources: 5
  npred_frac: 0.95
  npred_threshold: 1.0
  shape_ts_threshold: 25.0
  skip: []
sed:
  bin_index: 2.0
  cov_scale: 3.0
  free_background: false
  free_pars: []
  free_radius: null
  make_plots: false
  ul_confidence: 0.95
  use_local_index: false
  write_fits: true
  write_npy: true
selection:
  convtype: null
  dec: 22.0145
  emax: 300000.0
  emin: 100.0
  evclass: 128
  evtype: 3
  filter: null
  glat: null
  glon: null
  logemax: null
  logemin: null
  phasemax: null
  phasemin: null
  ra: 83.6331
  radius: null
  roicut: 'no'
  target: null
  tmax: 245557417
  tmin: 239557417
  zmax: 90.0
sourcefind:
  free_params: []
  max_iter: 5
  min_separation: 1.0
  model: {}
  multithread: false
  nthread: null
  sources_per_iter: 4
  sqrt_ts_threshold: 5.0
  tsmap_fitter: tsmap
tscube:
  cov_scale: -1.0
  cov_scale_bb: -1.0
  do_sed: true
  exclude: []
  init_lambda: 0.0
  max_iter: 30
  model: {}
  nnorm: 10
  norm_sigma: 5.0
  remake_test_source: false
  st_scan_level: 0
  tol: 0.001
  tol_type: 0
tsmap:
  exclude: []
  loge_bounds: []
  make_plots: false
  max_kernel_radius: 3.0
  model: {}
  multithread: false
  nthread: null
  write_fits: true
  write_npy: true

2020-04-06 16:31:48 DEBUG   GTAnalysis._create_component(): Creating Analysis Component: 00
2020-04-06 16:33:56 INFO    GTAnalysis.__init__(): 
--------------------------------------------------------------------------------
fermipy version 0.18.1 
ScienceTools version unknown
2020-04-06 16:33:56 DEBUG   GTAnalysis.print_config(): Configuration:
binning:
  binsperdec: 8.0
  binsz: 0.1
  coordsys: CEL
  enumbins: null
  hpx_ebin: true
  hpx_order: 10
  hpx_ordering_scheme: RING
  npix: null
  proj: AIT
  projtype: WCS
  roiwidth: 10.0
components: []
data:
  cacheft1: true
  evfile: ft1.fits
  ltcube: ltcube_test.fits
  scfile: ft2.fits
extension:
  fit_ebin: false
  fit_position: false
  fix_shape: false
  free_background: false
  free_radius: null
  make_plots: false
  make_tsmap: true
  psf_scale_fn: null
  save_model_map: false
  spatial_model: RadialGaussian
  sqrt_ts_threshold: null
  tsmap_fitter: tsmap
  update: false
  width: []
  width_max: 1.0
  width_min: 0.01
  width_nstep: 21
  write_fits: true
  write_npy: true
fileio:
  logfile: /home/mpotto/Pesquisa/astroph/assignments/fermi-config/fermipy.log
  outdir: /home/mpotto/Pesquisa/astroph/assignments/fermi-config
  outdir_regex:
  - \.fits$|\.fit$|\.xml$|\.npy$|\.png$|\.pdf$|\.yaml$
  savefits: true
  scratchdir: /scratch
  usescratch: false
  workdir: null
  workdir_regex:
  - \.fits$|\.fit$|\.xml$|\.npy$
gtlike:
  bexpmap: null
  bexpmap_base: null
  bexpmap_roi: null
  bexpmap_roi_base: null
  convolve: true
  edisp: true
  edisp_bins: -1
  edisp_disable:
  - isodiff
  - galdiff
  expscale: null
  irfs: P8R2_SOURCE_V6
  llscan_npts: 20
  minbinsz: 0.05
  resample: true
  rfactor: 2
  src_expscale: {}
  srcmap: null
  srcmap_base: null
  use_external_srcmap: false
  use_scaled_srcmap: false
  wmap: null
lightcurve:
  binsz: 86400.0
  free_background: false
  free_params: []
  free_radius: null
  free_sources: []
  make_plots: false
  max_free_sources: 5
  multithread: false
  nbins: null
  nthread: null
  outdir: null
  save_bin_data: true
  shape_ts_threshold: 16.0
  systematic: 0.02
  time_bins: []
  use_local_ltcube: true
  use_scaled_srcmap: false
  write_fits: true
  write_npy: true
localize:
  dtheta_max: 0.5
  fix_shape: false
  free_background: false
  free_radius: null
  make_plots: false
  nstep: 5
  tsmap_fitter: tsmap
  update: true
  write_fits: true
  write_npy: true
logging:
  chatter: 3
  prefix: ''
  verbosity: 3
ltcube:
  binsz: 1.0
  dcostheta: 0.025
  phibins: 0
  use_local_ltcube: false
mc:
  seed: null
model:
  assoc_xmatch_columns:
  - 3FGL_Name
  catalogs:
  - 4FGL
  diffuse: []
  diffuse_dir: []
  diffuse_xml: []
  extdir: null
  extract_diffuse: false
  galdiff:
  - $FERMI_DIFFUSE_DIR/gll_iem_v07.fits
  isodiff:
  - iso_P8R2_SOURCE_V6_v06.txt
  limbdiff: []
  merge_sources: true
  sources: []
  src_radius: null
  src_radius_roi: null
  src_roiwidth: 15.0
optimizer:
  init_lambda: 0.0001
  max_iter: 100
  min_fit_quality: 2
  optimizer: MINUIT
  retries: 3
  tol: 0.001
  verbosity: 0
plotting:
  catalogs: []
  cmap: magma
  cmap_resid: RdBu_r
  figsize:
  - 8.0
  - 6.0
  format: png
  graticule_radii: []
  interactive: false
  label_ts_threshold: 0.0
  loge_bounds: []
residmap:
  exclude: []
  loge_bounds: []
  make_plots: false
  model: {}
  use_weights: false
  write_fits: true
  write_npy: true
roiopt:
  max_free_sources: 5
  npred_frac: 0.95
  npred_threshold: 1.0
  shape_ts_threshold: 25.0
  skip: []
sed:
  bin_index: 2.0
  cov_scale: 3.0
  free_background: false
  free_pars: []
  free_radius: null
  make_plots: false
  ul_confidence: 0.95
  use_local_index: false
  write_fits: true
  write_npy: true
selection:
  convtype: null
  dec: 22.0145
  emax: 300000.0
  emin: 100.0
  evclass: 128
  evtype: 3
  filter: null
  glat: null
  glon: null
  logemax: null
  logemin: null
  phasemax: null
  phasemin: null
  ra: 83.6331
  radius: null
  roicut: 'no'
  target: null
  tmax: 245557417
  tmin: 239557417
  zmax: 90.0
sourcefind:
  free_params: []
  max_iter: 5
  min_separation: 1.0
  model: {}
  multithread: false
  nthread: null
  sources_per_iter: 4
  sqrt_ts_threshold: 5.0
  tsmap_fitter: tsmap
tscube:
  cov_scale: -1.0
  cov_scale_bb: -1.0
  do_sed: true
  exclude: []
  init_lambda: 0.0
  max_iter: 30
  model: {}
  nnorm: 10
  norm_sigma: 5.0
  remake_test_source: false
  st_scan_level: 0
  tol: 0.001
  tol_type: 0
tsmap:
  exclude: []
  loge_bounds: []
  make_plots: false
  max_kernel_radius: 3.0
  model: {}
  multithread: false
  nthread: null
  write_fits: true
  write_npy: true

2020-04-06 16:33:56 DEBUG   GTAnalysis._create_component(): Creating Analysis Component: 00
2020-04-06 16:33:56 DEBUG   GTBinnedAnalysis.__init__(): Automatically setting selection radius to 7.57106781187 deg
2020-04-06 16:33:56 DEBUG   GTBinnedAnalysis.print_config(): Configuration:
binning:
  binsperdec: 8.0
  binsz: 0.1
  coordsys: CEL
  enumbins: null
  hpx_ebin: true
  hpx_order: 10
  hpx_ordering_scheme: RING
  npix: null
  proj: AIT
  projtype: WCS
  roiwidth: 10.0
data:
  cacheft1: true
  evfile: ft1.fits
  ltcube: ltcube_test.fits
  scfile: ft2.fits
file_suffix: _00
fileio:
  logfile: /home/mpotto/Pesquisa/astroph/assignments/fermi-config/fermipy.log
  outdir: /home/mpotto/Pesquisa/astroph/assignments/fermi-config
  outdir_regex:
  - \.fits$|\.fit$|\.xml$|\.npy$|\.png$|\.pdf$|\.yaml$
  savefits: true
  scratchdir: /scratch
  usescratch: false
  workdir: /home/mpotto/Pesquisa/astroph/assignments/fermi-config
  workdir_regex:
  - \.fits$|\.fit$|\.xml$|\.npy$
gtlike:
  bexpmap: null
  bexpmap_base: null
  bexpmap_roi: null
  bexpmap_roi_base: null
  convolve: true
  edisp: true
  edisp_bins: -1
  edisp_disable:
  - isodiff
  - galdiff
  expscale: null
  irfs: P8R2_SOURCE_V6
  llscan_npts: 20
  minbinsz: 0.05
  resample: true
  rfactor: 2
  src_expscale: {}
  srcmap: null
  srcmap_base: null
  use_external_srcmap: false
  use_scaled_srcmap: false
  wmap: null
logging:
  chatter: 3
  prefix: ''
  verbosity: 3
ltcube:
  binsz: 1.0
  dcostheta: 0.025
  phibins: 0
  use_local_ltcube: false
model:
  assoc_xmatch_columns:
  - 3FGL_Name
  catalogs:
  - 4FGL
  diffuse: []
  diffuse_dir: []
  diffuse_xml: []
  extdir: null
  extract_diffuse: false
  galdiff:
  - $FERMI_DIFFUSE_DIR/gll_iem_v07.fits
  isodiff:
  - iso_P8R2_SOURCE_V6_v06.txt
  limbdiff: []
  merge_sources: true
  sources: []
  src_radius: null
  src_radius_roi: null
  src_roiwidth: 15.0
name: '00'
selection:
  convtype: null
  dec: 22.0145
  emax: 300000.0
  emin: 100.0
  evclass: 128
  evtype: 3
  filter: null
  glat: null
  glon: null
  logemax: !!python/object/apply:numpy.core.multiarray.scalar
  - &id001 !!python/object/apply:numpy.dtype
    args:
    - f8
    - 0
    - 1
    state: !!python/tuple
    - 3
    - <
    - null
    - null
    - null
    - -1
    - -1
    - 0
  - !!binary |
    YP1keZLoFUA=
  logemin: !!python/object/apply:numpy.core.multiarray.scalar
  - *id001
  - "\0\0\0\0\0\0\0@"
  phasemax: null
  phasemin: null
  ra: 83.6331
  radius: 7.5710678118654755
  roicut: 'no'
  target: null
  tmax: 245557417
  tmin: 239557417
  zmax: 90.0

2020-04-06 16:33:56 INFO    GTAnalysis.setup(): Running setup.
2020-04-06 16:33:56 INFO    GTBinnedAnalysis.setup(): Running setup for component 00
2020-04-06 16:33:56 INFO    GTBinnedAnalysis._select_data(): Skipping data selection.
2020-04-06 16:33:56 INFO    GTBinnedAnalysis.setup(): Using external LT cube.
2020-04-06 16:33:56 DEBUG   GTBinnedAnalysis.setup(): Loading LT Cube /home/mpotto/Pesquisa/astroph/assignments/fermi-config/ltcube_test.fits
2020-04-06 16:33:56 DEBUG   GTBinnedAnalysis.setup(): Creating PSF model
2020-04-06 16:33:57 DEBUG   GTBinnedAnalysis._bin_data(): Skipping gtbin.
2020-04-06 16:33:57 INFO    GTBinnedAnalysis._create_expcube(): Skipping gtexpcube.
2020-04-06 16:33:57 INFO    GTBinnedAnalysis.run_gtapp(): Running gtsrcmaps.
2020-04-06 16:33:57 INFO    GTBinnedAnalysis.run_gtapp(): time -p gtsrcmaps scfile=ft2.fits sctable="SC_DATA" expcube=/home/mpotto/Pesquisa/astroph/assignments/fermi-config/ltcube_test.fits cmap=/home/mpotto/Pesquisa/astroph/assignments/fermi-config/ccube_00.fits srcmdl=/home/mpotto/Pesquisa/astroph/assignments/fermi-config/srcmdl_00.xml bexpmap=/home/mpotto/Pesquisa/astroph/assignments/fermi-config/bexpmap_00.fits wmap=none outfile=/home/mpotto/Pesquisa/astroph/assignments/fermi-config/srcmap_00.fits irfs="P8R2_SOURCE_V6" evtype=3 convol=yes resample=yes rfactor=2 minbinsz=0.05 ptsrc=yes psfcorr=yes emapbnds=no edisp_bins=-1 copyall=no chatter=3 clobber=yes debug=no gui=no mode="ql"
2020-04-06 16:34:07 INFO    GTBinnedAnalysis.run_gtapp(): 
2020-04-06 16:34:07 INFO    GTBinnedAnalysis.run_gtapp(): WARNING: version mismatch between CFITSIO header (v3.43) and linked library (v3.41).
2020-04-06 16:34:07 INFO    GTBinnedAnalysis.run_gtapp(): 
2020-04-06 16:34:07 INFO    GTBinnedAnalysis.run_gtapp(): This is gtsrcmaps version HEAD
2020-04-06 16:34:07 INFO    GTBinnedAnalysis.run_gtapp(): Using evtype=3 (i.e., FRONT/BACK irfs)
2020-04-06 16:34:07 INFO    GTBinnedAnalysis.run_gtapp(): ResponseFunctions::load: IRF used: P8R2_SOURCE_V6
2020-04-06 16:34:07 INFO    GTBinnedAnalysis.run_gtapp(): event_types:  0  1
2020-04-06 16:34:07 INFO    GTBinnedAnalysis.run_gtapp(): Caught N12_GLOBAL__N_116SkyProjExceptionE at the top level: SkyProj wcslib error 8 : One or more of the pixel coordinates were invalid
2020-04-06 16:34:07 INFO    GTBinnedAnalysis.run_gtapp(): Finished gtsrcmaps. Execution time: 9.70 s
2020-04-06 16:34:07 INFO    GTBinnedAnalysis.setup(): Finished setup for component 00
2020-04-06 16:34:07 INFO    GTBinnedAnalysis._create_binned_analysis(): Creating BinnedAnalysis for component 00.
2020-04-06 16:34:07 DEBUG   GTBinnedAnalysis._create_binned_analysis(): Creating BinnedObs
2020-04-06 16:34:07 DEBUG   GTBinnedAnalysis._create_binned_analysis(): {'irfs': 'P8R2_SOURCE_V6', 'expCube': '/home/mpotto/Pesquisa/astroph/assignments/fermi-config/ltcube_test.fits', 'srcMaps': '/home/mpotto/Pesquisa/astroph/assignments/fermi-config/srcmap_00.fits', 'binnedExpMap': '/home/mpotto/Pesquisa/astroph/assignments/fermi-config/bexpmap_00.fits'}
2020-04-06 16:44:56 INFO    GTAnalysis.__init__(): 
--------------------------------------------------------------------------------
fermipy version 0.18.1 
ScienceTools version unknown
2020-04-06 16:44:56 DEBUG   GTAnalysis.print_config(): Configuration:
binning:
  binsperdec: 8.0
  binsz: 0.1
  coordsys: CEL
  enumbins: null
  hpx_ebin: true
  hpx_order: 10
  hpx_ordering_scheme: RING
  npix: null
  proj: AIT
  projtype: WCS
  roiwidth: 10.0
components: []
data:
  cacheft1: true
  evfile: ft1.lst
  ltcube: ltcube_test.fits
  scfile: ft2.fits
extension:
  fit_ebin: false
  fit_position: false
  fix_shape: false
  free_background: false
  free_radius: null
  make_plots: false
  make_tsmap: true
  psf_scale_fn: null
  save_model_map: false
  spatial_model: RadialGaussian
  sqrt_ts_threshold: null
  tsmap_fitter: tsmap
  update: false
  width: []
  width_max: 1.0
  width_min: 0.01
  width_nstep: 21
  write_fits: true
  write_npy: true
fileio:
  logfile: /home/mpotto/Pesquisa/astroph/assignments/fermi-config/fermipy.log
  outdir: /home/mpotto/Pesquisa/astroph/assignments/fermi-config
  outdir_regex:
  - \.fits$|\.fit$|\.xml$|\.npy$|\.png$|\.pdf$|\.yaml$
  savefits: true
  scratchdir: /scratch
  usescratch: false
  workdir: null
  workdir_regex:
  - \.fits$|\.fit$|\.xml$|\.npy$
gtlike:
  bexpmap: null
  bexpmap_base: null
  bexpmap_roi: null
  bexpmap_roi_base: null
  convolve: true
  edisp: true
  edisp_bins: -1
  edisp_disable:
  - isodiff
  - galdiff
  expscale: null
  irfs: P8R2_SOURCE_V6
  llscan_npts: 20
  minbinsz: 0.05
  resample: true
  rfactor: 2
  src_expscale: {}
  srcmap: null
  srcmap_base: null
  use_external_srcmap: false
  use_scaled_srcmap: false
  wmap: null
lightcurve:
  binsz: 86400.0
  free_background: false
  free_params: []
  free_radius: null
  free_sources: []
  make_plots: false
  max_free_sources: 5
  multithread: false
  nbins: null
  nthread: null
  outdir: null
  save_bin_data: true
  shape_ts_threshold: 16.0
  systematic: 0.02
  time_bins: []
  use_local_ltcube: true
  use_scaled_srcmap: false
  write_fits: true
  write_npy: true
localize:
  dtheta_max: 0.5
  fix_shape: false
  free_background: false
  free_radius: null
  make_plots: false
  nstep: 5
  tsmap_fitter: tsmap
  update: true
  write_fits: true
  write_npy: true
logging:
  chatter: 3
  prefix: ''
  verbosity: 3
ltcube:
  binsz: 1.0
  dcostheta: 0.025
  phibins: 0
  use_local_ltcube: false
mc:
  seed: null
model:
  assoc_xmatch_columns:
  - 3FGL_Name
  catalogs:
  - 4FGL
  diffuse: []
  diffuse_dir: []
  diffuse_xml: []
  extdir: null
  extract_diffuse: false
  galdiff:
  - $FERMI_DIFFUSE_DIR/gll_iem_v07.fits
  isodiff:
  - iso_P8R2_SOURCE_V6_v06.txt
  limbdiff: []
  merge_sources: true
  sources: []
  src_radius: null
  src_radius_roi: null
  src_roiwidth: 15.0
optimizer:
  init_lambda: 0.0001
  max_iter: 100
  min_fit_quality: 2
  optimizer: MINUIT
  retries: 3
  tol: 0.001
  verbosity: 0
plotting:
  catalogs: []
  cmap: magma
  cmap_resid: RdBu_r
  figsize:
  - 8.0
  - 6.0
  format: png
  graticule_radii: []
  interactive: false
  label_ts_threshold: 0.0
  loge_bounds: []
residmap:
  exclude: []
  loge_bounds: []
  make_plots: false
  model: {}
  use_weights: false
  write_fits: true
  write_npy: true
roiopt:
  max_free_sources: 5
  npred_frac: 0.95
  npred_threshold: 1.0
  shape_ts_threshold: 25.0
  skip: []
sed:
  bin_index: 2.0
  cov_scale: 3.0
  free_background: false
  free_pars: []
  free_radius: null
  make_plots: false
  ul_confidence: 0.95
  use_local_index: false
  write_fits: true
  write_npy: true
selection:
  convtype: null
  dec: 22.0145
  emax: 300000.0
  emin: 100.0
  evclass: 128
  evtype: 3
  filter: null
  glat: null
  glon: null
  logemax: null
  logemin: null
  phasemax: null
  phasemin: null
  ra: 83.6331
  radius: null
  roicut: 'no'
  target: null
  tmax: 245557417
  tmin: 239557417
  zmax: 90.0
sourcefind:
  free_params: []
  max_iter: 5
  min_separation: 1.0
  model: {}
  multithread: false
  nthread: null
  sources_per_iter: 4
  sqrt_ts_threshold: 5.0
  tsmap_fitter: tsmap
tscube:
  cov_scale: -1.0
  cov_scale_bb: -1.0
  do_sed: true
  exclude: []
  init_lambda: 0.0
  max_iter: 30
  model: {}
  nnorm: 10
  norm_sigma: 5.0
  remake_test_source: false
  st_scan_level: 0
  tol: 0.001
  tol_type: 0
tsmap:
  exclude: []
  loge_bounds: []
  make_plots: false
  max_kernel_radius: 3.0
  model: {}
  multithread: false
  nthread: null
  write_fits: true
  write_npy: true

2020-04-06 16:44:56 DEBUG   GTAnalysis._create_component(): Creating Analysis Component: 00
2020-04-06 16:44:56 DEBUG   GTBinnedAnalysis.__init__(): Automatically setting selection radius to 7.57106781187 deg
2020-04-06 16:44:56 DEBUG   GTBinnedAnalysis.print_config(): Configuration:
binning:
  binsperdec: 8.0
  binsz: 0.1
  coordsys: CEL
  enumbins: null
  hpx_ebin: true
  hpx_order: 10
  hpx_ordering_scheme: RING
  npix: null
  proj: AIT
  projtype: WCS
  roiwidth: 10.0
data:
  cacheft1: true
  evfile: ft1.lst
  ltcube: ltcube_test.fits
  scfile: ft2.fits
file_suffix: _00
fileio:
  logfile: /home/mpotto/Pesquisa/astroph/assignments/fermi-config/fermipy.log
  outdir: /home/mpotto/Pesquisa/astroph/assignments/fermi-config
  outdir_regex:
  - \.fits$|\.fit$|\.xml$|\.npy$|\.png$|\.pdf$|\.yaml$
  savefits: true
  scratchdir: /scratch
  usescratch: false
  workdir: /home/mpotto/Pesquisa/astroph/assignments/fermi-config
  workdir_regex:
  - \.fits$|\.fit$|\.xml$|\.npy$
gtlike:
  bexpmap: null
  bexpmap_base: null
  bexpmap_roi: null
  bexpmap_roi_base: null
  convolve: true
  edisp: true
  edisp_bins: -1
  edisp_disable:
  - isodiff
  - galdiff
  expscale: null
  irfs: P8R2_SOURCE_V6
  llscan_npts: 20
  minbinsz: 0.05
  resample: true
  rfactor: 2
  src_expscale: {}
  srcmap: null
  srcmap_base: null
  use_external_srcmap: false
  use_scaled_srcmap: false
  wmap: null
logging:
  chatter: 3
  prefix: ''
  verbosity: 3
ltcube:
  binsz: 1.0
  dcostheta: 0.025
  phibins: 0
  use_local_ltcube: false
model:
  assoc_xmatch_columns:
  - 3FGL_Name
  catalogs:
  - 4FGL
  diffuse: []
  diffuse_dir: []
  diffuse_xml: []
  extdir: null
  extract_diffuse: false
  galdiff:
  - $FERMI_DIFFUSE_DIR/gll_iem_v07.fits
  isodiff:
  - iso_P8R2_SOURCE_V6_v06.txt
  limbdiff: []
  merge_sources: true
  sources: []
  src_radius: null
  src_radius_roi: null
  src_roiwidth: 15.0
name: '00'
selection:
  convtype: null
  dec: 22.0145
  emax: 300000.0
  emin: 100.0
  evclass: 128
  evtype: 3
  filter: null
  glat: null
  glon: null
  logemax: !!python/object/apply:numpy.core.multiarray.scalar
  - &id001 !!python/object/apply:numpy.dtype
    args:
    - f8
    - 0
    - 1
    state: !!python/tuple
    - 3
    - <
    - null
    - null
    - null
    - -1
    - -1
    - 0
  - !!binary |
    YP1keZLoFUA=
  logemin: !!python/object/apply:numpy.core.multiarray.scalar
  - *id001
  - "\0\0\0\0\0\0\0@"
  phasemax: null
  phasemin: null
  ra: 83.6331
  radius: 7.5710678118654755
  roicut: 'no'
  target: null
  tmax: 245557417
  tmin: 239557417
  zmax: 90.0

2020-04-06 16:44:56 INFO    GTAnalysis.setup(): Running setup.
2020-04-06 16:44:56 INFO    GTBinnedAnalysis.setup(): Running setup for component 00
2020-04-06 16:44:56 INFO    GTBinnedAnalysis._select_data(): Skipping data selection.
2020-04-06 16:44:56 INFO    GTBinnedAnalysis.setup(): Using external LT cube.
2020-04-06 16:44:56 DEBUG   GTBinnedAnalysis.setup(): Loading LT Cube /home/mpotto/Pesquisa/astroph/assignments/fermi-config/ltcube_test.fits
2020-04-06 16:44:56 DEBUG   GTBinnedAnalysis.setup(): Creating PSF model
2020-04-06 16:44:57 DEBUG   GTBinnedAnalysis._bin_data(): Skipping gtbin.
2020-04-06 16:44:57 INFO    GTBinnedAnalysis._create_expcube(): Skipping gtexpcube.
2020-04-06 16:44:57 INFO    GTBinnedAnalysis.run_gtapp(): Running gtsrcmaps.
2020-04-06 16:44:57 INFO    GTBinnedAnalysis.run_gtapp(): time -p gtsrcmaps scfile=ft2.fits sctable="SC_DATA" expcube=/home/mpotto/Pesquisa/astroph/assignments/fermi-config/ltcube_test.fits cmap=/home/mpotto/Pesquisa/astroph/assignments/fermi-config/ccube_00.fits srcmdl=/home/mpotto/Pesquisa/astroph/assignments/fermi-config/srcmdl_00.xml bexpmap=/home/mpotto/Pesquisa/astroph/assignments/fermi-config/bexpmap_00.fits wmap=none outfile=/home/mpotto/Pesquisa/astroph/assignments/fermi-config/srcmap_00.fits irfs="P8R2_SOURCE_V6" evtype=3 convol=yes resample=yes rfactor=2 minbinsz=0.05 ptsrc=yes psfcorr=yes emapbnds=no edisp_bins=-1 copyall=no chatter=3 clobber=yes debug=no gui=no mode="ql"
2020-04-06 16:45:07 INFO    GTBinnedAnalysis.run_gtapp(): 
2020-04-06 16:45:07 INFO    GTBinnedAnalysis.run_gtapp(): WARNING: version mismatch between CFITSIO header (v3.43) and linked library (v3.41).
2020-04-06 16:45:07 INFO    GTBinnedAnalysis.run_gtapp(): 
2020-04-06 16:45:07 INFO    GTBinnedAnalysis.run_gtapp(): This is gtsrcmaps version HEAD
2020-04-06 16:45:07 INFO    GTBinnedAnalysis.run_gtapp(): Using evtype=3 (i.e., FRONT/BACK irfs)
2020-04-06 16:45:07 INFO    GTBinnedAnalysis.run_gtapp(): ResponseFunctions::load: IRF used: P8R2_SOURCE_V6
2020-04-06 16:45:07 INFO    GTBinnedAnalysis.run_gtapp(): event_types:  0  1
2020-04-06 16:45:07 INFO    GTBinnedAnalysis.run_gtapp(): Caught N12_GLOBAL__N_116SkyProjExceptionE at the top level: SkyProj wcslib error 8 : One or more of the pixel coordinates were invalid
2020-04-06 16:45:07 INFO    GTBinnedAnalysis.run_gtapp(): Finished gtsrcmaps. Execution time: 9.88 s
2020-04-06 16:45:07 INFO    GTBinnedAnalysis.setup(): Finished setup for component 00
2020-04-06 16:45:07 INFO    GTBinnedAnalysis._create_binned_analysis(): Creating BinnedAnalysis for component 00.
2020-04-06 16:45:07 DEBUG   GTBinnedAnalysis._create_binned_analysis(): Creating BinnedObs
2020-04-06 16:45:07 DEBUG   GTBinnedAnalysis._create_binned_analysis(): {'irfs': 'P8R2_SOURCE_V6', 'expCube': '/home/mpotto/Pesquisa/astroph/assignments/fermi-config/ltcube_test.fits', 'srcMaps': '/home/mpotto/Pesquisa/astroph/assignments/fermi-config/srcmap_00.fits', 'binnedExpMap': '/home/mpotto/Pesquisa/astroph/assignments/fermi-config/bexpmap_00.fits'}
2020-04-06 16:45:55 INFO    GTAnalysis.__init__(): 
--------------------------------------------------------------------------------
fermipy version 0.18.1 
ScienceTools version unknown
2020-04-06 16:45:55 DEBUG   GTAnalysis.print_config(): Configuration:
binning:
  binsperdec: 8.0
  binsz: 0.1
  coordsys: CEL
  enumbins: null
  hpx_ebin: true
  hpx_order: 10
  hpx_ordering_scheme: RING
  npix: null
  proj: AIT
  projtype: WCS
  roiwidth: 5.0
components: []
data:
  cacheft1: true
  evfile: null
  ltcube: ltcube_test.fits
  scfile: null
extension:
  fit_ebin: false
  fit_position: false
  fix_shape: false
  free_background: false
  free_radius: null
  make_plots: false
  make_tsmap: true
  psf_scale_fn: null
  save_model_map: false
  spatial_model: RadialGaussian
  sqrt_ts_threshold: null
  tsmap_fitter: tsmap
  update: false
  width: []
  width_max: 1.0
  width_min: 0.01
  width_nstep: 21
  write_fits: true
  write_npy: true
fileio:
  logfile: /home/mpotto/Pesquisa/astroph/assignments/fermi-config/fermipy.log
  outdir: /home/mpotto/Pesquisa/astroph/assignments/fermi-config
  outdir_regex:
  - \.fits$|\.fit$|\.xml$|\.npy$|\.png$|\.pdf$|\.yaml$
  savefits: true
  scratchdir: /scratch
  usescratch: false
  workdir: null
  workdir_regex:
  - \.fits$|\.fit$|\.xml$|\.npy$
gtlike:
  bexpmap: null
  bexpmap_base: null
  bexpmap_roi: null
  bexpmap_roi_base: null
  convolve: true
  edisp: true
  edisp_bins: -1
  edisp_disable:
  - isodiff
  - galdiff
  expscale: null
  irfs: P8R2_SOURCE_V6
  llscan_npts: 20
  minbinsz: 0.05
  resample: true
  rfactor: 2
  src_expscale: {}
  srcmap: null
  srcmap_base: null
  use_external_srcmap: false
  use_scaled_srcmap: false
  wmap: null
lightcurve:
  binsz: 86400.0
  free_background: false
  free_params: []
  free_radius: null
  free_sources: []
  make_plots: false
  max_free_sources: 5
  multithread: false
  nbins: null
  nthread: null
  outdir: null
  save_bin_data: true
  shape_ts_threshold: 16.0
  systematic: 0.02
  time_bins: []
  use_local_ltcube: true
  use_scaled_srcmap: false
  write_fits: true
  write_npy: true
localize:
  dtheta_max: 0.5
  fix_shape: false
  free_background: false
  free_radius: null
  make_plots: false
  nstep: 5
  tsmap_fitter: tsmap
  update: true
  write_fits: true
  write_npy: true
logging:
  chatter: 3
  prefix: ''
  verbosity: 3
ltcube:
  binsz: 1.0
  dcostheta: 0.025
  phibins: 0
  use_local_ltcube: false
mc:
  seed: null
model:
  assoc_xmatch_columns:
  - 3FGL_Name
  catalogs:
  - 4FGL
  diffuse: []
  diffuse_dir: []
  diffuse_xml: []
  extdir: null
  extract_diffuse: false
  galdiff:
  - $FERMI_DIFFUSE_DIR/gll_iem_v07.fits
  isodiff:
  - iso_P8R2_SOURCE_V6_v06.txt
  limbdiff: []
  merge_sources: true
  sources: []
  src_radius: null
  src_radius_roi: null
  src_roiwidth: 15.0
optimizer:
  init_lambda: 0.0001
  max_iter: 100
  min_fit_quality: 2
  optimizer: MINUIT
  retries: 3
  tol: 0.001
  verbosity: 0
plotting:
  catalogs: []
  cmap: magma
  cmap_resid: RdBu_r
  figsize:
  - 8.0
  - 6.0
  format: png
  graticule_radii: []
  interactive: false
  label_ts_threshold: 0.0
  loge_bounds: []
residmap:
  exclude: []
  loge_bounds: []
  make_plots: false
  model: {}
  use_weights: false
  write_fits: true
  write_npy: true
roiopt:
  max_free_sources: 5
  npred_frac: 0.95
  npred_threshold: 1.0
  shape_ts_threshold: 25.0
  skip: []
sed:
  bin_index: 2.0
  cov_scale: 3.0
  free_background: false
  free_pars: []
  free_radius: null
  make_plots: false
  ul_confidence: 0.95
  use_local_index: false
  write_fits: true
  write_npy: true
selection:
  convtype: null
  dec: 22.0145
  emax: 300000.0
  emin: 100.0
  evclass: 128
  evtype: 3
  filter: null
  glat: null
  glon: null
  logemax: null
  logemin: null
  phasemax: null
  phasemin: null
  ra: 83.6331
  radius: null
  roicut: 'no'
  target: null
  tmax: 245557417
  tmin: 239557417
  zmax: 90.0
sourcefind:
  free_params: []
  max_iter: 5
  min_separation: 1.0
  model: {}
  multithread: false
  nthread: null
  sources_per_iter: 4
  sqrt_ts_threshold: 5.0
  tsmap_fitter: tsmap
tscube:
  cov_scale: -1.0
  cov_scale_bb: -1.0
  do_sed: true
  exclude: []
  init_lambda: 0.0
  max_iter: 30
  model: {}
  nnorm: 10
  norm_sigma: 5.0
  remake_test_source: false
  st_scan_level: 0
  tol: 0.001
  tol_type: 0
tsmap:
  exclude: []
  loge_bounds: []
  make_plots: false
  max_kernel_radius: 3.0
  model: {}
  multithread: false
  nthread: null
  write_fits: true
  write_npy: true

2020-04-06 16:45:56 DEBUG   GTAnalysis._create_component(): Creating Analysis Component: 00
2020-04-06 16:45:56 DEBUG   GTBinnedAnalysis.__init__(): Automatically setting selection radius to 4.03553390593 deg
2020-04-06 16:45:56 DEBUG   GTBinnedAnalysis.print_config(): Configuration:
binning:
  binsperdec: 8.0
  binsz: 0.1
  coordsys: CEL
  enumbins: null
  hpx_ebin: true
  hpx_order: 10
  hpx_ordering_scheme: RING
  npix: null
  proj: AIT
  projtype: WCS
  roiwidth: 5.0
data:
  cacheft1: true
  evfile: null
  ltcube: ltcube_test.fits
  scfile: null
file_suffix: _00
fileio:
  logfile: /home/mpotto/Pesquisa/astroph/assignments/fermi-config/fermipy.log
  outdir: /home/mpotto/Pesquisa/astroph/assignments/fermi-config
  outdir_regex:
  - \.fits$|\.fit$|\.xml$|\.npy$|\.png$|\.pdf$|\.yaml$
  savefits: true
  scratchdir: /scratch
  usescratch: false
  workdir: /home/mpotto/Pesquisa/astroph/assignments/fermi-config
  workdir_regex:
  - \.fits$|\.fit$|\.xml$|\.npy$
gtlike:
  bexpmap: null
  bexpmap_base: null
  bexpmap_roi: null
  bexpmap_roi_base: null
  convolve: true
  edisp: true
  edisp_bins: -1
  edisp_disable:
  - isodiff
  - galdiff
  expscale: null
  irfs: P8R2_SOURCE_V6
  llscan_npts: 20
  minbinsz: 0.05
  resample: true
  rfactor: 2
  src_expscale: {}
  srcmap: null
  srcmap_base: null
  use_external_srcmap: false
  use_scaled_srcmap: false
  wmap: null
logging:
  chatter: 3
  prefix: ''
  verbosity: 3
ltcube:
  binsz: 1.0
  dcostheta: 0.025
  phibins: 0
  use_local_ltcube: false
model:
  assoc_xmatch_columns:
  - 3FGL_Name
  catalogs:
  - 4FGL
  diffuse: []
  diffuse_dir: []
  diffuse_xml: []
  extdir: null
  extract_diffuse: false
  galdiff:
  - $FERMI_DIFFUSE_DIR/gll_iem_v07.fits
  isodiff:
  - iso_P8R2_SOURCE_V6_v06.txt
  limbdiff: []
  merge_sources: true
  sources: []
  src_radius: null
  src_radius_roi: null
  src_roiwidth: 15.0
name: '00'
selection:
  convtype: null
  dec: 22.0145
  emax: 300000.0
  emin: 100.0
  evclass: 128
  evtype: 3
  filter: null
  glat: null
  glon: null
  logemax: !!python/object/apply:numpy.core.multiarray.scalar
  - &id001 !!python/object/apply:numpy.dtype
    args:
    - f8
    - 0
    - 1
    state: !!python/tuple
    - 3
    - <
    - null
    - null
    - null
    - -1
    - -1
    - 0
  - !!binary |
    YP1keZLoFUA=
  logemin: !!python/object/apply:numpy.core.multiarray.scalar
  - *id001
  - "\0\0\0\0\0\0\0@"
  phasemax: null
  phasemin: null
  ra: 83.6331
  radius: 4.035533905932738
  roicut: 'no'
  target: null
  tmax: 245557417
  tmin: 239557417
  zmax: 90.0

2020-04-06 16:45:56 INFO    GTAnalysis.setup(): Running setup.
2020-04-06 16:45:56 INFO    GTBinnedAnalysis.setup(): Running setup for component 00
2020-04-06 16:45:56 INFO    GTBinnedAnalysis._select_data(): Skipping data selection.
2020-04-06 16:45:56 INFO    GTBinnedAnalysis.setup(): Using external LT cube.
2020-04-06 16:45:56 DEBUG   GTBinnedAnalysis.setup(): Loading LT Cube /home/mpotto/Pesquisa/astroph/assignments/fermi-config/ltcube_test.fits
2020-04-06 16:45:56 DEBUG   GTBinnedAnalysis.setup(): Creating PSF model
2020-04-06 16:45:57 DEBUG   GTBinnedAnalysis._bin_data(): Skipping gtbin.
2020-04-06 16:45:57 INFO    GTBinnedAnalysis._create_expcube(): Skipping gtexpcube.
2020-04-06 16:45:57 INFO    GTBinnedAnalysis.run_gtapp(): Running gtsrcmaps.
2020-04-06 16:45:57 INFO    GTBinnedAnalysis.run_gtapp(): time -p gtsrcmaps scfile= sctable="SC_DATA" expcube=/home/mpotto/Pesquisa/astroph/assignments/fermi-config/ltcube_test.fits cmap=/home/mpotto/Pesquisa/astroph/assignments/fermi-config/ccube_00.fits srcmdl=/home/mpotto/Pesquisa/astroph/assignments/fermi-config/srcmdl_00.xml bexpmap=/home/mpotto/Pesquisa/astroph/assignments/fermi-config/bexpmap_00.fits wmap=none outfile=/home/mpotto/Pesquisa/astroph/assignments/fermi-config/srcmap_00.fits irfs="P8R2_SOURCE_V6" evtype=3 convol=yes resample=yes rfactor=2 minbinsz=0.05 ptsrc=yes psfcorr=yes emapbnds=no edisp_bins=-1 copyall=no chatter=3 clobber=yes debug=no gui=no mode="ql"
2020-04-06 16:46:07 INFO    GTBinnedAnalysis.run_gtapp(): 
2020-04-06 16:46:07 INFO    GTBinnedAnalysis.run_gtapp(): WARNING: version mismatch between CFITSIO header (v3.43) and linked library (v3.41).
2020-04-06 16:46:07 INFO    GTBinnedAnalysis.run_gtapp(): 
2020-04-06 16:46:07 INFO    GTBinnedAnalysis.run_gtapp(): This is gtsrcmaps version HEAD
2020-04-06 16:46:07 INFO    GTBinnedAnalysis.run_gtapp(): Using evtype=3 (i.e., FRONT/BACK irfs)
2020-04-06 16:46:07 INFO    GTBinnedAnalysis.run_gtapp(): ResponseFunctions::load: IRF used: P8R2_SOURCE_V6
2020-04-06 16:46:07 INFO    GTBinnedAnalysis.run_gtapp(): event_types:  0  1
2020-04-06 16:46:07 INFO    GTBinnedAnalysis.run_gtapp(): Caught N12_GLOBAL__N_116SkyProjExceptionE at the top level: SkyProj wcslib error 8 : One or more of the pixel coordinates were invalid
2020-04-06 16:46:07 INFO    GTBinnedAnalysis.run_gtapp(): Finished gtsrcmaps. Execution time: 9.91 s
2020-04-06 16:46:07 INFO    GTBinnedAnalysis.setup(): Finished setup for component 00
2020-04-06 16:46:07 INFO    GTBinnedAnalysis._create_binned_analysis(): Creating BinnedAnalysis for component 00.
2020-04-06 16:46:07 DEBUG   GTBinnedAnalysis._create_binned_analysis(): Creating BinnedObs
2020-04-06 16:46:07 DEBUG   GTBinnedAnalysis._create_binned_analysis(): {'irfs': 'P8R2_SOURCE_V6', 'expCube': '/home/mpotto/Pesquisa/astroph/assignments/fermi-config/ltcube_test.fits', 'srcMaps': '/home/mpotto/Pesquisa/astroph/assignments/fermi-config/srcmap_00.fits', 'binnedExpMap': '/home/mpotto/Pesquisa/astroph/assignments/fermi-config/bexpmap_00.fits'}
2020-04-06 16:50:55 INFO    GTAnalysis.__init__(): 
--------------------------------------------------------------------------------
fermipy version 0.18.1 
ScienceTools version unknown
2020-04-06 16:50:55 DEBUG   GTAnalysis.print_config(): Configuration:
binning:
  binsperdec: 8.0
  binsz: 0.1
  coordsys: CEL
  enumbins: null
  hpx_ebin: true
  hpx_order: 10
  hpx_ordering_scheme: RING
  npix: null
  proj: AIT
  projtype: WCS
  roiwidth: 5.0
components: []
data:
  cacheft1: true
  evfile: ft1.fits
  ltcube: null
  scfile: ft2.fits
extension:
  fit_ebin: false
  fit_position: false
  fix_shape: false
  free_background: false
  free_radius: null
  make_plots: false
  make_tsmap: true
  psf_scale_fn: null
  save_model_map: false
  spatial_model: RadialGaussian
  sqrt_ts_threshold: null
  tsmap_fitter: tsmap
  update: false
  width: []
  width_max: 1.0
  width_min: 0.01
  width_nstep: 21
  write_fits: true
  write_npy: true
fileio:
  logfile: /home/mpotto/Pesquisa/astroph/assignments/fermi-config/fermipy.log
  outdir: /home/mpotto/Pesquisa/astroph/assignments/fermi-config
  outdir_regex:
  - \.fits$|\.fit$|\.xml$|\.npy$|\.png$|\.pdf$|\.yaml$
  savefits: true
  scratchdir: /scratch
  usescratch: false
  workdir: null
  workdir_regex:
  - \.fits$|\.fit$|\.xml$|\.npy$
gtlike:
  bexpmap: null
  bexpmap_base: null
  bexpmap_roi: null
  bexpmap_roi_base: null
  convolve: true
  edisp: true
  edisp_bins: -1
  edisp_disable:
  - isodiff
  - galdiff
  expscale: null
  irfs: P8R2_SOURCE_V6
  llscan_npts: 20
  minbinsz: 0.05
  resample: true
  rfactor: 2
  src_expscale: {}
  srcmap: null
  srcmap_base: null
  use_external_srcmap: false
  use_scaled_srcmap: false
  wmap: null
lightcurve:
  binsz: 86400.0
  free_background: false
  free_params: []
  free_radius: null
  free_sources: []
  make_plots: false
  max_free_sources: 5
  multithread: false
  nbins: null
  nthread: null
  outdir: null
  save_bin_data: true
  shape_ts_threshold: 16.0
  systematic: 0.02
  time_bins: []
  use_local_ltcube: true
  use_scaled_srcmap: false
  write_fits: true
  write_npy: true
localize:
  dtheta_max: 0.5
  fix_shape: false
  free_background: false
  free_radius: null
  make_plots: false
  nstep: 5
  tsmap_fitter: tsmap
  update: true
  write_fits: true
  write_npy: true
logging:
  chatter: 3
  prefix: ''
  verbosity: 3
ltcube:
  binsz: 1.0
  dcostheta: 0.025
  phibins: 0
  use_local_ltcube: false
mc:
  seed: null
model:
  assoc_xmatch_columns:
  - 3FGL_Name
  catalogs:
  - 4FGL
  diffuse: []
  diffuse_dir: []
  diffuse_xml: []
  extdir: null
  extract_diffuse: false
  galdiff:
  - $FERMI_DIFFUSE_DIR/gll_iem_v07.fits
  isodiff:
  - iso_P8R2_SOURCE_V6_v06.txt
  limbdiff: []
  merge_sources: true
  sources: []
  src_radius: null
  src_radius_roi: null
  src_roiwidth: 15.0
optimizer:
  init_lambda: 0.0001
  max_iter: 100
  min_fit_quality: 2
  optimizer: MINUIT
  retries: 3
  tol: 0.001
  verbosity: 0
plotting:
  catalogs: []
  cmap: magma
  cmap_resid: RdBu_r
  figsize:
  - 8.0
  - 6.0
  format: png
  graticule_radii: []
  interactive: false
  label_ts_threshold: 0.0
  loge_bounds: []
residmap:
  exclude: []
  loge_bounds: []
  make_plots: false
  model: {}
  use_weights: false
  write_fits: true
  write_npy: true
roiopt:
  max_free_sources: 5
  npred_frac: 0.95
  npred_threshold: 1.0
  shape_ts_threshold: 25.0
  skip: []
sed:
  bin_index: 2.0
  cov_scale: 3.0
  free_background: false
  free_pars: []
  free_radius: null
  make_plots: false
  ul_confidence: 0.95
  use_local_index: false
  write_fits: true
  write_npy: true
selection:
  convtype: null
  dec: 22.0145
  emax: 300000.0
  emin: 100.0
  evclass: 128
  evtype: 3
  filter: null
  glat: null
  glon: null
  logemax: null
  logemin: null
  phasemax: null
  phasemin: null
  ra: 83.6331
  radius: null
  roicut: 'no'
  target: null
  tmax: 245557417
  tmin: 239557417
  zmax: 90.0
sourcefind:
  free_params: []
  max_iter: 5
  min_separation: 1.0
  model: {}
  multithread: false
  nthread: null
  sources_per_iter: 4
  sqrt_ts_threshold: 5.0
  tsmap_fitter: tsmap
tscube:
  cov_scale: -1.0
  cov_scale_bb: -1.0
  do_sed: true
  exclude: []
  init_lambda: 0.0
  max_iter: 30
  model: {}
  nnorm: 10
  norm_sigma: 5.0
  remake_test_source: false
  st_scan_level: 0
  tol: 0.001
  tol_type: 0
tsmap:
  exclude: []
  loge_bounds: []
  make_plots: false
  max_kernel_radius: 3.0
  model: {}
  multithread: false
  nthread: null
  write_fits: true
  write_npy: true

2020-04-06 16:50:55 DEBUG   GTAnalysis._create_component(): Creating Analysis Component: 00
2020-04-06 16:50:55 DEBUG   GTBinnedAnalysis.__init__(): Automatically setting selection radius to 4.03553390593 deg
2020-04-06 16:50:55 DEBUG   GTBinnedAnalysis.print_config(): Configuration:
binning:
  binsperdec: 8.0
  binsz: 0.1
  coordsys: CEL
  enumbins: null
  hpx_ebin: true
  hpx_order: 10
  hpx_ordering_scheme: RING
  npix: null
  proj: AIT
  projtype: WCS
  roiwidth: 5.0
data:
  cacheft1: true
  evfile: ft1.fits
  ltcube: null
  scfile: ft2.fits
file_suffix: _00
fileio:
  logfile: /home/mpotto/Pesquisa/astroph/assignments/fermi-config/fermipy.log
  outdir: /home/mpotto/Pesquisa/astroph/assignments/fermi-config
  outdir_regex:
  - \.fits$|\.fit$|\.xml$|\.npy$|\.png$|\.pdf$|\.yaml$
  savefits: true
  scratchdir: /scratch
  usescratch: false
  workdir: /home/mpotto/Pesquisa/astroph/assignments/fermi-config
  workdir_regex:
  - \.fits$|\.fit$|\.xml$|\.npy$
gtlike:
  bexpmap: null
  bexpmap_base: null
  bexpmap_roi: null
  bexpmap_roi_base: null
  convolve: true
  edisp: true
  edisp_bins: -1
  edisp_disable:
  - isodiff
  - galdiff
  expscale: null
  irfs: P8R2_SOURCE_V6
  llscan_npts: 20
  minbinsz: 0.05
  resample: true
  rfactor: 2
  src_expscale: {}
  srcmap: null
  srcmap_base: null
  use_external_srcmap: false
  use_scaled_srcmap: false
  wmap: null
logging:
  chatter: 3
  prefix: ''
  verbosity: 3
ltcube:
  binsz: 1.0
  dcostheta: 0.025
  phibins: 0
  use_local_ltcube: false
model:
  assoc_xmatch_columns:
  - 3FGL_Name
  catalogs:
  - 4FGL
  diffuse: []
  diffuse_dir: []
  diffuse_xml: []
  extdir: null
  extract_diffuse: false
  galdiff:
  - $FERMI_DIFFUSE_DIR/gll_iem_v07.fits
  isodiff:
  - iso_P8R2_SOURCE_V6_v06.txt
  limbdiff: []
  merge_sources: true
  sources: []
  src_radius: null
  src_radius_roi: null
  src_roiwidth: 15.0
name: '00'
selection:
  convtype: null
  dec: 22.0145
  emax: 300000.0
  emin: 100.0
  evclass: 128
  evtype: 3
  filter: null
  glat: null
  glon: null
  logemax: !!python/object/apply:numpy.core.multiarray.scalar
  - &id001 !!python/object/apply:numpy.dtype
    args:
    - f8
    - 0
    - 1
    state: !!python/tuple
    - 3
    - <
    - null
    - null
    - null
    - -1
    - -1
    - 0
  - !!binary |
    YP1keZLoFUA=
  logemin: !!python/object/apply:numpy.core.multiarray.scalar
  - *id001
  - "\0\0\0\0\0\0\0@"
  phasemax: null
  phasemin: null
  ra: 83.6331
  radius: 4.035533905932738
  roicut: 'no'
  target: null
  tmax: 245557417
  tmin: 239557417
  zmax: 90.0

2020-04-06 16:50:56 INFO    GTAnalysis.setup(): Running setup.
2020-04-06 16:50:56 INFO    GTBinnedAnalysis.setup(): Running setup for component 00
2020-04-06 16:50:56 INFO    GTBinnedAnalysis._select_data(): Skipping data selection.
2020-04-06 16:50:56 INFO    GTBinnedAnalysis.run_gtapp(): Running gtltcube.
2020-04-06 16:50:56 INFO    GTBinnedAnalysis.run_gtapp(): time -p gtltcube evfile="/home/mpotto/Pesquisa/astroph/assignments/fermi-config/ft1_00.fits" evtable="EVENTS" scfile=ft2.fits sctable="SC_DATA" outfile=/home/mpotto/Pesquisa/astroph/assignments/fermi-config/ltcube_00.fits dcostheta=0.025 binsz=1.0 phibins=0 tmin=0.0 tmax=0.0 file_version="1" zmin=0.0 zmax=90.0 chatter=2 clobber=yes debug=no gui=no mode="ql"
