2020-04-06 16:53:42 INFO    GTAnalysis.__init__(): 
--------------------------------------------------------------------------------
fermipy version 0.18.1 
ScienceTools version unknown
2020-04-06 16:53:42 DEBUG   GTAnalysis.print_config(): Configuration:
binning:
  binsperdec: 8.0
  binsz: 0.1
  coordsys: CEL
  enumbins: null
  hpx_ebin: true
  hpx_order: 10
  hpx_ordering_scheme: RING
  npix: null
  proj: AIT
  projtype: WCS
  roiwidth: 10.0
components: []
data:
  cacheft1: true
  evfile: ft1.lst
  ltcube: ltcube.fits
  scfile: ft2.fits
extension:
  fit_ebin: false
  fit_position: false
  fix_shape: false
  free_background: false
  free_radius: null
  make_plots: false
  make_tsmap: true
  psf_scale_fn: null
  save_model_map: false
  spatial_model: RadialGaussian
  sqrt_ts_threshold: null
  tsmap_fitter: tsmap
  update: false
  width: []
  width_max: 1.0
  width_min: 0.01
  width_nstep: 21
  write_fits: true
  write_npy: true
fileio:
  logfile: /home/mpotto/Pesquisa/astroph/tutorials/fermipy/mkn421/fermipy.log
  outdir: /home/mpotto/Pesquisa/astroph/tutorials/fermipy/mkn421
  outdir_regex:
  - \.fits$|\.fit$|\.xml$|\.npy$|\.png$|\.pdf$|\.yaml$
  savefits: true
  scratchdir: /scratch
  usescratch: false
  workdir: null
  workdir_regex:
  - \.fits$|\.fit$|\.xml$|\.npy$
gtlike:
  bexpmap: null
  bexpmap_base: null
  bexpmap_roi: null
  bexpmap_roi_base: null
  convolve: true
  edisp: true
  edisp_bins: -1
  edisp_disable:
  - isodiff
  - galdiff
  expscale: null
  irfs: P8R2_SOURCE_V6
  llscan_npts: 20
  minbinsz: 0.05
  resample: true
  rfactor: 2
  src_expscale: {}
  srcmap: null
  srcmap_base: null
  use_external_srcmap: false
  use_scaled_srcmap: false
  wmap: null
lightcurve:
  binsz: 86400.0
  free_background: false
  free_params: []
  free_radius: null
  free_sources: []
  make_plots: false
  max_free_sources: 5
  multithread: false
  nbins: null
  nthread: null
  outdir: null
  save_bin_data: true
  shape_ts_threshold: 16.0
  systematic: 0.02
  time_bins: []
  use_local_ltcube: true
  use_scaled_srcmap: false
  write_fits: true
  write_npy: true
localize:
  dtheta_max: 0.5
  fix_shape: false
  free_background: false
  free_radius: null
  make_plots: false
  nstep: 5
  tsmap_fitter: tsmap
  update: true
  write_fits: true
  write_npy: true
logging:
  chatter: 3
  prefix: ''
  verbosity: 3
ltcube:
  binsz: 1.0
  dcostheta: 0.025
  phibins: 0
  use_local_ltcube: false
mc:
  seed: null
model:
  assoc_xmatch_columns:
  - 3FGL_Name
  catalogs:
  - 4FGL
  diffuse: []
  diffuse_dir: []
  diffuse_xml: []
  extdir: null
  extract_diffuse: false
  galdiff:
  - $FERMI_DIFFUSE_DIR/gll_iem_v07.fits
  isodiff:
  - iso_P8R2_SOURCE_V6_v06.txt
  limbdiff: []
  merge_sources: true
  sources: []
  src_radius: null
  src_radius_roi: null
  src_roiwidth: 15.0
optimizer:
  init_lambda: 0.0001
  max_iter: 100
  min_fit_quality: 2
  optimizer: MINUIT
  retries: 3
  tol: 0.001
  verbosity: 0
plotting:
  catalogs: []
  cmap: magma
  cmap_resid: RdBu_r
  figsize:
  - 8.0
  - 6.0
  format: png
  graticule_radii: []
  interactive: false
  label_ts_threshold: 0.0
  loge_bounds: []
residmap:
  exclude: []
  loge_bounds: []
  make_plots: false
  model: {}
  use_weights: false
  write_fits: true
  write_npy: true
roiopt:
  max_free_sources: 5
  npred_frac: 0.95
  npred_threshold: 1.0
  shape_ts_threshold: 25.0
  skip: []
sed:
  bin_index: 2.0
  cov_scale: 3.0
  free_background: false
  free_pars: []
  free_radius: null
  make_plots: false
  ul_confidence: 0.95
  use_local_index: false
  write_fits: true
  write_npy: true
selection:
  convtype: null
  dec: null
  emax: 316227.76
  emin: 100.0
  evclass: 128
  evtype: 3
  filter: null
  glat: null
  glon: null
  logemax: null
  logemin: null
  phasemax: null
  phasemin: null
  ra: null
  radius: null
  roicut: 'no'
  target: mkn421
  tmax: 428903014
  tmin: 239557414
  zmax: 90.0
sourcefind:
  free_params: []
  max_iter: 5
  min_separation: 1.0
  model: {}
  multithread: false
  nthread: null
  sources_per_iter: 4
  sqrt_ts_threshold: 5.0
  tsmap_fitter: tsmap
tscube:
  cov_scale: -1.0
  cov_scale_bb: -1.0
  do_sed: true
  exclude: []
  init_lambda: 0.0
  max_iter: 30
  model: {}
  nnorm: 10
  norm_sigma: 5.0
  remake_test_source: false
  st_scan_level: 0
  tol: 0.001
  tol_type: 0
tsmap:
  exclude: []
  loge_bounds: []
  make_plots: false
  max_kernel_radius: 3.0
  model: {}
  multithread: false
  nthread: null
  write_fits: true
  write_npy: true

2020-04-06 16:53:43 DEBUG   GTAnalysis._create_component(): Creating Analysis Component: 00
2020-04-06 16:53:43 DEBUG   GTBinnedAnalysis.__init__(): Automatically setting selection radius to 7.57106781187 deg
2020-04-06 16:53:43 DEBUG   GTBinnedAnalysis.print_config(): Configuration:
binning:
  binsperdec: 8.0
  binsz: 0.1
  coordsys: CEL
  enumbins: null
  hpx_ebin: true
  hpx_order: 10
  hpx_ordering_scheme: RING
  npix: null
  proj: AIT
  projtype: WCS
  roiwidth: 10.0
data:
  cacheft1: true
  evfile: ft1.lst
  ltcube: ltcube.fits
  scfile: ft2.fits
file_suffix: _00
fileio:
  logfile: /home/mpotto/Pesquisa/astroph/tutorials/fermipy/mkn421/fermipy.log
  outdir: /home/mpotto/Pesquisa/astroph/tutorials/fermipy/mkn421
  outdir_regex:
  - \.fits$|\.fit$|\.xml$|\.npy$|\.png$|\.pdf$|\.yaml$
  savefits: true
  scratchdir: /scratch
  usescratch: false
  workdir: /home/mpotto/Pesquisa/astroph/tutorials/fermipy/mkn421
  workdir_regex:
  - \.fits$|\.fit$|\.xml$|\.npy$
gtlike:
  bexpmap: null
  bexpmap_base: null
  bexpmap_roi: null
  bexpmap_roi_base: null
  convolve: true
  edisp: true
  edisp_bins: -1
  edisp_disable:
  - isodiff
  - galdiff
  expscale: null
  irfs: P8R2_SOURCE_V6
  llscan_npts: 20
  minbinsz: 0.05
  resample: true
  rfactor: 2
  src_expscale: {}
  srcmap: null
  srcmap_base: null
  use_external_srcmap: false
  use_scaled_srcmap: false
  wmap: null
logging:
  chatter: 3
  prefix: ''
  verbosity: 3
ltcube:
  binsz: 1.0
  dcostheta: 0.025
  phibins: 0
  use_local_ltcube: false
model:
  assoc_xmatch_columns:
  - 3FGL_Name
  catalogs:
  - 4FGL
  diffuse: []
  diffuse_dir: []
  diffuse_xml: []
  extdir: null
  extract_diffuse: false
  galdiff:
  - $FERMI_DIFFUSE_DIR/gll_iem_v07.fits
  isodiff:
  - iso_P8R2_SOURCE_V6_v06.txt
  limbdiff: []
  merge_sources: true
  sources: []
  src_radius: null
  src_radius_roi: null
  src_roiwidth: 15.0
name: '00'
selection:
  convtype: null
  dec: null
  emax: 316227.76
  emin: 100.0
  evclass: 128
  evtype: 3
  filter: null
  glat: null
  glon: null
  logemax: !!python/object/apply:numpy.core.multiarray.scalar
  - &id001 !!python/object/apply:numpy.dtype
    args:
    - f8
    - 0
    - 1
    state: !!python/tuple
    - 3
    - <
    - null
    - null
    - null
    - -1
    - -1
    - 0
  - !!binary |
    sgly////FUA=
  logemin: !!python/object/apply:numpy.core.multiarray.scalar
  - *id001
  - "\0\0\0\0\0\0\0@"
  phasemax: null
  phasemin: null
  ra: null
  radius: 7.5710678118654755
  roicut: 'no'
  target: mkn421
  tmax: 428903014
  tmin: 239557414
  zmax: 90.0

2020-04-06 16:53:45 INFO    GTAnalysis.setup(): Running setup.
2020-04-06 16:53:45 INFO    GTBinnedAnalysis.setup(): Running setup for component 00
2020-04-06 16:53:45 INFO    GTBinnedAnalysis.run_gtapp(): Running gtselect.
2020-04-06 16:53:45 INFO    GTBinnedAnalysis.run_gtapp(): time -p gtselect infile=ft1.lst outfile=/home/mpotto/Pesquisa/astroph/tutorials/fermipy/mkn421/ft1_00.fits ra=166.11869812 dec=38.2070007324 rad=7.57106781187 tmin=239557414.0 tmax=428903014.0 emin=100.0 emax=316227.76 zmin=0.0 zmax=90.0 evclass=128 evtype=3 convtype=-1 phasemin=0.0 phasemax=1.0 evtable="EVENTS" chatter=3 clobber=yes debug=no gui=no mode="ql"
2020-04-06 16:53:45 INFO    GTBinnedAnalysis.run_gtapp(): 
2020-04-06 16:53:45 INFO    GTBinnedAnalysis.run_gtapp(): WARNING: version mismatch between CFITSIO header (v3.43) and linked library (v3.41).
2020-04-06 16:53:45 INFO    GTBinnedAnalysis.run_gtapp(): 
2020-04-06 16:53:45 INFO    GTBinnedAnalysis.run_gtapp(): This is gtselect version HEAD
2020-04-06 16:53:45 INFO    GTBinnedAnalysis.run_gtapp(): Caught St13runtime_error at the top level: File not found: ft1.lst
2020-04-06 16:53:45 INFO    GTBinnedAnalysis.run_gtapp(): Finished gtselect. Execution time: 0.21 s
2020-04-06 16:53:45 INFO    GTBinnedAnalysis.setup(): Using external LT cube.
2020-04-06 16:53:45 DEBUG   GTBinnedAnalysis.setup(): Loading LT Cube /home/mpotto/Pesquisa/astroph/tutorials/fermipy/mkn421/ltcube.fits
2020-04-06 16:53:45 DEBUG   GTBinnedAnalysis.setup(): Creating PSF model
2020-04-06 16:53:46 INFO    GTBinnedAnalysis.run_gtapp(): Running gtbin.
2020-04-06 16:53:46 INFO    GTBinnedAnalysis.run_gtapp(): time -p gtbin evfile=/home/mpotto/Pesquisa/astroph/tutorials/fermipy/mkn421/ft1_00.fits scfile=ft2.fits outfile=/home/mpotto/Pesquisa/astroph/tutorials/fermipy/mkn421/ccube_00.fits algorithm="ccube" ebinalg="LOG" emin=100.0 emax=316227.76 enumbins=28 ebinfile=NONE tbinalg="LIN" tbinfile=NONE nxpix=100 nypix=100 binsz=0.1 coordsys="CEL" xref=166.11869812 yref=38.2070007324 axisrot=0.0 rafield="RA" decfield="DEC" proj="AIT" hpx_ordering_scheme="RING" hpx_order=3 hpx_ebin=yes hpx_region="" evtable="EVENTS" sctable="SC_DATA" efield="ENERGY" tfield="TIME" chatter=3 clobber=yes debug=no gui=no mode="ql"
2020-04-06 16:53:46 INFO    GTBinnedAnalysis.run_gtapp(): 
2020-04-06 16:53:46 INFO    GTBinnedAnalysis.run_gtapp(): WARNING: version mismatch between CFITSIO header (v3.43) and linked library (v3.41).
2020-04-06 16:53:46 INFO    GTBinnedAnalysis.run_gtapp(): 
2020-04-06 16:53:46 INFO    GTBinnedAnalysis.run_gtapp(): This is gtbin version HEAD
2020-04-06 16:53:46 INFO    GTBinnedAnalysis.run_gtapp(): Caught N3tip12TipExceptionE at the top level: Unable to open file named "/home/mpotto/Pesquisa/astroph/tutorials/fermipy/mkn421/ft1_00.fits" with read only access (CFITSIO ERROR 104: could not open the named file)
2020-04-06 16:53:46 INFO    GTBinnedAnalysis.run_gtapp(): Finished gtbin. Execution time: 0.19 s
2020-04-06 16:53:46 INFO    GTBinnedAnalysis.run_gtapp(): Running gtexpcube2.
2020-04-06 16:53:46 INFO    GTBinnedAnalysis.run_gtapp(): time -p gtexpcube2 infile=/home/mpotto/Pesquisa/astroph/tutorials/fermipy/mkn421/ltcube.fits cmap=none outfile=/home/mpotto/Pesquisa/astroph/tutorials/fermipy/mkn421/bexpmap_00.fits irfs="P8R2_SOURCE_V6" evtype=3 edisp_bins=-1 nxpix=360 nypix=180 binsz=1.0 coordsys="CEL" xref=0.0 yref=0.0 axisrot=0.0 proj="CAR" ebinalg="LOG" emin=100.0 emax=316227.76 enumbins=28 ebinfile="NONE" hpx_ordering_scheme="RING" hpx_order=6 bincalc="EDGE" ignorephi=no thmax=180.0 thmin=0.0 table="EXPOSURE" chatter=3 clobber=yes debug=no mode="ql"
2020-04-06 16:53:53 INFO    GTBinnedAnalysis.run_gtapp(): 
2020-04-06 16:53:53 INFO    GTBinnedAnalysis.run_gtapp(): WARNING: version mismatch between CFITSIO header (v3.43) and linked library (v3.41).
2020-04-06 16:53:53 INFO    GTBinnedAnalysis.run_gtapp(): 
2020-04-06 16:53:53 INFO    GTBinnedAnalysis.run_gtapp(): This is gtexpcube2 version HEAD
2020-04-06 16:53:53 INFO    GTBinnedAnalysis.run_gtapp(): Using evtype=3 (i.e., FRONT/BACK irfs)
2020-04-06 16:53:53 INFO    GTBinnedAnalysis.run_gtapp(): ResponseFunctions::load: IRF used: P8R2_SOURCE_V6
2020-04-06 16:53:53 INFO    GTBinnedAnalysis.run_gtapp(): event_types:  0  1
2020-04-06 16:53:53 INFO    GTBinnedAnalysis.run_gtapp(): Computing binned exposure map....................!
2020-04-06 16:53:53 INFO    GTBinnedAnalysis.run_gtapp(): Finished gtexpcube2. Execution time: 6.77 s
2020-04-06 16:53:53 INFO    GTBinnedAnalysis.run_gtapp(): Running gtexpcube2.
2020-04-06 16:53:53 INFO    GTBinnedAnalysis.run_gtapp(): time -p gtexpcube2 infile=/home/mpotto/Pesquisa/astroph/tutorials/fermipy/mkn421/ltcube.fits cmap=none outfile=/home/mpotto/Pesquisa/astroph/tutorials/fermipy/mkn421/bexpmap_roi_00.fits irfs="P8R2_SOURCE_V6" evtype=3 edisp_bins=0 nxpix=100 nypix=100 binsz=0.1 coordsys="CEL" xref=166.11869812 yref=38.2070007324 axisrot=0.0 proj="CAR" ebinalg="LOG" emin=100.0 emax=316227.76 enumbins=28 ebinfile="NONE" hpx_ordering_scheme="RING" hpx_order=6 bincalc="EDGE" ignorephi=no thmax=180.0 thmin=0.0 table="EXPOSURE" chatter=3 clobber=yes debug=no mode="ql"
2020-04-06 16:53:54 INFO    GTBinnedAnalysis.run_gtapp(): 
2020-04-06 16:53:54 INFO    GTBinnedAnalysis.run_gtapp(): WARNING: version mismatch between CFITSIO header (v3.43) and linked library (v3.41).
2020-04-06 16:53:54 INFO    GTBinnedAnalysis.run_gtapp(): 
2020-04-06 16:53:54 INFO    GTBinnedAnalysis.run_gtapp(): This is gtexpcube2 version HEAD
2020-04-06 16:53:54 INFO    GTBinnedAnalysis.run_gtapp(): Using evtype=3 (i.e., FRONT/BACK irfs)
2020-04-06 16:53:54 INFO    GTBinnedAnalysis.run_gtapp(): ResponseFunctions::load: IRF used: P8R2_SOURCE_V6
2020-04-06 16:53:54 INFO    GTBinnedAnalysis.run_gtapp(): event_types:  0  1
2020-04-06 16:53:54 INFO    GTBinnedAnalysis.run_gtapp(): Computing binned exposure map....................!
2020-04-06 16:53:54 INFO    GTBinnedAnalysis.run_gtapp(): Finished gtexpcube2. Execution time: 1.44 s
2020-04-06 16:53:54 INFO    GTBinnedAnalysis.run_gtapp(): Running gtsrcmaps.
2020-04-06 16:53:54 INFO    GTBinnedAnalysis.run_gtapp(): time -p gtsrcmaps scfile=ft2.fits sctable="SC_DATA" expcube=/home/mpotto/Pesquisa/astroph/tutorials/fermipy/mkn421/ltcube.fits cmap=/home/mpotto/Pesquisa/astroph/tutorials/fermipy/mkn421/ccube_00.fits srcmdl=/home/mpotto/Pesquisa/astroph/tutorials/fermipy/mkn421/srcmdl_00.xml bexpmap=/home/mpotto/Pesquisa/astroph/tutorials/fermipy/mkn421/bexpmap_00.fits wmap=none outfile=/home/mpotto/Pesquisa/astroph/tutorials/fermipy/mkn421/srcmap_00.fits irfs="P8R2_SOURCE_V6" evtype=3 convol=yes resample=yes rfactor=2 minbinsz=0.05 ptsrc=yes psfcorr=yes emapbnds=no edisp_bins=-1 copyall=no chatter=3 clobber=yes debug=no gui=no mode="ql"
2020-04-06 16:53:55 INFO    GTBinnedAnalysis.run_gtapp(): 
2020-04-06 16:53:55 INFO    GTBinnedAnalysis.run_gtapp(): WARNING: version mismatch between CFITSIO header (v3.43) and linked library (v3.41).
2020-04-06 16:53:55 INFO    GTBinnedAnalysis.run_gtapp(): 
2020-04-06 16:53:55 INFO    GTBinnedAnalysis.run_gtapp(): This is gtsrcmaps version HEAD
2020-04-06 16:53:55 INFO    GTBinnedAnalysis.run_gtapp(): Parameter cmap: file "/home/mpotto/Pesquisa/astroph/tutorials/fermipy/mkn421/ccube_00.fits" is not accessible in mode r.
2020-04-06 16:53:55 INFO    GTBinnedAnalysis.run_gtapp(): Caught N5hoops12ApeExceptionE at the top level: Exception while querying for file name parameter cmap for component gtsrcmaps; Ape exception code 43 (at /local/data/glitz1/gssctest/miniconda2/envs/build/conda-bld/fermitools_1580999712705/work/hoops/build/redhat6-x86_64-64bit-gcc48/src/hoops_ape.cxx: 565)
2020-04-06 16:53:55 INFO    GTBinnedAnalysis.run_gtapp(): Finished gtsrcmaps. Execution time: 0.23 s
2020-04-06 16:53:55 INFO    GTBinnedAnalysis.setup(): Finished setup for component 00
2020-04-06 16:53:55 INFO    GTBinnedAnalysis._create_binned_analysis(): Creating BinnedAnalysis for component 00.
2020-04-06 16:53:55 DEBUG   GTBinnedAnalysis._create_binned_analysis(): Creating BinnedObs
2020-04-06 16:53:55 DEBUG   GTBinnedAnalysis._create_binned_analysis(): {'irfs': 'P8R2_SOURCE_V6', 'expCube': '/home/mpotto/Pesquisa/astroph/tutorials/fermipy/mkn421/ltcube.fits', 'srcMaps': '/home/mpotto/Pesquisa/astroph/tutorials/fermipy/mkn421/srcmap_00.fits', 'binnedExpMap': '/home/mpotto/Pesquisa/astroph/tutorials/fermipy/mkn421/bexpmap_00.fits'}
